Running exercise04
Files already downloaded and verified
Files already downloaded and verified
Starting training at: 1716143640.6431
Train Epoch: 1 [0/50000 (0%)]	Loss: 2.301543
Train Epoch: 1 [25600/50000 (51%)]	Loss: 1.822001
Test Epoch: 1, Test set: Average loss: 1.5965, Accuracy: 3865/10000 (38.65%)

Train Epoch: 2 [0/50000 (0%)]	Loss: 1.642109
Train Epoch: 2 [25600/50000 (51%)]	Loss: 1.507334
Test Epoch: 2, Test set: Average loss: 1.3245, Accuracy: 5083/10000 (50.83%)

Train Epoch: 3 [0/50000 (0%)]	Loss: 1.319515
Train Epoch: 3 [25600/50000 (51%)]	Loss: 1.277338
Test Epoch: 3, Test set: Average loss: 1.1144, Accuracy: 5944/10000 (59.44%)

Train Epoch: 4 [0/50000 (0%)]	Loss: 1.246423
Train Epoch: 4 [25600/50000 (51%)]	Loss: 1.152696
Test Epoch: 4, Test set: Average loss: 1.0011, Accuracy: 6464/10000 (64.64%)

Train Epoch: 5 [0/50000 (0%)]	Loss: 0.762951
Train Epoch: 5 [25600/50000 (51%)]	Loss: 0.963190
Test Epoch: 5, Test set: Average loss: 0.9314, Accuracy: 6735/10000 (67.35%)

Train Epoch: 6 [0/50000 (0%)]	Loss: 0.960963
Train Epoch: 6 [25600/50000 (51%)]	Loss: 0.757834
Test Epoch: 6, Test set: Average loss: 0.8796, Accuracy: 6998/10000 (69.98%)

Train Epoch: 7 [0/50000 (0%)]	Loss: 0.586446
Train Epoch: 7 [25600/50000 (51%)]	Loss: 0.862492
Test Epoch: 7, Test set: Average loss: 0.8392, Accuracy: 7159/10000 (71.59%)

Train Epoch: 8 [0/50000 (0%)]	Loss: 0.588363
Train Epoch: 8 [25600/50000 (51%)]	Loss: 0.411463
Test Epoch: 8, Test set: Average loss: 0.8670, Accuracy: 7185/10000 (71.85%)

Train Epoch: 9 [0/50000 (0%)]	Loss: 0.485790
Train Epoch: 9 [25600/50000 (51%)]	Loss: 0.495163
Test Epoch: 9, Test set: Average loss: 0.8357, Accuracy: 7379/10000 (73.79%)

Train Epoch: 10 [0/50000 (0%)]	Loss: 0.419975
Train Epoch: 10 [25600/50000 (51%)]	Loss: 0.442436
Test Epoch: 10, Test set: Average loss: 0.9067, Accuracy: 7302/10000 (73.02%)

Train Epoch: 11 [0/50000 (0%)]	Loss: 0.368260
Train Epoch: 11 [25600/50000 (51%)]	Loss: 0.229437
Test Epoch: 11, Test set: Average loss: 0.9551, Accuracy: 7380/10000 (73.80%)

Train Epoch: 12 [0/50000 (0%)]	Loss: 0.249626
Train Epoch: 12 [25600/50000 (51%)]	Loss: 0.287673
Test Epoch: 12, Test set: Average loss: 0.9833, Accuracy: 7457/10000 (74.57%)

Train Epoch: 13 [0/50000 (0%)]	Loss: 0.167038
Train Epoch: 13 [25600/50000 (51%)]	Loss: 0.164464
Test Epoch: 13, Test set: Average loss: 1.1122, Accuracy: 7422/10000 (74.22%)

Train Epoch: 14 [0/50000 (0%)]	Loss: 0.087499
Train Epoch: 14 [25600/50000 (51%)]	Loss: 0.126772
Test Epoch: 14, Test set: Average loss: 1.1012, Accuracy: 7424/10000 (74.24%)

Train Epoch: 15 [0/50000 (0%)]	Loss: 0.092406
Train Epoch: 15 [25600/50000 (51%)]	Loss: 0.117376
Test Epoch: 15, Test set: Average loss: 1.1698, Accuracy: 7501/10000 (75.01%)

Train Epoch: 16 [0/50000 (0%)]	Loss: 0.067359
Train Epoch: 16 [25600/50000 (51%)]	Loss: 0.066062
Test Epoch: 16, Test set: Average loss: 1.2700, Accuracy: 7428/10000 (74.28%)

Train Epoch: 17 [0/50000 (0%)]	Loss: 0.054221
Train Epoch: 17 [25600/50000 (51%)]	Loss: 0.080798
Test Epoch: 17, Test set: Average loss: 1.2730, Accuracy: 7519/10000 (75.19%)

Train Epoch: 18 [0/50000 (0%)]	Loss: 0.023877
Train Epoch: 18 [25600/50000 (51%)]	Loss: 0.047229
Test Epoch: 18, Test set: Average loss: 1.3551, Accuracy: 7462/10000 (74.62%)

Train Epoch: 19 [0/50000 (0%)]	Loss: 0.138342
Train Epoch: 19 [25600/50000 (51%)]	Loss: 0.056925
Test Epoch: 19, Test set: Average loss: 1.3160, Accuracy: 7531/10000 (75.31%)

Train Epoch: 20 [0/50000 (0%)]	Loss: 0.014234
Train Epoch: 20 [25600/50000 (51%)]	Loss: 0.028649
Test Epoch: 20, Test set: Average loss: 1.2974, Accuracy: 7554/10000 (75.54%)

Train Epoch: 21 [0/50000 (0%)]	Loss: 0.045228
Train Epoch: 21 [25600/50000 (51%)]	Loss: 0.103045
Test Epoch: 21, Test set: Average loss: 1.3269, Accuracy: 7476/10000 (74.76%)

Train Epoch: 22 [0/50000 (0%)]	Loss: 0.075524
Train Epoch: 22 [25600/50000 (51%)]	Loss: 0.104013
Test Epoch: 22, Test set: Average loss: 1.3125, Accuracy: 7485/10000 (74.85%)

Train Epoch: 23 [0/50000 (0%)]	Loss: 0.020298
Train Epoch: 23 [25600/50000 (51%)]	Loss: 0.028475
Test Epoch: 23, Test set: Average loss: 1.3166, Accuracy: 7566/10000 (75.66%)

Train Epoch: 24 [0/50000 (0%)]	Loss: 0.021364
Train Epoch: 24 [25600/50000 (51%)]	Loss: 0.052832
Test Epoch: 24, Test set: Average loss: 1.3990, Accuracy: 7520/10000 (75.20%)

Train Epoch: 25 [0/50000 (0%)]	Loss: 0.012353
Train Epoch: 25 [25600/50000 (51%)]	Loss: 0.016697
Test Epoch: 25, Test set: Average loss: 1.3491, Accuracy: 7534/10000 (75.34%)

Train Epoch: 26 [0/50000 (0%)]	Loss: 0.029110
Train Epoch: 26 [25600/50000 (51%)]	Loss: 0.144885
Test Epoch: 26, Test set: Average loss: 1.4341, Accuracy: 7505/10000 (75.05%)

Train Epoch: 27 [0/50000 (0%)]	Loss: 0.014833
Train Epoch: 27 [25600/50000 (51%)]	Loss: 0.022084
Test Epoch: 27, Test set: Average loss: 1.3879, Accuracy: 7523/10000 (75.23%)

Train Epoch: 28 [0/50000 (0%)]	Loss: 0.021516
Train Epoch: 28 [25600/50000 (51%)]	Loss: 0.062054
Test Epoch: 28, Test set: Average loss: 1.4481, Accuracy: 7525/10000 (75.25%)

Train Epoch: 29 [0/50000 (0%)]	Loss: 0.049059
Train Epoch: 29 [25600/50000 (51%)]	Loss: 0.006468
Test Epoch: 29, Test set: Average loss: 1.4037, Accuracy: 7534/10000 (75.34%)

Train Epoch: 30 [0/50000 (0%)]	Loss: 0.003852
Train Epoch: 30 [25600/50000 (51%)]	Loss: 0.037577
Test Epoch: 30, Test set: Average loss: 1.3319, Accuracy: 7582/10000 (75.82%)

Traceback (most recent call last):
  File "/csghome/eml06/hpcexercise/eml06/Ex04/exercise4_1.py", line 167, in <module>
    main()
  File "/csghome/eml06/hpcexercise/eml06/Ex04/exercise4_1.py", line 157, in main
    results = pd.DataFrame({
  File "/opt/csg/anaconda/envs/eml/lib/python3.10/site-packages/pandas/core/frame.py", line 767, in __init__
    mgr = dict_to_mgr(data, index, columns, dtype=dtype, copy=copy, typ=manager)
  File "/opt/csg/anaconda/envs/eml/lib/python3.10/site-packages/pandas/core/internals/construction.py", line 503, in dict_to_mgr
    return arrays_to_mgr(arrays, columns, index, dtype=dtype, typ=typ, consolidate=copy)
  File "/opt/csg/anaconda/envs/eml/lib/python3.10/site-packages/pandas/core/internals/construction.py", line 114, in arrays_to_mgr
    index = _extract_index(arrays)
  File "/opt/csg/anaconda/envs/eml/lib/python3.10/site-packages/pandas/core/internals/construction.py", line 677, in _extract_index
    raise ValueError("All arrays must be of the same length")
ValueError: All arrays must be of the same length
Running plot04
Traceback (most recent call last):
  File "/csghome/eml06/hpcexercise/eml06/Ex04/plot4_1.py", line 40, in <module>
    plot_results('training_results.csv')
  File "/csghome/eml06/hpcexercise/eml06/Ex04/plot4_1.py", line 6, in plot_results
    data = pd.read_csv(csv_file)
  File "/opt/csg/anaconda/envs/eml/lib/python3.10/site-packages/pandas/io/parsers/readers.py", line 1026, in read_csv
    return _read(filepath_or_buffer, kwds)
  File "/opt/csg/anaconda/envs/eml/lib/python3.10/site-packages/pandas/io/parsers/readers.py", line 620, in _read
    parser = TextFileReader(filepath_or_buffer, **kwds)
  File "/opt/csg/anaconda/envs/eml/lib/python3.10/site-packages/pandas/io/parsers/readers.py", line 1620, in __init__
    self._engine = self._make_engine(f, self.engine)
  File "/opt/csg/anaconda/envs/eml/lib/python3.10/site-packages/pandas/io/parsers/readers.py", line 1880, in _make_engine
    self.handles = get_handle(
  File "/opt/csg/anaconda/envs/eml/lib/python3.10/site-packages/pandas/io/common.py", line 873, in get_handle
    handle = open(
FileNotFoundError: [Errno 2] No such file or directory: 'training_results.csv'
