Running exercise04
Files already downloaded and verified
Train Epoch: 1 [0/50000 (0%)]	Loss: 2.301833
Train Epoch: 1 [1280/50000 (3%)]	Loss: 3.909944
Train Epoch: 1 [2560/50000 (5%)]	Loss: 7.211531
Train Epoch: 1 [3840/50000 (8%)]	Loss: 5.155484
Train Epoch: 1 [5120/50000 (10%)]	Loss: 2.312422
Train Epoch: 1 [6400/50000 (13%)]	Loss: 2.316761
Train Epoch: 1 [7680/50000 (15%)]	Loss: 2.298639
Train Epoch: 1 [8960/50000 (18%)]	Loss: 2.425434
Train Epoch: 1 [10240/50000 (20%)]	Loss: 2.315594
Train Epoch: 1 [11520/50000 (23%)]	Loss: 2.307143
Train Epoch: 1 [12800/50000 (26%)]	Loss: 2.295249
Train Epoch: 1 [14080/50000 (28%)]	Loss: 2.304946
Train Epoch: 1 [15360/50000 (31%)]	Loss: 2.300009
Train Epoch: 1 [16640/50000 (33%)]	Loss: 2.303314
Train Epoch: 1 [17920/50000 (36%)]	Loss: 2.305830
Train Epoch: 1 [19200/50000 (38%)]	Loss: 2.299928
Train Epoch: 1 [20480/50000 (41%)]	Loss: 2.300970
Train Epoch: 1 [21760/50000 (43%)]	Loss: 2.302495
Train Epoch: 1 [23040/50000 (46%)]	Loss: 2.300282
Train Epoch: 1 [24320/50000 (49%)]	Loss: 2.300586
Train Epoch: 1 [25600/50000 (51%)]	Loss: 2.304723
Train Epoch: 1 [26880/50000 (54%)]	Loss: 2.304433
Train Epoch: 1 [28160/50000 (56%)]	Loss: 2.302266
Train Epoch: 1 [29440/50000 (59%)]	Loss: 2.303504
Train Epoch: 1 [30720/50000 (61%)]	Loss: 2.304099
Train Epoch: 1 [32000/50000 (64%)]	Loss: 2.303161
Train Epoch: 1 [33280/50000 (66%)]	Loss: 2.308061
Train Epoch: 1 [34560/50000 (69%)]	Loss: 2.305737
Train Epoch: 1 [35840/50000 (72%)]	Loss: 2.303770
Train Epoch: 1 [37120/50000 (74%)]	Loss: 2.300893
Train Epoch: 1 [38400/50000 (77%)]	Loss: 2.305529
Train Epoch: 1 [39680/50000 (79%)]	Loss: 2.301476
Train Epoch: 1 [40960/50000 (82%)]	Loss: 2.305417
Train Epoch: 1 [42240/50000 (84%)]	Loss: 2.304999
Train Epoch: 1 [43520/50000 (87%)]	Loss: 2.306788
Train Epoch: 1 [44800/50000 (90%)]	Loss: 2.305530
Train Epoch: 1 [46080/50000 (92%)]	Loss: 2.302846
Train Epoch: 1 [47360/50000 (95%)]	Loss: 2.300819
Train Epoch: 1 [48640/50000 (97%)]	Loss: 2.301643
Train Epoch: 1 [31200/50000 (100%)]	Loss: 2.304783
Test Epoch: 1, Average loss: 2.3030, Accuracy: 1000/10000 (10.0000%)
Train Epoch: 2 [0/50000 (0%)]	Loss: 2.306946
Train Epoch: 2 [1280/50000 (3%)]	Loss: 2.303105
Train Epoch: 2 [2560/50000 (5%)]	Loss: 2.303003
Train Epoch: 2 [3840/50000 (8%)]	Loss: 2.296159
Train Epoch: 2 [5120/50000 (10%)]	Loss: 2.303442
Train Epoch: 2 [6400/50000 (13%)]	Loss: 2.301306
Train Epoch: 2 [7680/50000 (15%)]	Loss: 2.302485
Train Epoch: 2 [8960/50000 (18%)]	Loss: 2.304559
Train Epoch: 2 [10240/50000 (20%)]	Loss: 2.305488
Train Epoch: 2 [11520/50000 (23%)]	Loss: 2.298980
Train Epoch: 2 [12800/50000 (26%)]	Loss: 2.304750
Train Epoch: 2 [14080/50000 (28%)]	Loss: 2.300419
Train Epoch: 2 [15360/50000 (31%)]	Loss: 2.306722
Train Epoch: 2 [16640/50000 (33%)]	Loss: 2.308588
Train Epoch: 2 [17920/50000 (36%)]	Loss: 2.303926
Train Epoch: 2 [19200/50000 (38%)]	Loss: 2.309441
Train Epoch: 2 [20480/50000 (41%)]	Loss: 2.305922
Train Epoch: 2 [21760/50000 (43%)]	Loss: 2.303116
Train Epoch: 2 [23040/50000 (46%)]	Loss: 2.305034
Train Epoch: 2 [24320/50000 (49%)]	Loss: 2.302212
Train Epoch: 2 [25600/50000 (51%)]	Loss: 2.304557
Train Epoch: 2 [26880/50000 (54%)]	Loss: 2.300285
Train Epoch: 2 [28160/50000 (56%)]	Loss: 2.301653
Train Epoch: 2 [29440/50000 (59%)]	Loss: 2.298000
Train Epoch: 2 [30720/50000 (61%)]	Loss: 2.304918
Train Epoch: 2 [32000/50000 (64%)]	Loss: 2.300764
Train Epoch: 2 [33280/50000 (66%)]	Loss: 2.303594
Train Epoch: 2 [34560/50000 (69%)]	Loss: 2.302149
Train Epoch: 2 [35840/50000 (72%)]	Loss: 2.305362
Train Epoch: 2 [37120/50000 (74%)]	Loss: 2.304068
Train Epoch: 2 [38400/50000 (77%)]	Loss: 2.302001
Train Epoch: 2 [39680/50000 (79%)]	Loss: 2.301727
Train Epoch: 2 [40960/50000 (82%)]	Loss: 2.301922
Train Epoch: 2 [42240/50000 (84%)]	Loss: 2.301824
Train Epoch: 2 [43520/50000 (87%)]	Loss: 2.304531
Train Epoch: 2 [44800/50000 (90%)]	Loss: 2.306350
Train Epoch: 2 [46080/50000 (92%)]	Loss: 2.305455
Train Epoch: 2 [47360/50000 (95%)]	Loss: 2.302743
Train Epoch: 2 [48640/50000 (97%)]	Loss: 2.305635
Train Epoch: 2 [31200/50000 (100%)]	Loss: 2.301250
Test Epoch: 2, Average loss: 2.3028, Accuracy: 1000/10000 (10.0000%)
Train Epoch: 3 [0/50000 (0%)]	Loss: 2.300363
Train Epoch: 3 [1280/50000 (3%)]	Loss: 2.302934
Train Epoch: 3 [2560/50000 (5%)]	Loss: 2.302446
Train Epoch: 3 [3840/50000 (8%)]	Loss: 2.304057
Train Epoch: 3 [5120/50000 (10%)]	Loss: 2.303059
Train Epoch: 3 [6400/50000 (13%)]	Loss: 2.302920
Train Epoch: 3 [7680/50000 (15%)]	Loss: 2.303033
Train Epoch: 3 [8960/50000 (18%)]	Loss: 2.301469
Train Epoch: 3 [10240/50000 (20%)]	Loss: 2.300776
Train Epoch: 3 [11520/50000 (23%)]	Loss: 2.305138
Train Epoch: 3 [12800/50000 (26%)]	Loss: 2.303225
Train Epoch: 3 [14080/50000 (28%)]	Loss: 2.303385
Train Epoch: 3 [15360/50000 (31%)]	Loss: 2.302467
Train Epoch: 3 [16640/50000 (33%)]	Loss: 2.303226
Train Epoch: 3 [17920/50000 (36%)]	Loss: 2.301733
Train Epoch: 3 [19200/50000 (38%)]	Loss: 2.302414
Train Epoch: 3 [20480/50000 (41%)]	Loss: 2.301696
Train Epoch: 3 [21760/50000 (43%)]	Loss: 2.303888
Train Epoch: 3 [23040/50000 (46%)]	Loss: 2.301568
Train Epoch: 3 [24320/50000 (49%)]	Loss: 2.301214
Train Epoch: 3 [25600/50000 (51%)]	Loss: 2.301528
Train Epoch: 3 [26880/50000 (54%)]	Loss: 2.302635
Train Epoch: 3 [28160/50000 (56%)]	Loss: 2.302996
Train Epoch: 3 [29440/50000 (59%)]	Loss: 2.303548
Train Epoch: 3 [30720/50000 (61%)]	Loss: 2.301328
Train Epoch: 3 [32000/50000 (64%)]	Loss: 2.302531
Train Epoch: 3 [33280/50000 (66%)]	Loss: 2.301841
Train Epoch: 3 [34560/50000 (69%)]	Loss: 2.300588
Train Epoch: 3 [35840/50000 (72%)]	Loss: 2.301954
Train Epoch: 3 [37120/50000 (74%)]	Loss: 2.301831
Train Epoch: 3 [38400/50000 (77%)]	Loss: 2.302814
Train Epoch: 3 [39680/50000 (79%)]	Loss: 2.302856
Train Epoch: 3 [40960/50000 (82%)]	Loss: 2.301500
Train Epoch: 3 [42240/50000 (84%)]	Loss: 2.305042
Train Epoch: 3 [43520/50000 (87%)]	Loss: 2.303091
Train Epoch: 3 [44800/50000 (90%)]	Loss: 2.302313
Train Epoch: 3 [46080/50000 (92%)]	Loss: 2.302728
Train Epoch: 3 [47360/50000 (95%)]	Loss: 2.303962
Train Epoch: 3 [48640/50000 (97%)]	Loss: 2.302049
Train Epoch: 3 [31200/50000 (100%)]	Loss: 2.300890
Test Epoch: 3, Average loss: 2.3029, Accuracy: 1000/10000 (10.0000%)
Train Epoch: 4 [0/50000 (0%)]	Loss: 2.301442
Train Epoch: 4 [1280/50000 (3%)]	Loss: 2.308715
Train Epoch: 4 [2560/50000 (5%)]	Loss: 2.304670
Train Epoch: 4 [3840/50000 (8%)]	Loss: 2.301068
Train Epoch: 4 [5120/50000 (10%)]	Loss: 2.304266
Train Epoch: 4 [6400/50000 (13%)]	Loss: 2.302317
Train Epoch: 4 [7680/50000 (15%)]	Loss: 2.304083
Train Epoch: 4 [8960/50000 (18%)]	Loss: 2.304308
Train Epoch: 4 [10240/50000 (20%)]	Loss: 2.301505
Train Epoch: 4 [11520/50000 (23%)]	Loss: 2.300971
Train Epoch: 4 [12800/50000 (26%)]	Loss: 2.304274
Train Epoch: 4 [14080/50000 (28%)]	Loss: 2.304485
Train Epoch: 4 [15360/50000 (31%)]	Loss: 2.302408
Train Epoch: 4 [16640/50000 (33%)]	Loss: 2.305871
Train Epoch: 4 [17920/50000 (36%)]	Loss: 2.304540
Train Epoch: 4 [19200/50000 (38%)]	Loss: 2.304242
Train Epoch: 4 [20480/50000 (41%)]	Loss: 2.302745
Train Epoch: 4 [21760/50000 (43%)]	Loss: 2.300693
Train Epoch: 4 [23040/50000 (46%)]	Loss: 2.300049
Train Epoch: 4 [24320/50000 (49%)]	Loss: 2.302774
Train Epoch: 4 [25600/50000 (51%)]	Loss: 2.302080
Train Epoch: 4 [26880/50000 (54%)]	Loss: 2.304059
Train Epoch: 4 [28160/50000 (56%)]	Loss: 2.303183
Train Epoch: 4 [29440/50000 (59%)]	Loss: 2.297309
Train Epoch: 4 [30720/50000 (61%)]	Loss: 2.303014
Train Epoch: 4 [32000/50000 (64%)]	Loss: 2.305208
Train Epoch: 4 [33280/50000 (66%)]	Loss: 2.302849
Train Epoch: 4 [34560/50000 (69%)]	Loss: 2.303040
Train Epoch: 4 [35840/50000 (72%)]	Loss: 2.304290
Train Epoch: 4 [37120/50000 (74%)]	Loss: 2.299331
Train Epoch: 4 [38400/50000 (77%)]	Loss: 2.300568
Train Epoch: 4 [39680/50000 (79%)]	Loss: 2.303025
Train Epoch: 4 [40960/50000 (82%)]	Loss: 2.305161
Train Epoch: 4 [42240/50000 (84%)]	Loss: 2.305359
Train Epoch: 4 [43520/50000 (87%)]	Loss: 2.302414
Train Epoch: 4 [44800/50000 (90%)]	Loss: 2.298990
Train Epoch: 4 [46080/50000 (92%)]	Loss: 2.300874
Train Epoch: 4 [47360/50000 (95%)]	Loss: 2.306000
Train Epoch: 4 [48640/50000 (97%)]	Loss: 2.301375
Train Epoch: 4 [31200/50000 (100%)]	Loss: 2.301411
Test Epoch: 4, Average loss: 2.3029, Accuracy: 1000/10000 (10.0000%)
Train Epoch: 5 [0/50000 (0%)]	Loss: 2.306154
Train Epoch: 5 [1280/50000 (3%)]	Loss: 2.301558
Train Epoch: 5 [2560/50000 (5%)]	Loss: 2.306310
Train Epoch: 5 [3840/50000 (8%)]	Loss: 2.300665
Train Epoch: 5 [5120/50000 (10%)]	Loss: 2.300836
Train Epoch: 5 [6400/50000 (13%)]	Loss: 2.304587
Train Epoch: 5 [7680/50000 (15%)]	Loss: 2.300649
Train Epoch: 5 [8960/50000 (18%)]	Loss: 2.301535
Train Epoch: 5 [10240/50000 (20%)]	Loss: 2.301726
Train Epoch: 5 [11520/50000 (23%)]	Loss: 2.304176
Train Epoch: 5 [12800/50000 (26%)]	Loss: 2.301185
Train Epoch: 5 [14080/50000 (28%)]	Loss: 2.300285
Train Epoch: 5 [15360/50000 (31%)]	Loss: 2.304599
Train Epoch: 5 [16640/50000 (33%)]	Loss: 2.305376
Train Epoch: 5 [17920/50000 (36%)]	Loss: 2.304820
Train Epoch: 5 [19200/50000 (38%)]	Loss: 2.307933
Train Epoch: 5 [20480/50000 (41%)]	Loss: 2.301414
Train Epoch: 5 [21760/50000 (43%)]	Loss: 2.305173
Train Epoch: 5 [23040/50000 (46%)]	Loss: 2.302937
Train Epoch: 5 [24320/50000 (49%)]	Loss: 2.302984
Train Epoch: 5 [25600/50000 (51%)]	Loss: 2.301808
Train Epoch: 5 [26880/50000 (54%)]	Loss: 2.302784
Train Epoch: 5 [28160/50000 (56%)]	Loss: 2.302972
Train Epoch: 5 [29440/50000 (59%)]	Loss: 2.308519
Train Epoch: 5 [30720/50000 (61%)]	Loss: 2.302972
Train Epoch: 5 [32000/50000 (64%)]	Loss: 2.304106
Train Epoch: 5 [33280/50000 (66%)]	Loss: 2.298130
Train Epoch: 5 [34560/50000 (69%)]	Loss: 2.298058
Train Epoch: 5 [35840/50000 (72%)]	Loss: 2.303247
Train Epoch: 5 [37120/50000 (74%)]	Loss: 2.305613
Train Epoch: 5 [38400/50000 (77%)]	Loss: 2.309233
Train Epoch: 5 [39680/50000 (79%)]	Loss: 2.301174
Train Epoch: 5 [40960/50000 (82%)]	Loss: 2.302717
Train Epoch: 5 [42240/50000 (84%)]	Loss: 2.303533
Train Epoch: 5 [43520/50000 (87%)]	Loss: 2.303167
Train Epoch: 5 [44800/50000 (90%)]	Loss: 2.299649
Train Epoch: 5 [46080/50000 (92%)]	Loss: 2.305619
Train Epoch: 5 [47360/50000 (95%)]	Loss: 2.299378
Train Epoch: 5 [48640/50000 (97%)]	Loss: 2.307049
Train Epoch: 5 [31200/50000 (100%)]	Loss: 2.306656
Test Epoch: 5, Average loss: 2.3040, Accuracy: 1000/10000 (10.0000%)
Train Epoch: 6 [0/50000 (0%)]	Loss: 2.299718
Train Epoch: 6 [1280/50000 (3%)]	Loss: 2.308325
Train Epoch: 6 [2560/50000 (5%)]	Loss: 2.302753
Train Epoch: 6 [3840/50000 (8%)]	Loss: 2.308423
Train Epoch: 6 [5120/50000 (10%)]	Loss: 2.302111
Train Epoch: 6 [6400/50000 (13%)]	Loss: 2.302150
Train Epoch: 6 [7680/50000 (15%)]	Loss: 2.300826
Train Epoch: 6 [8960/50000 (18%)]	Loss: 2.302048
Train Epoch: 6 [10240/50000 (20%)]	Loss: 2.303979
Train Epoch: 6 [11520/50000 (23%)]	Loss: 2.292961
Train Epoch: 6 [12800/50000 (26%)]	Loss: 2.297721
Train Epoch: 6 [14080/50000 (28%)]	Loss: 2.301782
Train Epoch: 6 [15360/50000 (31%)]	Loss: 2.305339
Train Epoch: 6 [16640/50000 (33%)]	Loss: 2.301145
Train Epoch: 6 [17920/50000 (36%)]	Loss: 2.302524
Train Epoch: 6 [19200/50000 (38%)]	Loss: 2.299044
Train Epoch: 6 [20480/50000 (41%)]	Loss: 2.303012
Train Epoch: 6 [21760/50000 (43%)]	Loss: 2.302324
Train Epoch: 6 [23040/50000 (46%)]	Loss: 2.304720
Train Epoch: 6 [24320/50000 (49%)]	Loss: 2.304302
Train Epoch: 6 [25600/50000 (51%)]	Loss: 2.302587
Train Epoch: 6 [26880/50000 (54%)]	Loss: 2.305079
Train Epoch: 6 [28160/50000 (56%)]	Loss: 2.306184
Train Epoch: 6 [29440/50000 (59%)]	Loss: 2.302876
Train Epoch: 6 [30720/50000 (61%)]	Loss: 2.303098
Train Epoch: 6 [32000/50000 (64%)]	Loss: 2.300035
Train Epoch: 6 [33280/50000 (66%)]	Loss: 2.305267
Train Epoch: 6 [34560/50000 (69%)]	Loss: 2.302354
Train Epoch: 6 [35840/50000 (72%)]	Loss: 2.301082
Train Epoch: 6 [37120/50000 (74%)]	Loss: 2.299273
Train Epoch: 6 [38400/50000 (77%)]	Loss: 2.299586
Train Epoch: 6 [39680/50000 (79%)]	Loss: 2.302437
Train Epoch: 6 [40960/50000 (82%)]	Loss: 2.301615
Train Epoch: 6 [42240/50000 (84%)]	Loss: 2.303724
Train Epoch: 6 [43520/50000 (87%)]	Loss: 2.303897
Train Epoch: 6 [44800/50000 (90%)]	Loss: 2.303153
Train Epoch: 6 [46080/50000 (92%)]	Loss: 2.304352
Train Epoch: 6 [47360/50000 (95%)]	Loss: 2.304029
Train Epoch: 6 [48640/50000 (97%)]	Loss: 2.300392
Train Epoch: 6 [31200/50000 (100%)]	Loss: 2.302956
Test Epoch: 6, Average loss: 2.3030, Accuracy: 1000/10000 (10.0000%)
Train Epoch: 7 [0/50000 (0%)]	Loss: 2.304542
Train Epoch: 7 [1280/50000 (3%)]	Loss: 2.300167
Train Epoch: 7 [2560/50000 (5%)]	Loss: 2.306131
Train Epoch: 7 [3840/50000 (8%)]	Loss: 2.299995
Train Epoch: 7 [5120/50000 (10%)]	Loss: 2.304914
Train Epoch: 7 [6400/50000 (13%)]	Loss: 2.303313
Train Epoch: 7 [7680/50000 (15%)]	Loss: 2.304664
Train Epoch: 7 [8960/50000 (18%)]	Loss: 2.305886
Train Epoch: 7 [10240/50000 (20%)]	Loss: 2.301156
Train Epoch: 7 [11520/50000 (23%)]	Loss: 2.301119
Train Epoch: 7 [12800/50000 (26%)]	Loss: 2.302139
Train Epoch: 7 [14080/50000 (28%)]	Loss: 2.305315
Train Epoch: 7 [15360/50000 (31%)]	Loss: 2.304634
Train Epoch: 7 [16640/50000 (33%)]	Loss: 2.300608
Train Epoch: 7 [17920/50000 (36%)]	Loss: 2.301673
Train Epoch: 7 [19200/50000 (38%)]	Loss: 2.302906
Train Epoch: 7 [20480/50000 (41%)]	Loss: 2.307562
Train Epoch: 7 [21760/50000 (43%)]	Loss: 2.301935
Train Epoch: 7 [23040/50000 (46%)]	Loss: 2.310619
Train Epoch: 7 [24320/50000 (49%)]	Loss: 2.306947
Train Epoch: 7 [25600/50000 (51%)]	Loss: 2.302640
Train Epoch: 7 [26880/50000 (54%)]	Loss: 2.300667
Train Epoch: 7 [28160/50000 (56%)]	Loss: 2.304628
Train Epoch: 7 [29440/50000 (59%)]	Loss: 2.305333
Train Epoch: 7 [30720/50000 (61%)]	Loss: 2.308213
Train Epoch: 7 [32000/50000 (64%)]	Loss: 2.304494
Train Epoch: 7 [33280/50000 (66%)]	Loss: 2.304318
Train Epoch: 7 [34560/50000 (69%)]	Loss: 2.303036
Train Epoch: 7 [35840/50000 (72%)]	Loss: 2.305564
Train Epoch: 7 [37120/50000 (74%)]	Loss: 2.303204
Train Epoch: 7 [38400/50000 (77%)]	Loss: 2.302580
Train Epoch: 7 [39680/50000 (79%)]	Loss: 2.304733
Train Epoch: 7 [40960/50000 (82%)]	Loss: 2.303682
Train Epoch: 7 [42240/50000 (84%)]	Loss: 2.300181
Train Epoch: 7 [43520/50000 (87%)]	Loss: 2.299273
Train Epoch: 7 [44800/50000 (90%)]	Loss: 2.304015
Train Epoch: 7 [46080/50000 (92%)]	Loss: 2.305351
Train Epoch: 7 [47360/50000 (95%)]	Loss: 2.299484
Train Epoch: 7 [48640/50000 (97%)]	Loss: 2.306014
Train Epoch: 7 [31200/50000 (100%)]	Loss: 2.302495
Test Epoch: 7, Average loss: 2.3034, Accuracy: 1000/10000 (10.0000%)
Train Epoch: 8 [0/50000 (0%)]	Loss: 2.305942
Train Epoch: 8 [1280/50000 (3%)]	Loss: 2.298852
Train Epoch: 8 [2560/50000 (5%)]	Loss: 2.308112
Train Epoch: 8 [3840/50000 (8%)]	Loss: 2.301539
Train Epoch: 8 [5120/50000 (10%)]	Loss: 2.302978
Train Epoch: 8 [6400/50000 (13%)]	Loss: 2.303792
Train Epoch: 8 [7680/50000 (15%)]	Loss: 2.298189
Train Epoch: 8 [8960/50000 (18%)]	Loss: 2.304194
Train Epoch: 8 [10240/50000 (20%)]	Loss: 2.304228
Train Epoch: 8 [11520/50000 (23%)]	Loss: 2.303730
Train Epoch: 8 [12800/50000 (26%)]	Loss: 2.307739
Train Epoch: 8 [14080/50000 (28%)]	Loss: 2.302152
Train Epoch: 8 [15360/50000 (31%)]	Loss: 2.303963
Train Epoch: 8 [16640/50000 (33%)]	Loss: 2.304448
Train Epoch: 8 [17920/50000 (36%)]	Loss: 2.304710
Train Epoch: 8 [19200/50000 (38%)]	Loss: 2.303032
Train Epoch: 8 [20480/50000 (41%)]	Loss: 2.310061
Train Epoch: 8 [21760/50000 (43%)]	Loss: 2.307332
Train Epoch: 8 [23040/50000 (46%)]	Loss: 2.303195
Train Epoch: 8 [24320/50000 (49%)]	Loss: 2.299918
Train Epoch: 8 [25600/50000 (51%)]	Loss: 2.301806
Train Epoch: 8 [26880/50000 (54%)]	Loss: 2.302055
Train Epoch: 8 [28160/50000 (56%)]	Loss: 2.306345
Train Epoch: 8 [29440/50000 (59%)]	Loss: 2.299678
Train Epoch: 8 [30720/50000 (61%)]	Loss: 2.300990
Train Epoch: 8 [32000/50000 (64%)]	Loss: 2.301739
Train Epoch: 8 [33280/50000 (66%)]	Loss: 2.307045
Train Epoch: 8 [34560/50000 (69%)]	Loss: 2.302104
Train Epoch: 8 [35840/50000 (72%)]	Loss: 2.303121
Train Epoch: 8 [37120/50000 (74%)]	Loss: 2.300644
Train Epoch: 8 [38400/50000 (77%)]	Loss: 2.298631
Train Epoch: 8 [39680/50000 (79%)]	Loss: 2.305044
Train Epoch: 8 [40960/50000 (82%)]	Loss: 2.301416
Train Epoch: 8 [42240/50000 (84%)]	Loss: 2.301587
Train Epoch: 8 [43520/50000 (87%)]	Loss: 2.301795
Train Epoch: 8 [44800/50000 (90%)]	Loss: 2.301892
Train Epoch: 8 [46080/50000 (92%)]	Loss: 2.297719
Train Epoch: 8 [47360/50000 (95%)]	Loss: 2.302326
Train Epoch: 8 [48640/50000 (97%)]	Loss: 2.307261
Train Epoch: 8 [31200/50000 (100%)]	Loss: 2.309011
Test Epoch: 8, Average loss: 2.3037, Accuracy: 1000/10000 (10.0000%)
Train Epoch: 9 [0/50000 (0%)]	Loss: 2.303149
Train Epoch: 9 [1280/50000 (3%)]	Loss: 2.304042
Train Epoch: 9 [2560/50000 (5%)]	Loss: 2.303207
Train Epoch: 9 [3840/50000 (8%)]	Loss: 2.301439
Train Epoch: 9 [5120/50000 (10%)]	Loss: 2.305226
Train Epoch: 9 [6400/50000 (13%)]	Loss: 2.303287
Train Epoch: 9 [7680/50000 (15%)]	Loss: 2.304452
Train Epoch: 9 [8960/50000 (18%)]	Loss: 2.302857
Train Epoch: 9 [10240/50000 (20%)]	Loss: 2.302452
Train Epoch: 9 [11520/50000 (23%)]	Loss: 2.304303
Train Epoch: 9 [12800/50000 (26%)]	Loss: 2.300846
Train Epoch: 9 [14080/50000 (28%)]	Loss: 2.309618
Train Epoch: 9 [15360/50000 (31%)]	Loss: 2.299606
Train Epoch: 9 [16640/50000 (33%)]	Loss: 2.304763
Train Epoch: 9 [17920/50000 (36%)]	Loss: 2.303410
Train Epoch: 9 [19200/50000 (38%)]	Loss: 2.304190
Train Epoch: 9 [20480/50000 (41%)]	Loss: 2.304341
Train Epoch: 9 [21760/50000 (43%)]	Loss: 2.299311
Train Epoch: 9 [23040/50000 (46%)]	Loss: 2.305396
Train Epoch: 9 [24320/50000 (49%)]	Loss: 2.300580
Train Epoch: 9 [25600/50000 (51%)]	Loss: 2.299936
Train Epoch: 9 [26880/50000 (54%)]	Loss: 2.303237
Train Epoch: 9 [28160/50000 (56%)]	Loss: 2.302296
Train Epoch: 9 [29440/50000 (59%)]	Loss: 2.299053
Train Epoch: 9 [30720/50000 (61%)]	Loss: 2.309449
Train Epoch: 9 [32000/50000 (64%)]	Loss: 2.306357
Train Epoch: 9 [33280/50000 (66%)]	Loss: 2.310251
Train Epoch: 9 [34560/50000 (69%)]	Loss: 2.300740
Train Epoch: 9 [35840/50000 (72%)]	Loss: 2.301146
Train Epoch: 9 [37120/50000 (74%)]	Loss: 2.304751
Train Epoch: 9 [38400/50000 (77%)]	Loss: 2.305747
Train Epoch: 9 [39680/50000 (79%)]	Loss: 2.299982
Train Epoch: 9 [40960/50000 (82%)]	Loss: 2.306122
Train Epoch: 9 [42240/50000 (84%)]	Loss: 2.306173
Train Epoch: 9 [43520/50000 (87%)]	Loss: 2.299677
Train Epoch: 9 [44800/50000 (90%)]	Loss: 2.302047
Train Epoch: 9 [46080/50000 (92%)]	Loss: 2.304816
Train Epoch: 9 [47360/50000 (95%)]	Loss: 2.305881
Train Epoch: 9 [48640/50000 (97%)]	Loss: 2.303603
Train Epoch: 9 [31200/50000 (100%)]	Loss: 2.305003
Test Epoch: 9, Average loss: 2.3033, Accuracy: 1000/10000 (10.0000%)
Train Epoch: 10 [0/50000 (0%)]	Loss: 2.306005
Train Epoch: 10 [1280/50000 (3%)]	Loss: 2.295012
Train Epoch: 10 [2560/50000 (5%)]	Loss: 2.297688
Train Epoch: 10 [3840/50000 (8%)]	Loss: 2.306219
Train Epoch: 10 [5120/50000 (10%)]	Loss: 2.304423
Train Epoch: 10 [6400/50000 (13%)]	Loss: 2.309413
Train Epoch: 10 [7680/50000 (15%)]	Loss: 2.301527
Train Epoch: 10 [8960/50000 (18%)]	Loss: 2.303111
Train Epoch: 10 [10240/50000 (20%)]	Loss: 2.301138
Train Epoch: 10 [11520/50000 (23%)]	Loss: 2.305581
Train Epoch: 10 [12800/50000 (26%)]	Loss: 2.300324
Train Epoch: 10 [14080/50000 (28%)]	Loss: 2.307002
Train Epoch: 10 [15360/50000 (31%)]	Loss: 2.305091
Train Epoch: 10 [16640/50000 (33%)]	Loss: 2.301023
Train Epoch: 10 [17920/50000 (36%)]	Loss: 2.302551
Train Epoch: 10 [19200/50000 (38%)]	Loss: 2.300776
Train Epoch: 10 [20480/50000 (41%)]	Loss: 2.301539
Train Epoch: 10 [21760/50000 (43%)]	Loss: 2.305370
Train Epoch: 10 [23040/50000 (46%)]	Loss: 2.303356
Train Epoch: 10 [24320/50000 (49%)]	Loss: 2.308167
Train Epoch: 10 [25600/50000 (51%)]	Loss: 2.307120
Train Epoch: 10 [26880/50000 (54%)]	Loss: 2.303509
Train Epoch: 10 [28160/50000 (56%)]	Loss: 2.302282
Train Epoch: 10 [29440/50000 (59%)]	Loss: 2.299292
Train Epoch: 10 [30720/50000 (61%)]	Loss: 2.304361
Train Epoch: 10 [32000/50000 (64%)]	Loss: 2.299935
Train Epoch: 10 [33280/50000 (66%)]	Loss: 2.303231
Train Epoch: 10 [34560/50000 (69%)]	Loss: 2.303267
Train Epoch: 10 [35840/50000 (72%)]	Loss: 2.304521
Train Epoch: 10 [37120/50000 (74%)]	Loss: 2.302212
Train Epoch: 10 [38400/50000 (77%)]	Loss: 2.302924
Train Epoch: 10 [39680/50000 (79%)]	Loss: 2.293157
Train Epoch: 10 [40960/50000 (82%)]	Loss: 2.300385
Train Epoch: 10 [42240/50000 (84%)]	Loss: 2.300608
Train Epoch: 10 [43520/50000 (87%)]	Loss: 2.305486
Train Epoch: 10 [44800/50000 (90%)]	Loss: 2.309194
Train Epoch: 10 [46080/50000 (92%)]	Loss: 2.304679
Train Epoch: 10 [47360/50000 (95%)]	Loss: 2.312126
Train Epoch: 10 [48640/50000 (97%)]	Loss: 2.304662
Train Epoch: 10 [31200/50000 (100%)]	Loss: 2.306957
Test Epoch: 10, Average loss: 2.3032, Accuracy: 1000/10000 (10.0000%)
Train Epoch: 11 [0/50000 (0%)]	Loss: 2.308310
Train Epoch: 11 [1280/50000 (3%)]	Loss: 2.305348
Train Epoch: 11 [2560/50000 (5%)]	Loss: 2.299970
Train Epoch: 11 [3840/50000 (8%)]	Loss: 2.305167
Train Epoch: 11 [5120/50000 (10%)]	Loss: 2.306336
Train Epoch: 11 [6400/50000 (13%)]	Loss: 2.308685
Train Epoch: 11 [7680/50000 (15%)]	Loss: 2.300689
Train Epoch: 11 [8960/50000 (18%)]	Loss: 2.300678
Train Epoch: 11 [10240/50000 (20%)]	Loss: 2.305166
Train Epoch: 11 [11520/50000 (23%)]	Loss: 2.305592
Train Epoch: 11 [12800/50000 (26%)]	Loss: 2.299544
Train Epoch: 11 [14080/50000 (28%)]	Loss: 2.297656
Train Epoch: 11 [15360/50000 (31%)]	Loss: 2.304527
Train Epoch: 11 [16640/50000 (33%)]	Loss: 2.301123
Train Epoch: 11 [17920/50000 (36%)]	Loss: 2.305224
Train Epoch: 11 [19200/50000 (38%)]	Loss: 2.303594
Train Epoch: 11 [20480/50000 (41%)]	Loss: 2.305689
Train Epoch: 11 [21760/50000 (43%)]	Loss: 2.304287
Train Epoch: 11 [23040/50000 (46%)]	Loss: 2.299385
Train Epoch: 11 [24320/50000 (49%)]	Loss: 2.308394
Train Epoch: 11 [25600/50000 (51%)]	Loss: 2.302611
Train Epoch: 11 [26880/50000 (54%)]	Loss: 2.302313
Train Epoch: 11 [28160/50000 (56%)]	Loss: 2.298839
Train Epoch: 11 [29440/50000 (59%)]	Loss: 2.308507
Train Epoch: 11 [30720/50000 (61%)]	Loss: 2.301432
Train Epoch: 11 [32000/50000 (64%)]	Loss: 2.307109
Train Epoch: 11 [33280/50000 (66%)]	Loss: 2.301434
Train Epoch: 11 [34560/50000 (69%)]	Loss: 2.306366
Train Epoch: 11 [35840/50000 (72%)]	Loss: 2.304171
Train Epoch: 11 [37120/50000 (74%)]	Loss: 2.307470
Train Epoch: 11 [38400/50000 (77%)]	Loss: 2.303638
Train Epoch: 11 [39680/50000 (79%)]	Loss: 2.297731
Train Epoch: 11 [40960/50000 (82%)]	Loss: 2.304197
Train Epoch: 11 [42240/50000 (84%)]	Loss: 2.303114
Train Epoch: 11 [43520/50000 (87%)]	Loss: 2.303986
Train Epoch: 11 [44800/50000 (90%)]	Loss: 2.300419
Train Epoch: 11 [46080/50000 (92%)]	Loss: 2.302598
Train Epoch: 11 [47360/50000 (95%)]	Loss: 2.300693
Train Epoch: 11 [48640/50000 (97%)]	Loss: 2.299622
Train Epoch: 11 [31200/50000 (100%)]	Loss: 2.303682
Test Epoch: 11, Average loss: 2.3030, Accuracy: 1000/10000 (10.0000%)
Train Epoch: 12 [0/50000 (0%)]	Loss: 2.305226
Train Epoch: 12 [1280/50000 (3%)]	Loss: 2.303057
Train Epoch: 12 [2560/50000 (5%)]	Loss: 2.303093
Train Epoch: 12 [3840/50000 (8%)]	Loss: 2.303322
Train Epoch: 12 [5120/50000 (10%)]	Loss: 2.302786
Train Epoch: 12 [6400/50000 (13%)]	Loss: 2.298651
Train Epoch: 12 [7680/50000 (15%)]	Loss: 2.305608
Train Epoch: 12 [8960/50000 (18%)]	Loss: 2.304833
Train Epoch: 12 [10240/50000 (20%)]	Loss: 2.305001
Train Epoch: 12 [11520/50000 (23%)]	Loss: 2.304202
Train Epoch: 12 [12800/50000 (26%)]	Loss: 2.302469
Train Epoch: 12 [14080/50000 (28%)]	Loss: 2.300179
Train Epoch: 12 [15360/50000 (31%)]	Loss: 2.298059
Train Epoch: 12 [16640/50000 (33%)]	Loss: 2.304203
Train Epoch: 12 [17920/50000 (36%)]	Loss: 2.301809
Train Epoch: 12 [19200/50000 (38%)]	Loss: 2.302241
Train Epoch: 12 [20480/50000 (41%)]	Loss: 2.299742
Train Epoch: 12 [21760/50000 (43%)]	Loss: 2.302196
Train Epoch: 12 [23040/50000 (46%)]	Loss: 2.301886
Train Epoch: 12 [24320/50000 (49%)]	Loss: 2.303249
Train Epoch: 12 [25600/50000 (51%)]	Loss: 2.302316
Train Epoch: 12 [26880/50000 (54%)]	Loss: 2.304018
Train Epoch: 12 [28160/50000 (56%)]	Loss: 2.303991
Train Epoch: 12 [29440/50000 (59%)]	Loss: 2.300439
Train Epoch: 12 [30720/50000 (61%)]	Loss: 2.302532
Train Epoch: 12 [32000/50000 (64%)]	Loss: 2.300912
Train Epoch: 12 [33280/50000 (66%)]	Loss: 2.300160
Train Epoch: 12 [34560/50000 (69%)]	Loss: 2.305809
Train Epoch: 12 [35840/50000 (72%)]	Loss: 2.303109
Train Epoch: 12 [37120/50000 (74%)]	Loss: 2.304986
Train Epoch: 12 [38400/50000 (77%)]	Loss: 2.303762
Train Epoch: 12 [39680/50000 (79%)]	Loss: 2.307588
Train Epoch: 12 [40960/50000 (82%)]	Loss: 2.302468
Train Epoch: 12 [42240/50000 (84%)]	Loss: 2.305012
Train Epoch: 12 [43520/50000 (87%)]	Loss: 2.301641
Train Epoch: 12 [44800/50000 (90%)]	Loss: 2.301838
Train Epoch: 12 [46080/50000 (92%)]	Loss: 2.297456
Train Epoch: 12 [47360/50000 (95%)]	Loss: 2.305196
Train Epoch: 12 [48640/50000 (97%)]	Loss: 2.309257
Train Epoch: 12 [31200/50000 (100%)]	Loss: 2.301810
Test Epoch: 12, Average loss: 2.3028, Accuracy: 1000/10000 (10.0000%)
Train Epoch: 13 [0/50000 (0%)]	Loss: 2.301512
Train Epoch: 13 [1280/50000 (3%)]	Loss: 2.307170
Train Epoch: 13 [2560/50000 (5%)]	Loss: 2.303662
Train Epoch: 13 [3840/50000 (8%)]	Loss: 2.304619
Train Epoch: 13 [5120/50000 (10%)]	Loss: 2.300499
Train Epoch: 13 [6400/50000 (13%)]	Loss: 2.301584
Train Epoch: 13 [7680/50000 (15%)]	Loss: 2.302938
Train Epoch: 13 [8960/50000 (18%)]	Loss: 2.302459
Train Epoch: 13 [10240/50000 (20%)]	Loss: 2.302802
Train Epoch: 13 [11520/50000 (23%)]	Loss: 2.307559
Train Epoch: 13 [12800/50000 (26%)]	Loss: 2.303915
Train Epoch: 13 [14080/50000 (28%)]	Loss: 2.300489
Train Epoch: 13 [15360/50000 (31%)]	Loss: 2.301615
Train Epoch: 13 [16640/50000 (33%)]	Loss: 2.303756
Train Epoch: 13 [17920/50000 (36%)]	Loss: 2.302099
Train Epoch: 13 [19200/50000 (38%)]	Loss: 2.301497
Train Epoch: 13 [20480/50000 (41%)]	Loss: 2.308037
Train Epoch: 13 [21760/50000 (43%)]	Loss: 2.307632
Train Epoch: 13 [23040/50000 (46%)]	Loss: 2.299651
Train Epoch: 13 [24320/50000 (49%)]	Loss: 2.300556
Train Epoch: 13 [25600/50000 (51%)]	Loss: 2.305321
Train Epoch: 13 [26880/50000 (54%)]	Loss: 2.301267
Train Epoch: 13 [28160/50000 (56%)]	Loss: 2.301758
Train Epoch: 13 [29440/50000 (59%)]	Loss: 2.306171
Train Epoch: 13 [30720/50000 (61%)]	Loss: 2.303180
Train Epoch: 13 [32000/50000 (64%)]	Loss: 2.301230
Train Epoch: 13 [33280/50000 (66%)]	Loss: 2.307330
Train Epoch: 13 [34560/50000 (69%)]	Loss: 2.307190
Train Epoch: 13 [35840/50000 (72%)]	Loss: 2.306765
Train Epoch: 13 [37120/50000 (74%)]	Loss: 2.304297
Train Epoch: 13 [38400/50000 (77%)]	Loss: 2.303769
Train Epoch: 13 [39680/50000 (79%)]	Loss: 2.303694
Train Epoch: 13 [40960/50000 (82%)]	Loss: 2.299861
Train Epoch: 13 [42240/50000 (84%)]	Loss: 2.302489
Train Epoch: 13 [43520/50000 (87%)]	Loss: 2.308314
Train Epoch: 13 [44800/50000 (90%)]	Loss: 2.304206
Train Epoch: 13 [46080/50000 (92%)]	Loss: 2.304951
Train Epoch: 13 [47360/50000 (95%)]	Loss: 2.303344
Train Epoch: 13 [48640/50000 (97%)]	Loss: 2.302280
Train Epoch: 13 [31200/50000 (100%)]	Loss: 2.305128
Test Epoch: 13, Average loss: 2.3031, Accuracy: 1000/10000 (10.0000%)
Train Epoch: 14 [0/50000 (0%)]	Loss: 2.302039
Train Epoch: 14 [1280/50000 (3%)]	Loss: 2.303255
Train Epoch: 14 [2560/50000 (5%)]	Loss: 2.307369
Train Epoch: 14 [3840/50000 (8%)]	Loss: 2.299723
Train Epoch: 14 [5120/50000 (10%)]	Loss: 2.304980
Train Epoch: 14 [6400/50000 (13%)]	Loss: 2.299639
Train Epoch: 14 [7680/50000 (15%)]	Loss: 2.304247
Train Epoch: 14 [8960/50000 (18%)]	Loss: 2.307175
Train Epoch: 14 [10240/50000 (20%)]	Loss: 2.300396
Train Epoch: 14 [11520/50000 (23%)]	Loss: 2.301573
Train Epoch: 14 [12800/50000 (26%)]	Loss: 2.301690
Train Epoch: 14 [14080/50000 (28%)]	Loss: 2.297811
Train Epoch: 14 [15360/50000 (31%)]	Loss: 2.309402
Train Epoch: 14 [16640/50000 (33%)]	Loss: 2.301944
Train Epoch: 14 [17920/50000 (36%)]	Loss: 2.303712
Train Epoch: 14 [19200/50000 (38%)]	Loss: 2.311203
Train Epoch: 14 [20480/50000 (41%)]	Loss: 2.304836
Train Epoch: 14 [21760/50000 (43%)]	Loss: 2.302062
Train Epoch: 14 [23040/50000 (46%)]	Loss: 2.299843
Train Epoch: 14 [24320/50000 (49%)]	Loss: 2.305536
Train Epoch: 14 [25600/50000 (51%)]	Loss: 2.310048
Train Epoch: 14 [26880/50000 (54%)]	Loss: 2.304102
Train Epoch: 14 [28160/50000 (56%)]	Loss: 2.302524
Train Epoch: 14 [29440/50000 (59%)]	Loss: 2.305320
Train Epoch: 14 [30720/50000 (61%)]	Loss: 2.305501
Train Epoch: 14 [32000/50000 (64%)]	Loss: 2.302114
Train Epoch: 14 [33280/50000 (66%)]	Loss: 2.303286
Train Epoch: 14 [34560/50000 (69%)]	Loss: 2.308553
Train Epoch: 14 [35840/50000 (72%)]	Loss: 2.302601
Train Epoch: 14 [37120/50000 (74%)]	Loss: 2.298687
Train Epoch: 14 [38400/50000 (77%)]	Loss: 2.298300
Train Epoch: 14 [39680/50000 (79%)]	Loss: 2.302103
Train Epoch: 14 [40960/50000 (82%)]	Loss: 2.298563
Train Epoch: 14 [42240/50000 (84%)]	Loss: 2.301277
Train Epoch: 14 [43520/50000 (87%)]	Loss: 2.305263
Train Epoch: 14 [44800/50000 (90%)]	Loss: 2.297190
Train Epoch: 14 [46080/50000 (92%)]	Loss: 2.301356
Train Epoch: 14 [47360/50000 (95%)]	Loss: 2.310368
Train Epoch: 14 [48640/50000 (97%)]	Loss: 2.304195
Train Epoch: 14 [31200/50000 (100%)]	Loss: 2.312129
Test Epoch: 14, Average loss: 2.3034, Accuracy: 1000/10000 (10.0000%)
Train Epoch: 15 [0/50000 (0%)]	Loss: 2.299264
Train Epoch: 15 [1280/50000 (3%)]	Loss: 2.297443
Train Epoch: 15 [2560/50000 (5%)]	Loss: 2.304318
Train Epoch: 15 [3840/50000 (8%)]	Loss: 2.301415
Train Epoch: 15 [5120/50000 (10%)]	Loss: 2.305685
Train Epoch: 15 [6400/50000 (13%)]	Loss: 2.301750
Train Epoch: 15 [7680/50000 (15%)]	Loss: 2.301443
Train Epoch: 15 [8960/50000 (18%)]	Loss: 2.304599
Train Epoch: 15 [10240/50000 (20%)]	Loss: 2.304012
Train Epoch: 15 [11520/50000 (23%)]	Loss: 2.303129
Train Epoch: 15 [12800/50000 (26%)]	Loss: 2.301460
Train Epoch: 15 [14080/50000 (28%)]	Loss: 2.300747
Train Epoch: 15 [15360/50000 (31%)]	Loss: 2.304142
Train Epoch: 15 [16640/50000 (33%)]	Loss: 2.303530
Train Epoch: 15 [17920/50000 (36%)]	Loss: 2.308717
Train Epoch: 15 [19200/50000 (38%)]	Loss: 2.303149
Train Epoch: 15 [20480/50000 (41%)]	Loss: 2.301769
Train Epoch: 15 [21760/50000 (43%)]	Loss: 2.307202
Train Epoch: 15 [23040/50000 (46%)]	Loss: 2.311317
Train Epoch: 15 [24320/50000 (49%)]	Loss: 2.301929
Train Epoch: 15 [25600/50000 (51%)]	Loss: 2.302518
Train Epoch: 15 [26880/50000 (54%)]	Loss: 2.300660
Train Epoch: 15 [28160/50000 (56%)]	Loss: 2.300187
Train Epoch: 15 [29440/50000 (59%)]	Loss: 2.303093
Train Epoch: 15 [30720/50000 (61%)]	Loss: 2.306140
Train Epoch: 15 [32000/50000 (64%)]	Loss: 2.302452
Train Epoch: 15 [33280/50000 (66%)]	Loss: 2.301879
Train Epoch: 15 [34560/50000 (69%)]	Loss: 2.310250
Train Epoch: 15 [35840/50000 (72%)]	Loss: 2.301716
Train Epoch: 15 [37120/50000 (74%)]	Loss: 2.303964
Train Epoch: 15 [38400/50000 (77%)]	Loss: 2.303037
Train Epoch: 15 [39680/50000 (79%)]	Loss: 2.304853
Train Epoch: 15 [40960/50000 (82%)]	Loss: 2.299427
Train Epoch: 15 [42240/50000 (84%)]	Loss: 2.307087
Train Epoch: 15 [43520/50000 (87%)]	Loss: 2.307807
Train Epoch: 15 [44800/50000 (90%)]	Loss: 2.306083
Train Epoch: 15 [46080/50000 (92%)]	Loss: 2.300711
Train Epoch: 15 [47360/50000 (95%)]	Loss: 2.306286
Train Epoch: 15 [48640/50000 (97%)]	Loss: 2.298653
Train Epoch: 15 [31200/50000 (100%)]	Loss: 2.307720
Test Epoch: 15, Average loss: 2.3032, Accuracy: 1000/10000 (10.0000%)
Train Epoch: 16 [0/50000 (0%)]	Loss: 2.300874
Train Epoch: 16 [1280/50000 (3%)]	Loss: 2.306916
Train Epoch: 16 [2560/50000 (5%)]	Loss: 2.310761
Train Epoch: 16 [3840/50000 (8%)]	Loss: 2.302902
Train Epoch: 16 [5120/50000 (10%)]	Loss: 2.303802
Train Epoch: 16 [6400/50000 (13%)]	Loss: 2.306645
Train Epoch: 16 [7680/50000 (15%)]	Loss: 2.303261
Train Epoch: 16 [8960/50000 (18%)]	Loss: 2.307563
Train Epoch: 16 [10240/50000 (20%)]	Loss: 2.300009
Train Epoch: 16 [11520/50000 (23%)]	Loss: 2.307964
Train Epoch: 16 [12800/50000 (26%)]	Loss: 2.303365
Train Epoch: 16 [14080/50000 (28%)]	Loss: 2.303011
Train Epoch: 16 [15360/50000 (31%)]	Loss: 2.302400
Train Epoch: 16 [16640/50000 (33%)]	Loss: 2.306205
Train Epoch: 16 [17920/50000 (36%)]	Loss: 2.304883
Train Epoch: 16 [19200/50000 (38%)]	Loss: 2.302721
Train Epoch: 16 [20480/50000 (41%)]	Loss: 2.294872
Train Epoch: 16 [21760/50000 (43%)]	Loss: 2.306281
Train Epoch: 16 [23040/50000 (46%)]	Loss: 2.303312
Train Epoch: 16 [24320/50000 (49%)]	Loss: 2.303931
Train Epoch: 16 [25600/50000 (51%)]	Loss: 2.303089
Train Epoch: 16 [26880/50000 (54%)]	Loss: 2.304210
Train Epoch: 16 [28160/50000 (56%)]	Loss: 2.296864
Train Epoch: 16 [29440/50000 (59%)]	Loss: 2.307092
Train Epoch: 16 [30720/50000 (61%)]	Loss: 2.304271
Train Epoch: 16 [32000/50000 (64%)]	Loss: 2.300140
Train Epoch: 16 [33280/50000 (66%)]	Loss: 2.301687
Train Epoch: 16 [34560/50000 (69%)]	Loss: 2.300814
Train Epoch: 16 [35840/50000 (72%)]	Loss: 2.308026
Train Epoch: 16 [37120/50000 (74%)]	Loss: 2.301416
Train Epoch: 16 [38400/50000 (77%)]	Loss: 2.308633
Train Epoch: 16 [39680/50000 (79%)]	Loss: 2.301987
Train Epoch: 16 [40960/50000 (82%)]	Loss: 2.300658
Train Epoch: 16 [42240/50000 (84%)]	Loss: 2.303015
Train Epoch: 16 [43520/50000 (87%)]	Loss: 2.299987
Train Epoch: 16 [44800/50000 (90%)]	Loss: 2.297780
Train Epoch: 16 [46080/50000 (92%)]	Loss: 2.305712
Train Epoch: 16 [47360/50000 (95%)]	Loss: 2.302522
Train Epoch: 16 [48640/50000 (97%)]	Loss: 2.298404
Train Epoch: 16 [31200/50000 (100%)]	Loss: 2.301989
Test Epoch: 16, Average loss: 2.3035, Accuracy: 1000/10000 (10.0000%)
Train Epoch: 17 [0/50000 (0%)]	Loss: 2.309528
Train Epoch: 17 [1280/50000 (3%)]	Loss: 2.305187
Train Epoch: 17 [2560/50000 (5%)]	Loss: 2.301657
Train Epoch: 17 [3840/50000 (8%)]	Loss: 2.301933
Train Epoch: 17 [5120/50000 (10%)]	Loss: 2.300045
Train Epoch: 17 [6400/50000 (13%)]	Loss: 2.301835
Train Epoch: 17 [7680/50000 (15%)]	Loss: 2.299472
Train Epoch: 17 [8960/50000 (18%)]	Loss: 2.302227
Train Epoch: 17 [10240/50000 (20%)]	Loss: 2.303633
Train Epoch: 17 [11520/50000 (23%)]	Loss: 2.307758
Train Epoch: 17 [12800/50000 (26%)]	Loss: 2.303045
Train Epoch: 17 [14080/50000 (28%)]	Loss: 2.304385
Train Epoch: 17 [15360/50000 (31%)]	Loss: 2.304456
Train Epoch: 17 [16640/50000 (33%)]	Loss: 2.300072
Train Epoch: 17 [17920/50000 (36%)]	Loss: 2.304313
Train Epoch: 17 [19200/50000 (38%)]	Loss: 2.304196
Train Epoch: 17 [20480/50000 (41%)]	Loss: 2.303261
Train Epoch: 17 [21760/50000 (43%)]	Loss: 2.302926
Train Epoch: 17 [23040/50000 (46%)]	Loss: 2.301839
Train Epoch: 17 [24320/50000 (49%)]	Loss: 2.299002
Train Epoch: 17 [25600/50000 (51%)]	Loss: 2.307099
Train Epoch: 17 [26880/50000 (54%)]	Loss: 2.303076
Train Epoch: 17 [28160/50000 (56%)]	Loss: 2.302605
Train Epoch: 17 [29440/50000 (59%)]	Loss: 2.302324
Train Epoch: 17 [30720/50000 (61%)]	Loss: 2.301948
Train Epoch: 17 [32000/50000 (64%)]	Loss: 2.301945
Train Epoch: 17 [33280/50000 (66%)]	Loss: 2.307308
Train Epoch: 17 [34560/50000 (69%)]	Loss: 2.306638
Train Epoch: 17 [35840/50000 (72%)]	Loss: 2.303193
Train Epoch: 17 [37120/50000 (74%)]	Loss: 2.303700
Train Epoch: 17 [38400/50000 (77%)]	Loss: 2.303205
Train Epoch: 17 [39680/50000 (79%)]	Loss: 2.301468
Train Epoch: 17 [40960/50000 (82%)]	Loss: 2.301193
Train Epoch: 17 [42240/50000 (84%)]	Loss: 2.303596
Train Epoch: 17 [43520/50000 (87%)]	Loss: 2.304561
Train Epoch: 17 [44800/50000 (90%)]	Loss: 2.304286
Train Epoch: 17 [46080/50000 (92%)]	Loss: 2.310324
Train Epoch: 17 [47360/50000 (95%)]	Loss: 2.300397
Train Epoch: 17 [48640/50000 (97%)]	Loss: 2.304928
Train Epoch: 17 [31200/50000 (100%)]	Loss: 2.306284
Test Epoch: 17, Average loss: 2.3030, Accuracy: 1000/10000 (10.0000%)
Train Epoch: 18 [0/50000 (0%)]	Loss: 2.300729
Train Epoch: 18 [1280/50000 (3%)]	Loss: 2.299492
Train Epoch: 18 [2560/50000 (5%)]	Loss: 2.302283
Train Epoch: 18 [3840/50000 (8%)]	Loss: 2.304990
Train Epoch: 18 [5120/50000 (10%)]	Loss: 2.302542
Train Epoch: 18 [6400/50000 (13%)]	Loss: 2.293195
Train Epoch: 18 [7680/50000 (15%)]	Loss: 2.308143
Train Epoch: 18 [8960/50000 (18%)]	Loss: 2.301880
Train Epoch: 18 [10240/50000 (20%)]	Loss: 2.300819
Train Epoch: 18 [11520/50000 (23%)]	Loss: 2.304783
Train Epoch: 18 [12800/50000 (26%)]	Loss: 2.301147
Train Epoch: 18 [14080/50000 (28%)]	Loss: 2.307046
Train Epoch: 18 [15360/50000 (31%)]	Loss: 2.302607
Train Epoch: 18 [16640/50000 (33%)]	Loss: 2.303511
Train Epoch: 18 [17920/50000 (36%)]	Loss: 2.301617
Train Epoch: 18 [19200/50000 (38%)]	Loss: 2.297151
Train Epoch: 18 [20480/50000 (41%)]	Loss: 2.302761
Train Epoch: 18 [21760/50000 (43%)]	Loss: 2.302428
Train Epoch: 18 [23040/50000 (46%)]	Loss: 2.303731
Train Epoch: 18 [24320/50000 (49%)]	Loss: 2.299657
Train Epoch: 18 [25600/50000 (51%)]	Loss: 2.315400
Train Epoch: 18 [26880/50000 (54%)]	Loss: 2.303583
Train Epoch: 18 [28160/50000 (56%)]	Loss: 2.303658
Train Epoch: 18 [29440/50000 (59%)]	Loss: 2.299759
Train Epoch: 18 [30720/50000 (61%)]	Loss: 2.308356
Train Epoch: 18 [32000/50000 (64%)]	Loss: 2.302830
Train Epoch: 18 [33280/50000 (66%)]	Loss: 2.300758
Train Epoch: 18 [34560/50000 (69%)]	Loss: 2.305724
Train Epoch: 18 [35840/50000 (72%)]	Loss: 2.302408
Train Epoch: 18 [37120/50000 (74%)]	Loss: 2.311946
Train Epoch: 18 [38400/50000 (77%)]	Loss: 2.304365
Train Epoch: 18 [39680/50000 (79%)]	Loss: 2.302351
Train Epoch: 18 [40960/50000 (82%)]	Loss: 2.300056
Train Epoch: 18 [42240/50000 (84%)]	Loss: 2.304087
Train Epoch: 18 [43520/50000 (87%)]	Loss: 2.305779
Train Epoch: 18 [44800/50000 (90%)]	Loss: 2.297457
Train Epoch: 18 [46080/50000 (92%)]	Loss: 2.302210
Train Epoch: 18 [47360/50000 (95%)]	Loss: 2.306857
Train Epoch: 18 [48640/50000 (97%)]	Loss: 2.309963
Train Epoch: 18 [31200/50000 (100%)]	Loss: 2.301187
Test Epoch: 18, Average loss: 2.3033, Accuracy: 1000/10000 (10.0000%)
Train Epoch: 19 [0/50000 (0%)]	Loss: 2.303700
Train Epoch: 19 [1280/50000 (3%)]	Loss: 2.301247
Train Epoch: 19 [2560/50000 (5%)]	Loss: 2.302889
Train Epoch: 19 [3840/50000 (8%)]	Loss: 2.303997
Train Epoch: 19 [5120/50000 (10%)]	Loss: 2.300469
Train Epoch: 19 [6400/50000 (13%)]	Loss: 2.307975
Train Epoch: 19 [7680/50000 (15%)]	Loss: 2.304210
Train Epoch: 19 [8960/50000 (18%)]	Loss: 2.302123
Train Epoch: 19 [10240/50000 (20%)]	Loss: 2.298126
Train Epoch: 19 [11520/50000 (23%)]	Loss: 2.304643
Train Epoch: 19 [12800/50000 (26%)]	Loss: 2.302599
Train Epoch: 19 [14080/50000 (28%)]	Loss: 2.300642
Train Epoch: 19 [15360/50000 (31%)]	Loss: 2.301770
Train Epoch: 19 [16640/50000 (33%)]	Loss: 2.300416
Train Epoch: 19 [17920/50000 (36%)]	Loss: 2.308938
Train Epoch: 19 [19200/50000 (38%)]	Loss: 2.305084
Train Epoch: 19 [20480/50000 (41%)]	Loss: 2.304092
Train Epoch: 19 [21760/50000 (43%)]	Loss: 2.303459
Train Epoch: 19 [23040/50000 (46%)]	Loss: 2.303602
Train Epoch: 19 [24320/50000 (49%)]	Loss: 2.305634
Train Epoch: 19 [25600/50000 (51%)]	Loss: 2.303614
Train Epoch: 19 [26880/50000 (54%)]	Loss: 2.305521
Train Epoch: 19 [28160/50000 (56%)]	Loss: 2.307495
Train Epoch: 19 [29440/50000 (59%)]	Loss: 2.303174
Train Epoch: 19 [30720/50000 (61%)]	Loss: 2.305410
Train Epoch: 19 [32000/50000 (64%)]	Loss: 2.305204
Train Epoch: 19 [33280/50000 (66%)]	Loss: 2.300984
Train Epoch: 19 [34560/50000 (69%)]	Loss: 2.303805
Train Epoch: 19 [35840/50000 (72%)]	Loss: 2.302602
Train Epoch: 19 [37120/50000 (74%)]	Loss: 2.307453
Train Epoch: 19 [38400/50000 (77%)]	Loss: 2.302352
Train Epoch: 19 [39680/50000 (79%)]	Loss: 2.301894
Train Epoch: 19 [40960/50000 (82%)]	Loss: 2.299091
Train Epoch: 19 [42240/50000 (84%)]	Loss: 2.303273
Train Epoch: 19 [43520/50000 (87%)]	Loss: 2.302126
Train Epoch: 19 [44800/50000 (90%)]	Loss: 2.304590
Train Epoch: 19 [46080/50000 (92%)]	Loss: 2.302164
Train Epoch: 19 [47360/50000 (95%)]	Loss: 2.305037
Train Epoch: 19 [48640/50000 (97%)]	Loss: 2.303930
Train Epoch: 19 [31200/50000 (100%)]	Loss: 2.304964
Test Epoch: 19, Average loss: 2.3031, Accuracy: 1000/10000 (10.0000%)
Train Epoch: 20 [0/50000 (0%)]	Loss: 2.299024
Train Epoch: 20 [1280/50000 (3%)]	Loss: 2.305119
Train Epoch: 20 [2560/50000 (5%)]	Loss: 2.306378
Train Epoch: 20 [3840/50000 (8%)]	Loss: 2.303455
Train Epoch: 20 [5120/50000 (10%)]	Loss: 2.306484
Train Epoch: 20 [6400/50000 (13%)]	Loss: 2.302289
Train Epoch: 20 [7680/50000 (15%)]	Loss: 2.301678
Train Epoch: 20 [8960/50000 (18%)]	Loss: 2.305191
Train Epoch: 20 [10240/50000 (20%)]	Loss: 2.301223
Train Epoch: 20 [11520/50000 (23%)]	Loss: 2.302193
Train Epoch: 20 [12800/50000 (26%)]	Loss: 2.306335
Train Epoch: 20 [14080/50000 (28%)]	Loss: 2.300018
Train Epoch: 20 [15360/50000 (31%)]	Loss: 2.299952
Train Epoch: 20 [16640/50000 (33%)]	Loss: 2.301924
Train Epoch: 20 [17920/50000 (36%)]	Loss: 2.304881
Train Epoch: 20 [19200/50000 (38%)]	Loss: 2.305095
Train Epoch: 20 [20480/50000 (41%)]	Loss: 2.296585
Train Epoch: 20 [21760/50000 (43%)]	Loss: 2.303466
Train Epoch: 20 [23040/50000 (46%)]	Loss: 2.302506
Train Epoch: 20 [24320/50000 (49%)]	Loss: 2.303290
Train Epoch: 20 [25600/50000 (51%)]	Loss: 2.305024
Train Epoch: 20 [26880/50000 (54%)]	Loss: 2.302334
Train Epoch: 20 [28160/50000 (56%)]	Loss: 2.303428
Train Epoch: 20 [29440/50000 (59%)]	Loss: 2.301579
Train Epoch: 20 [30720/50000 (61%)]	Loss: 2.301337
Train Epoch: 20 [32000/50000 (64%)]	Loss: 2.303991
Train Epoch: 20 [33280/50000 (66%)]	Loss: 2.306017
Train Epoch: 20 [34560/50000 (69%)]	Loss: 2.301263
Train Epoch: 20 [35840/50000 (72%)]	Loss: 2.304777
Train Epoch: 20 [37120/50000 (74%)]	Loss: 2.302395
Train Epoch: 20 [38400/50000 (77%)]	Loss: 2.308182
Train Epoch: 20 [39680/50000 (79%)]	Loss: 2.299973
Train Epoch: 20 [40960/50000 (82%)]	Loss: 2.304951
Train Epoch: 20 [42240/50000 (84%)]	Loss: 2.303747
Train Epoch: 20 [43520/50000 (87%)]	Loss: 2.301745
Train Epoch: 20 [44800/50000 (90%)]	Loss: 2.304177
Train Epoch: 20 [46080/50000 (92%)]	Loss: 2.305304
Train Epoch: 20 [47360/50000 (95%)]	Loss: 2.301823
Train Epoch: 20 [48640/50000 (97%)]	Loss: 2.304296
Train Epoch: 20 [31200/50000 (100%)]	Loss: 2.303483
Test Epoch: 20, Average loss: 2.3030, Accuracy: 1000/10000 (10.0000%)
Train Epoch: 21 [0/50000 (0%)]	Loss: 2.300866
Train Epoch: 21 [1280/50000 (3%)]	Loss: 2.303790
Train Epoch: 21 [2560/50000 (5%)]	Loss: 2.305444
Train Epoch: 21 [3840/50000 (8%)]	Loss: 2.303503
Train Epoch: 21 [5120/50000 (10%)]	Loss: 2.299224
Train Epoch: 21 [6400/50000 (13%)]	Loss: 2.305850
Train Epoch: 21 [7680/50000 (15%)]	Loss: 2.304732
Train Epoch: 21 [8960/50000 (18%)]	Loss: 2.301017
Train Epoch: 21 [10240/50000 (20%)]	Loss: 2.304892
Train Epoch: 21 [11520/50000 (23%)]	Loss: 2.304694
Train Epoch: 21 [12800/50000 (26%)]	Loss: 2.301867
Train Epoch: 21 [14080/50000 (28%)]	Loss: 2.303067
Train Epoch: 21 [15360/50000 (31%)]	Loss: 2.306898
Train Epoch: 21 [16640/50000 (33%)]	Loss: 2.306194
Train Epoch: 21 [17920/50000 (36%)]	Loss: 2.306121
Train Epoch: 21 [19200/50000 (38%)]	Loss: 2.304751
Train Epoch: 21 [20480/50000 (41%)]	Loss: 2.308358
Train Epoch: 21 [21760/50000 (43%)]	Loss: 2.301958
Train Epoch: 21 [23040/50000 (46%)]	Loss: 2.303609
Train Epoch: 21 [24320/50000 (49%)]	Loss: 2.304545
Train Epoch: 21 [25600/50000 (51%)]	Loss: 2.303679
Train Epoch: 21 [26880/50000 (54%)]	Loss: 2.300962
Train Epoch: 21 [28160/50000 (56%)]	Loss: 2.300338
Train Epoch: 21 [29440/50000 (59%)]	Loss: 2.302893
Train Epoch: 21 [30720/50000 (61%)]	Loss: 2.306945
Train Epoch: 21 [32000/50000 (64%)]	Loss: 2.302117
Train Epoch: 21 [33280/50000 (66%)]	Loss: 2.300930
Train Epoch: 21 [34560/50000 (69%)]	Loss: 2.307477
Train Epoch: 21 [35840/50000 (72%)]	Loss: 2.302165
Train Epoch: 21 [37120/50000 (74%)]	Loss: 2.301768
Train Epoch: 21 [38400/50000 (77%)]	Loss: 2.308093
Train Epoch: 21 [39680/50000 (79%)]	Loss: 2.301029
Train Epoch: 21 [40960/50000 (82%)]	Loss: 2.304957
Train Epoch: 21 [42240/50000 (84%)]	Loss: 2.300610
Train Epoch: 21 [43520/50000 (87%)]	Loss: 2.303421
Train Epoch: 21 [44800/50000 (90%)]	Loss: 2.302254
Train Epoch: 21 [46080/50000 (92%)]	Loss: 2.300314
Train Epoch: 21 [47360/50000 (95%)]	Loss: 2.301043
Train Epoch: 21 [48640/50000 (97%)]	Loss: 2.302933
Train Epoch: 21 [31200/50000 (100%)]	Loss: 2.302479
Test Epoch: 21, Average loss: 2.3030, Accuracy: 1000/10000 (10.0000%)
Train Epoch: 22 [0/50000 (0%)]	Loss: 2.302292
Train Epoch: 22 [1280/50000 (3%)]	Loss: 2.303982
Train Epoch: 22 [2560/50000 (5%)]	Loss: 2.301316
Train Epoch: 22 [3840/50000 (8%)]	Loss: 2.306428
Train Epoch: 22 [5120/50000 (10%)]	Loss: 2.300767
Train Epoch: 22 [6400/50000 (13%)]	Loss: 2.305750
Train Epoch: 22 [7680/50000 (15%)]	Loss: 2.301426
Train Epoch: 22 [8960/50000 (18%)]	Loss: 2.305775
Train Epoch: 22 [10240/50000 (20%)]	Loss: 2.305618
Train Epoch: 22 [11520/50000 (23%)]	Loss: 2.302262
Train Epoch: 22 [12800/50000 (26%)]	Loss: 2.305660
Train Epoch: 22 [14080/50000 (28%)]	Loss: 2.300048
Train Epoch: 22 [15360/50000 (31%)]	Loss: 2.301983
Train Epoch: 22 [16640/50000 (33%)]	Loss: 2.302751
Train Epoch: 22 [17920/50000 (36%)]	Loss: 2.303870
Train Epoch: 22 [19200/50000 (38%)]	Loss: 2.304762
Train Epoch: 22 [20480/50000 (41%)]	Loss: 2.301193
Train Epoch: 22 [21760/50000 (43%)]	Loss: 2.302066
Train Epoch: 22 [23040/50000 (46%)]	Loss: 2.308215
Train Epoch: 22 [24320/50000 (49%)]	Loss: 2.307241
Train Epoch: 22 [25600/50000 (51%)]	Loss: 2.301751
Train Epoch: 22 [26880/50000 (54%)]	Loss: 2.307134
Train Epoch: 22 [28160/50000 (56%)]	Loss: 2.301561
Train Epoch: 22 [29440/50000 (59%)]	Loss: 2.304033
Train Epoch: 22 [30720/50000 (61%)]	Loss: 2.304066
Train Epoch: 22 [32000/50000 (64%)]	Loss: 2.298933
Train Epoch: 22 [33280/50000 (66%)]	Loss: 2.300345
Train Epoch: 22 [34560/50000 (69%)]	Loss: 2.303753
Train Epoch: 22 [35840/50000 (72%)]	Loss: 2.307778
Train Epoch: 22 [37120/50000 (74%)]	Loss: 2.302914
Train Epoch: 22 [38400/50000 (77%)]	Loss: 2.300930
Train Epoch: 22 [39680/50000 (79%)]	Loss: 2.307441
Train Epoch: 22 [40960/50000 (82%)]	Loss: 2.304416
Train Epoch: 22 [42240/50000 (84%)]	Loss: 2.303347
Train Epoch: 22 [43520/50000 (87%)]	Loss: 2.304762
Train Epoch: 22 [44800/50000 (90%)]	Loss: 2.311332
Train Epoch: 22 [46080/50000 (92%)]	Loss: 2.301793
Train Epoch: 22 [47360/50000 (95%)]	Loss: 2.304831
Train Epoch: 22 [48640/50000 (97%)]	Loss: 2.302876
Train Epoch: 22 [31200/50000 (100%)]	Loss: 2.308736
Test Epoch: 22, Average loss: 2.3029, Accuracy: 1000/10000 (10.0000%)
Train Epoch: 23 [0/50000 (0%)]	Loss: 2.304345
Train Epoch: 23 [1280/50000 (3%)]	Loss: 2.300600
Train Epoch: 23 [2560/50000 (5%)]	Loss: 2.303826
Train Epoch: 23 [3840/50000 (8%)]	Loss: 2.300148
Train Epoch: 23 [5120/50000 (10%)]	Loss: 2.299563
Train Epoch: 23 [6400/50000 (13%)]	Loss: 2.302408
Train Epoch: 23 [7680/50000 (15%)]	Loss: 2.306996
Train Epoch: 23 [8960/50000 (18%)]	Loss: 2.302209
Train Epoch: 23 [10240/50000 (20%)]	Loss: 2.300574
Train Epoch: 23 [11520/50000 (23%)]	Loss: 2.302576
Train Epoch: 23 [12800/50000 (26%)]	Loss: 2.299659
Train Epoch: 23 [14080/50000 (28%)]	Loss: 2.306076
Train Epoch: 23 [15360/50000 (31%)]	Loss: 2.306267
Train Epoch: 23 [16640/50000 (33%)]	Loss: 2.298611
Train Epoch: 23 [17920/50000 (36%)]	Loss: 2.300451
Train Epoch: 23 [19200/50000 (38%)]	Loss: 2.303090
Train Epoch: 23 [20480/50000 (41%)]	Loss: 2.300110
Train Epoch: 23 [21760/50000 (43%)]	Loss: 2.304107
Train Epoch: 23 [23040/50000 (46%)]	Loss: 2.302603
Train Epoch: 23 [24320/50000 (49%)]	Loss: 2.301076
Train Epoch: 23 [25600/50000 (51%)]	Loss: 2.305874
Train Epoch: 23 [26880/50000 (54%)]	Loss: 2.303300
Train Epoch: 23 [28160/50000 (56%)]	Loss: 2.300953
Train Epoch: 23 [29440/50000 (59%)]	Loss: 2.306557
Train Epoch: 23 [30720/50000 (61%)]	Loss: 2.305094
Train Epoch: 23 [32000/50000 (64%)]	Loss: 2.302117
Train Epoch: 23 [33280/50000 (66%)]	Loss: 2.300706
Train Epoch: 23 [34560/50000 (69%)]	Loss: 2.300292
Train Epoch: 23 [35840/50000 (72%)]	Loss: 2.300947
Train Epoch: 23 [37120/50000 (74%)]	Loss: 2.305863
Train Epoch: 23 [38400/50000 (77%)]	Loss: 2.307750
Train Epoch: 23 [39680/50000 (79%)]	Loss: 2.303705
Train Epoch: 23 [40960/50000 (82%)]	Loss: 2.301934
Train Epoch: 23 [42240/50000 (84%)]	Loss: 2.306638
Train Epoch: 23 [43520/50000 (87%)]	Loss: 2.307053
Train Epoch: 23 [44800/50000 (90%)]	Loss: 2.300465
Train Epoch: 23 [46080/50000 (92%)]	Loss: 2.303926
Train Epoch: 23 [47360/50000 (95%)]	Loss: 2.307641
Train Epoch: 23 [48640/50000 (97%)]	Loss: 2.303708
Train Epoch: 23 [31200/50000 (100%)]	Loss: 2.303310
Test Epoch: 23, Average loss: 2.3027, Accuracy: 1000/10000 (10.0000%)
Train Epoch: 24 [0/50000 (0%)]	Loss: 2.302939
Train Epoch: 24 [1280/50000 (3%)]	Loss: 2.300653
Train Epoch: 24 [2560/50000 (5%)]	Loss: 2.303241
Train Epoch: 24 [3840/50000 (8%)]	Loss: 2.303785
Train Epoch: 24 [5120/50000 (10%)]	Loss: 2.297310
Train Epoch: 24 [6400/50000 (13%)]	Loss: 2.302863
Train Epoch: 24 [7680/50000 (15%)]	Loss: 2.305572
Train Epoch: 24 [8960/50000 (18%)]	Loss: 2.301811
Train Epoch: 24 [10240/50000 (20%)]	Loss: 2.303495
Train Epoch: 24 [11520/50000 (23%)]	Loss: 2.300853
Train Epoch: 24 [12800/50000 (26%)]	Loss: 2.300731
Train Epoch: 24 [14080/50000 (28%)]	Loss: 2.306051
Train Epoch: 24 [15360/50000 (31%)]	Loss: 2.303444
Train Epoch: 24 [16640/50000 (33%)]	Loss: 2.302566
Train Epoch: 24 [17920/50000 (36%)]	Loss: 2.303752
Train Epoch: 24 [19200/50000 (38%)]	Loss: 2.303094
Train Epoch: 24 [20480/50000 (41%)]	Loss: 2.309080
Train Epoch: 24 [21760/50000 (43%)]	Loss: 2.302188
Train Epoch: 24 [23040/50000 (46%)]	Loss: 2.302305
Train Epoch: 24 [24320/50000 (49%)]	Loss: 2.305911
Train Epoch: 24 [25600/50000 (51%)]	Loss: 2.300110
Train Epoch: 24 [26880/50000 (54%)]	Loss: 2.305994
Train Epoch: 24 [28160/50000 (56%)]	Loss: 2.302816
Train Epoch: 24 [29440/50000 (59%)]	Loss: 2.300343
Train Epoch: 24 [30720/50000 (61%)]	Loss: 2.305977
Train Epoch: 24 [32000/50000 (64%)]	Loss: 2.301806
Train Epoch: 24 [33280/50000 (66%)]	Loss: 2.306978
Train Epoch: 24 [34560/50000 (69%)]	Loss: 2.303914
Train Epoch: 24 [35840/50000 (72%)]	Loss: 2.303181
Train Epoch: 24 [37120/50000 (74%)]	Loss: 2.304197
Train Epoch: 24 [38400/50000 (77%)]	Loss: 2.303368
Train Epoch: 24 [39680/50000 (79%)]	Loss: 2.306163
Train Epoch: 24 [40960/50000 (82%)]	Loss: 2.297474
Train Epoch: 24 [42240/50000 (84%)]	Loss: 2.308604
Train Epoch: 24 [43520/50000 (87%)]	Loss: 2.303600
Train Epoch: 24 [44800/50000 (90%)]	Loss: 2.305238
Train Epoch: 24 [46080/50000 (92%)]	Loss: 2.307418
Train Epoch: 24 [47360/50000 (95%)]	Loss: 2.304089
Train Epoch: 24 [48640/50000 (97%)]	Loss: 2.305636
Train Epoch: 24 [31200/50000 (100%)]	Loss: 2.301744
Test Epoch: 24, Average loss: 2.3030, Accuracy: 1000/10000 (10.0000%)
Train Epoch: 25 [0/50000 (0%)]	Loss: 2.306845
Train Epoch: 25 [1280/50000 (3%)]	Loss: 2.301839
Train Epoch: 25 [2560/50000 (5%)]	Loss: 2.304451
Train Epoch: 25 [3840/50000 (8%)]	Loss: 2.302563
Train Epoch: 25 [5120/50000 (10%)]	Loss: 2.301733
Train Epoch: 25 [6400/50000 (13%)]	Loss: 2.304117
Train Epoch: 25 [7680/50000 (15%)]	Loss: 2.309719
Train Epoch: 25 [8960/50000 (18%)]	Loss: 2.304148
Train Epoch: 25 [10240/50000 (20%)]	Loss: 2.304945
Train Epoch: 25 [11520/50000 (23%)]	Loss: 2.306226
Train Epoch: 25 [12800/50000 (26%)]	Loss: 2.304140
Train Epoch: 25 [14080/50000 (28%)]	Loss: 2.300558
Train Epoch: 25 [15360/50000 (31%)]	Loss: 2.304258
Train Epoch: 25 [16640/50000 (33%)]	Loss: 2.306113
Train Epoch: 25 [17920/50000 (36%)]	Loss: 2.307810
Train Epoch: 25 [19200/50000 (38%)]	Loss: 2.299794
Train Epoch: 25 [20480/50000 (41%)]	Loss: 2.299783
Train Epoch: 25 [21760/50000 (43%)]	Loss: 2.302466
Train Epoch: 25 [23040/50000 (46%)]	Loss: 2.300689
Train Epoch: 25 [24320/50000 (49%)]	Loss: 2.304573
Train Epoch: 25 [25600/50000 (51%)]	Loss: 2.305457
Train Epoch: 25 [26880/50000 (54%)]	Loss: 2.302526
Train Epoch: 25 [28160/50000 (56%)]	Loss: 2.301942
Train Epoch: 25 [29440/50000 (59%)]	Loss: 2.306146
Train Epoch: 25 [30720/50000 (61%)]	Loss: 2.303432
Train Epoch: 25 [32000/50000 (64%)]	Loss: 2.302453
Train Epoch: 25 [33280/50000 (66%)]	Loss: 2.302121
Train Epoch: 25 [34560/50000 (69%)]	Loss: 2.302585
Train Epoch: 25 [35840/50000 (72%)]	Loss: 2.303853
Train Epoch: 25 [37120/50000 (74%)]	Loss: 2.305107
Train Epoch: 25 [38400/50000 (77%)]	Loss: 2.304461
Train Epoch: 25 [39680/50000 (79%)]	Loss: 2.299498
Train Epoch: 25 [40960/50000 (82%)]	Loss: 2.304936
Train Epoch: 25 [42240/50000 (84%)]	Loss: 2.301783
Train Epoch: 25 [43520/50000 (87%)]	Loss: 2.304641
Train Epoch: 25 [44800/50000 (90%)]	Loss: 2.303628
Train Epoch: 25 [46080/50000 (92%)]	Loss: 2.301810
Train Epoch: 25 [47360/50000 (95%)]	Loss: 2.299220
Train Epoch: 25 [48640/50000 (97%)]	Loss: 2.306961
Train Epoch: 25 [31200/50000 (100%)]	Loss: 2.302212
Test Epoch: 25, Average loss: 2.3029, Accuracy: 1000/10000 (10.0000%)
Train Epoch: 26 [0/50000 (0%)]	Loss: 2.303362
Train Epoch: 26 [1280/50000 (3%)]	Loss: 2.302824
Train Epoch: 26 [2560/50000 (5%)]	Loss: 2.300957
Train Epoch: 26 [3840/50000 (8%)]	Loss: 2.299703
Train Epoch: 26 [5120/50000 (10%)]	Loss: 2.302603
Train Epoch: 26 [6400/50000 (13%)]	Loss: 2.304403
Train Epoch: 26 [7680/50000 (15%)]	Loss: 2.304544
Train Epoch: 26 [8960/50000 (18%)]	Loss: 2.305064
Train Epoch: 26 [10240/50000 (20%)]	Loss: 2.299217
Train Epoch: 26 [11520/50000 (23%)]	Loss: 2.304364
Train Epoch: 26 [12800/50000 (26%)]	Loss: 2.300146
Train Epoch: 26 [14080/50000 (28%)]	Loss: 2.305485
Train Epoch: 26 [15360/50000 (31%)]	Loss: 2.305057
Train Epoch: 26 [16640/50000 (33%)]	Loss: 2.304096
Train Epoch: 26 [17920/50000 (36%)]	Loss: 2.304714
Train Epoch: 26 [19200/50000 (38%)]	Loss: 2.301539
Train Epoch: 26 [20480/50000 (41%)]	Loss: 2.305097
Train Epoch: 26 [21760/50000 (43%)]	Loss: 2.301917
Train Epoch: 26 [23040/50000 (46%)]	Loss: 2.301614
Train Epoch: 26 [24320/50000 (49%)]	Loss: 2.305332
Train Epoch: 26 [25600/50000 (51%)]	Loss: 2.303227
Train Epoch: 26 [26880/50000 (54%)]	Loss: 2.300919
Train Epoch: 26 [28160/50000 (56%)]	Loss: 2.302878
Train Epoch: 26 [29440/50000 (59%)]	Loss: 2.301976
Train Epoch: 26 [30720/50000 (61%)]	Loss: 2.298034
Train Epoch: 26 [32000/50000 (64%)]	Loss: 2.298970
Train Epoch: 26 [33280/50000 (66%)]	Loss: 2.301234
Train Epoch: 26 [34560/50000 (69%)]	Loss: 2.308253
Train Epoch: 26 [35840/50000 (72%)]	Loss: 2.303969
Train Epoch: 26 [37120/50000 (74%)]	Loss: 2.301502
Train Epoch: 26 [38400/50000 (77%)]	Loss: 2.305319
Train Epoch: 26 [39680/50000 (79%)]	Loss: 2.302690
Train Epoch: 26 [40960/50000 (82%)]	Loss: 2.304600
Train Epoch: 26 [42240/50000 (84%)]	Loss: 2.300242
Train Epoch: 26 [43520/50000 (87%)]	Loss: 2.300106
Train Epoch: 26 [44800/50000 (90%)]	Loss: 2.297593
Train Epoch: 26 [46080/50000 (92%)]	Loss: 2.300571
Train Epoch: 26 [47360/50000 (95%)]	Loss: 2.303420
Train Epoch: 26 [48640/50000 (97%)]	Loss: 2.301052
Train Epoch: 26 [31200/50000 (100%)]	Loss: 2.297581
Test Epoch: 26, Average loss: 2.3033, Accuracy: 1000/10000 (10.0000%)
Train Epoch: 27 [0/50000 (0%)]	Loss: 2.299672
Train Epoch: 27 [1280/50000 (3%)]	Loss: 2.303936
Train Epoch: 27 [2560/50000 (5%)]	Loss: 2.302243
Train Epoch: 27 [3840/50000 (8%)]	Loss: 2.301917
Train Epoch: 27 [5120/50000 (10%)]	Loss: 2.301697
Train Epoch: 27 [6400/50000 (13%)]	Loss: 2.305120
Train Epoch: 27 [7680/50000 (15%)]	Loss: 2.308159
Train Epoch: 27 [8960/50000 (18%)]	Loss: 2.304676
Train Epoch: 27 [10240/50000 (20%)]	Loss: 2.302149
Train Epoch: 27 [11520/50000 (23%)]	Loss: 2.304160
Train Epoch: 27 [12800/50000 (26%)]	Loss: 2.306550
Train Epoch: 27 [14080/50000 (28%)]	Loss: 2.304580
Train Epoch: 27 [15360/50000 (31%)]	Loss: 2.303129
Train Epoch: 27 [16640/50000 (33%)]	Loss: 2.299333
Train Epoch: 27 [17920/50000 (36%)]	Loss: 2.300357
Train Epoch: 27 [19200/50000 (38%)]	Loss: 2.305105
Train Epoch: 27 [20480/50000 (41%)]	Loss: 2.304667
Train Epoch: 27 [21760/50000 (43%)]	Loss: 2.303843
Train Epoch: 27 [23040/50000 (46%)]	Loss: 2.299417
Train Epoch: 27 [24320/50000 (49%)]	Loss: 2.297334
Train Epoch: 27 [25600/50000 (51%)]	Loss: 2.303439
Train Epoch: 27 [26880/50000 (54%)]	Loss: 2.296396
Train Epoch: 27 [28160/50000 (56%)]	Loss: 2.298243
Train Epoch: 27 [29440/50000 (59%)]	Loss: 2.304375
Train Epoch: 27 [30720/50000 (61%)]	Loss: 2.303882
Train Epoch: 27 [32000/50000 (64%)]	Loss: 2.304619
Train Epoch: 27 [33280/50000 (66%)]	Loss: 2.300137
Train Epoch: 27 [34560/50000 (69%)]	Loss: 2.303440
Train Epoch: 27 [35840/50000 (72%)]	Loss: 2.303039
Train Epoch: 27 [37120/50000 (74%)]	Loss: 2.301518
Train Epoch: 27 [38400/50000 (77%)]	Loss: 2.302807
Train Epoch: 27 [39680/50000 (79%)]	Loss: 2.303640
Train Epoch: 27 [40960/50000 (82%)]	Loss: 2.302264
Train Epoch: 27 [42240/50000 (84%)]	Loss: 2.307857
Train Epoch: 27 [43520/50000 (87%)]	Loss: 2.303340
Train Epoch: 27 [44800/50000 (90%)]	Loss: 2.302816
Train Epoch: 27 [46080/50000 (92%)]	Loss: 2.306186
Train Epoch: 27 [47360/50000 (95%)]	Loss: 2.307688
Train Epoch: 27 [48640/50000 (97%)]	Loss: 2.304346
Train Epoch: 27 [31200/50000 (100%)]	Loss: 2.299989
Test Epoch: 27, Average loss: 2.3033, Accuracy: 1000/10000 (10.0000%)
Train Epoch: 28 [0/50000 (0%)]	Loss: 2.306377
Train Epoch: 28 [1280/50000 (3%)]	Loss: 2.303441
Train Epoch: 28 [2560/50000 (5%)]	Loss: 2.303353
Train Epoch: 28 [3840/50000 (8%)]	Loss: 2.299602
Train Epoch: 28 [5120/50000 (10%)]	Loss: 2.304010
Train Epoch: 28 [6400/50000 (13%)]	Loss: 2.303588
Train Epoch: 28 [7680/50000 (15%)]	Loss: 2.302767
Train Epoch: 28 [8960/50000 (18%)]	Loss: 2.304452
Train Epoch: 28 [10240/50000 (20%)]	Loss: 2.303906
Train Epoch: 28 [11520/50000 (23%)]	Loss: 2.306523
Train Epoch: 28 [12800/50000 (26%)]	Loss: 2.300642
Train Epoch: 28 [14080/50000 (28%)]	Loss: 2.303556
Train Epoch: 28 [15360/50000 (31%)]	Loss: 2.305930
Train Epoch: 28 [16640/50000 (33%)]	Loss: 2.302986
Train Epoch: 28 [17920/50000 (36%)]	Loss: 2.308326
Train Epoch: 28 [19200/50000 (38%)]	Loss: 2.305959
Train Epoch: 28 [20480/50000 (41%)]	Loss: 2.304079
Train Epoch: 28 [21760/50000 (43%)]	Loss: 2.304531
Train Epoch: 28 [23040/50000 (46%)]	Loss: 2.313150
Train Epoch: 28 [24320/50000 (49%)]	Loss: 2.300308
Train Epoch: 28 [25600/50000 (51%)]	Loss: 2.310373
Train Epoch: 28 [26880/50000 (54%)]	Loss: 2.307422
Train Epoch: 28 [28160/50000 (56%)]	Loss: 2.306673
Train Epoch: 28 [29440/50000 (59%)]	Loss: 2.303243
Train Epoch: 28 [30720/50000 (61%)]	Loss: 2.312900
Train Epoch: 28 [32000/50000 (64%)]	Loss: 2.306573
Train Epoch: 28 [33280/50000 (66%)]	Loss: 2.307692
Train Epoch: 28 [34560/50000 (69%)]	Loss: 2.308342
Train Epoch: 28 [35840/50000 (72%)]	Loss: 2.302690
Train Epoch: 28 [37120/50000 (74%)]	Loss: 2.302257
Train Epoch: 28 [38400/50000 (77%)]	Loss: 2.304035
Train Epoch: 28 [39680/50000 (79%)]	Loss: 2.304494
Train Epoch: 28 [40960/50000 (82%)]	Loss: 2.301383
Train Epoch: 28 [42240/50000 (84%)]	Loss: 2.304899
Train Epoch: 28 [43520/50000 (87%)]	Loss: 2.299945
Train Epoch: 28 [44800/50000 (90%)]	Loss: 2.305953
Train Epoch: 28 [46080/50000 (92%)]	Loss: 2.303310
Train Epoch: 28 [47360/50000 (95%)]	Loss: 2.302424
Train Epoch: 28 [48640/50000 (97%)]	Loss: 2.303062
Train Epoch: 28 [31200/50000 (100%)]	Loss: 2.298244
Test Epoch: 28, Average loss: 2.3030, Accuracy: 1000/10000 (10.0000%)
Train Epoch: 29 [0/50000 (0%)]	Loss: 2.296856
Train Epoch: 29 [1280/50000 (3%)]	Loss: 2.296230
Train Epoch: 29 [2560/50000 (5%)]	Loss: 2.295361
Train Epoch: 29 [3840/50000 (8%)]	Loss: 2.306926
Train Epoch: 29 [5120/50000 (10%)]	Loss: 2.303636
Train Epoch: 29 [6400/50000 (13%)]	Loss: 2.303355
Train Epoch: 29 [7680/50000 (15%)]	Loss: 2.303602
Train Epoch: 29 [8960/50000 (18%)]	Loss: 2.302890
Train Epoch: 29 [10240/50000 (20%)]	Loss: 2.299497
Train Epoch: 29 [11520/50000 (23%)]	Loss: 2.304057
Train Epoch: 29 [12800/50000 (26%)]	Loss: 2.298009
Train Epoch: 29 [14080/50000 (28%)]	Loss: 2.303578
Train Epoch: 29 [15360/50000 (31%)]	Loss: 2.301324
Train Epoch: 29 [16640/50000 (33%)]	Loss: 2.300940
Train Epoch: 29 [17920/50000 (36%)]	Loss: 2.304452
Train Epoch: 29 [19200/50000 (38%)]	Loss: 2.303696
Train Epoch: 29 [20480/50000 (41%)]	Loss: 2.303143
Train Epoch: 29 [21760/50000 (43%)]	Loss: 2.302430
Train Epoch: 29 [23040/50000 (46%)]	Loss: 2.303460
Train Epoch: 29 [24320/50000 (49%)]	Loss: 2.298784
Train Epoch: 29 [25600/50000 (51%)]	Loss: 2.301860
Train Epoch: 29 [26880/50000 (54%)]	Loss: 2.303144
Train Epoch: 29 [28160/50000 (56%)]	Loss: 2.299132
Train Epoch: 29 [29440/50000 (59%)]	Loss: 2.299095
Train Epoch: 29 [30720/50000 (61%)]	Loss: 2.300853
Train Epoch: 29 [32000/50000 (64%)]	Loss: 2.306630
Train Epoch: 29 [33280/50000 (66%)]	Loss: 2.304494
Train Epoch: 29 [34560/50000 (69%)]	Loss: 2.301354
Train Epoch: 29 [35840/50000 (72%)]	Loss: 2.300719
Train Epoch: 29 [37120/50000 (74%)]	Loss: 2.306571
Train Epoch: 29 [38400/50000 (77%)]	Loss: 2.307644
Train Epoch: 29 [39680/50000 (79%)]	Loss: 2.302285
Train Epoch: 29 [40960/50000 (82%)]	Loss: 2.303669
Train Epoch: 29 [42240/50000 (84%)]	Loss: 2.299314
Train Epoch: 29 [43520/50000 (87%)]	Loss: 2.307811
Train Epoch: 29 [44800/50000 (90%)]	Loss: 2.301207
Train Epoch: 29 [46080/50000 (92%)]	Loss: 2.306059
Train Epoch: 29 [47360/50000 (95%)]	Loss: 2.303065
Train Epoch: 29 [48640/50000 (97%)]	Loss: 2.299410
Train Epoch: 29 [31200/50000 (100%)]	Loss: 2.297811
Test Epoch: 29, Average loss: 2.3032, Accuracy: 1000/10000 (10.0000%)
Train Epoch: 30 [0/50000 (0%)]	Loss: 2.300525
Train Epoch: 30 [1280/50000 (3%)]	Loss: 2.303873
Train Epoch: 30 [2560/50000 (5%)]	Loss: 2.300737
Train Epoch: 30 [3840/50000 (8%)]	Loss: 2.303327
Train Epoch: 30 [5120/50000 (10%)]	Loss: 2.309489
Train Epoch: 30 [6400/50000 (13%)]	Loss: 2.302460
Train Epoch: 30 [7680/50000 (15%)]	Loss: 2.311214
Train Epoch: 30 [8960/50000 (18%)]	Loss: 2.306846
Train Epoch: 30 [10240/50000 (20%)]	Loss: 2.303044
Train Epoch: 30 [11520/50000 (23%)]	Loss: 2.304998
Train Epoch: 30 [12800/50000 (26%)]	Loss: 2.302569
Train Epoch: 30 [14080/50000 (28%)]	Loss: 2.299436
Train Epoch: 30 [15360/50000 (31%)]	Loss: 2.297329
Train Epoch: 30 [16640/50000 (33%)]	Loss: 2.300822
Train Epoch: 30 [17920/50000 (36%)]	Loss: 2.300135
Train Epoch: 30 [19200/50000 (38%)]	Loss: 2.306134
Train Epoch: 30 [20480/50000 (41%)]	Loss: 2.303043
Train Epoch: 30 [21760/50000 (43%)]	Loss: 2.301766
Train Epoch: 30 [23040/50000 (46%)]	Loss: 2.307027
Train Epoch: 30 [24320/50000 (49%)]	Loss: 2.305562
Train Epoch: 30 [25600/50000 (51%)]	Loss: 2.304947
Train Epoch: 30 [26880/50000 (54%)]	Loss: 2.304235
Train Epoch: 30 [28160/50000 (56%)]	Loss: 2.301805
Train Epoch: 30 [29440/50000 (59%)]	Loss: 2.306715
Train Epoch: 30 [30720/50000 (61%)]	Loss: 2.303394
Train Epoch: 30 [32000/50000 (64%)]	Loss: 2.305249
Train Epoch: 30 [33280/50000 (66%)]	Loss: 2.300097
Train Epoch: 30 [34560/50000 (69%)]	Loss: 2.298269
Train Epoch: 30 [35840/50000 (72%)]	Loss: 2.298565
Train Epoch: 30 [37120/50000 (74%)]	Loss: 2.303403
Train Epoch: 30 [38400/50000 (77%)]	Loss: 2.302679
Train Epoch: 30 [39680/50000 (79%)]	Loss: 2.302831
Train Epoch: 30 [40960/50000 (82%)]	Loss: 2.299919
Train Epoch: 30 [42240/50000 (84%)]	Loss: 2.299075
Train Epoch: 30 [43520/50000 (87%)]	Loss: 2.305116
Train Epoch: 30 [44800/50000 (90%)]	Loss: 2.303008
Train Epoch: 30 [46080/50000 (92%)]	Loss: 2.304354
Train Epoch: 30 [47360/50000 (95%)]	Loss: 2.304841
Train Epoch: 30 [48640/50000 (97%)]	Loss: 2.301930
Train Epoch: 30 [31200/50000 (100%)]	Loss: 2.306487
Test Epoch: 30, Average loss: 2.3032, Accuracy: 1000/10000 (10.0000%)
Running plot04
