0.8
Epoch 1: Train Loss 0.014539331943437447, Test Loss 1.0938535478119478, Test Accuracy 60.99416103257529, Dropout Probability 0.3
Using downloaded and verified file: ../data/train_32x32.mat
Using downloaded and verified file: ../data/test_32x32.mat
Starting training at: 1716314186.1128
Epoch 2: Train Loss 0.005988306088062688, Test Loss 0.5583305605071852, Test Accuracy 82.62907191149354, Dropout Probability 0.1
Epoch 2: Train Loss 0.006046302530655757, Test Loss 0.5506489712106134, Test Accuracy 82.5560848186847, Dropout Probability 0.3
Epoch 1: Train Loss 0.015503539918904508, Test Loss 1.575105921505563, Test Accuracy 42.551475107559924, Dropout Probability 0.8
Epoch 3: Train Loss 0.003452171362486047, Test Loss 0.4064029782699088, Test Accuracy 87.63060848186846, Dropout Probability 0.1
Epoch 3: Train Loss 0.0035140590989957616, Test Loss 0.3926073776554607, Test Accuracy 88.1261524277812, Dropout Probability 0.3
Epoch 2: Train Loss 0.009594183888558972, Test Loss 0.808370416708057, Test Accuracy 73.37123540258143, Dropout Probability 0.8
Epoch 4: Train Loss 0.0026502116280118742, Test Loss 0.35583659631017533, Test Accuracy 89.25553165334972, Dropout Probability 0.1
Epoch 4: Train Loss 0.0026507894727777806, Test Loss 0.361210409233595, Test Accuracy 88.94053472649047, Dropout Probability 0.3
Epoch 3: Train Loss 0.005086651073863905, Test Loss 0.4762230757635359, Test Accuracy 85.5639213275968, Dropout Probability 0.8
Epoch 5: Train Loss 0.0021628595550243148, Test Loss 0.32404184136276387, Test Accuracy 90.40027658266749, Dropout Probability 0.1
Epoch 5: Train Loss 0.002173786195826761, Test Loss 0.3171865238173285, Test Accuracy 90.46558082360173, Dropout Probability 0.3
Epoch 4: Train Loss 0.003390295713985754, Test Loss 0.4874232438127908, Test Accuracy 85.23740012292564, Dropout Probability 0.8
Epoch 6: Train Loss 0.0018114526505342177, Test Loss 0.3043518400514646, Test Accuracy 90.98417332513829, Dropout Probability 0.1
Epoch 6: Train Loss 0.0018101511167796789, Test Loss 0.2962107189462166, Test Accuracy 91.28380454824831, Dropout Probability 0.3
Epoch 5: Train Loss 0.002735983281695049, Test Loss 0.3658569086235436, Test Accuracy 89.49754148740013, Dropout Probability 0.8
Epoch 7: Train Loss 0.0015218663066049946, Test Loss 0.3030278394027363, Test Accuracy 91.14935464044254, Dropout Probability 0.1
Epoch 7: Train Loss 0.00154698863009196, Test Loss 0.2882130569523657, Test Accuracy 91.60264290104487, Dropout Probability 0.3
Epoch 6: Train Loss 0.002334111843365492, Test Loss 0.31450416181595986, Test Accuracy 91.24539028887523, Dropout Probability 0.8
Epoch 8: Train Loss 0.0012947869824601107, Test Loss 0.3001410947962634, Test Accuracy 91.51429010448679, Dropout Probability 0.3
Epoch 8: Train Loss 0.0013175758563805586, Test Loss 0.28746422683818984, Test Accuracy 91.73325138291334, Dropout Probability 0.1
Epoch 7: Train Loss 0.0020334879070533014, Test Loss 0.31630581349922093, Test Accuracy 91.19161032575292, Dropout Probability 0.8
Epoch 9: Train Loss 0.0010829341575619904, Test Loss 0.2953733046800722, Test Accuracy 91.53733866011063, Dropout Probability 0.3
Epoch 9: Train Loss 0.001109485441527017, Test Loss 0.30607248246486596, Test Accuracy 91.36063306699447, Dropout Probability 0.1
Epoch 8: Train Loss 0.0017582063520083398, Test Loss 0.3186034001524491, Test Accuracy 91.32606023355869, Dropout Probability 0.8
Epoch 10: Train Loss 0.0009037571139419567, Test Loss 0.29496739609664985, Test Accuracy 91.98294406883835, Dropout Probability 0.3
Epoch 10: Train Loss 0.0009305771963767037, Test Loss 0.30463596290067874, Test Accuracy 91.81007990165949, Dropout Probability 0.1
Epoch 9: Train Loss 0.0015332927645881679, Test Loss 0.29667776233225274, Test Accuracy 91.93300553165335, Dropout Probability 0.8
Epoch 11: Train Loss 0.000782637155049328, Test Loss 0.3282057334838942, Test Accuracy 91.40288875230486, Dropout Probability 0.3
Epoch 11: Train Loss 0.0007946683335810058, Test Loss 0.31220559950759974, Test Accuracy 91.8600184388445, Dropout Probability 0.1
Epoch 10: Train Loss 0.0013306147048978124, Test Loss 0.3112517804108885, Test Accuracy 91.5219729563614, Dropout Probability 0.8
Epoch 12: Train Loss 0.0006757922835206356, Test Loss 0.3205357055101354, Test Accuracy 91.77550706822373, Dropout Probability 0.3
Epoch 12: Train Loss 0.0006832411908592592, Test Loss 0.32756174013668876, Test Accuracy 91.72940995697603, Dropout Probability 0.1
Epoch 11: Train Loss 0.0011648771235330073, Test Loss 0.3411917073930343, Test Accuracy 91.6602642901045, Dropout Probability 0.8
Epoch 13: Train Loss 0.0005358064395755556, Test Loss 0.3247639920422836, Test Accuracy 92.02519975414874, Dropout Probability 0.3
Epoch 13: Train Loss 0.0005707076694262315, Test Loss 0.3546617076524431, Test Accuracy 91.25691456668716, Dropout Probability 0.1
Epoch 12: Train Loss 0.0010489529580457978, Test Loss 0.32059213290129546, Test Accuracy 91.83312845728334, Dropout Probability 0.8
Epoch 14: Train Loss 0.0004714220795980626, Test Loss 0.3754538897729462, Test Accuracy 91.40288875230486, Dropout Probability 0.3
Epoch 14: Train Loss 0.0005138307850486162, Test Loss 0.3860601045342406, Test Accuracy 90.9880147510756, Dropout Probability 0.1
Epoch 13: Train Loss 0.0009241398874309368, Test Loss 0.3321698780212215, Test Accuracy 91.84465273509527, Dropout Probability 0.8
Epoch 15: Train Loss 0.00043805535618571614, Test Loss 0.36862428509243883, Test Accuracy 91.56422864167179, Dropout Probability 0.3
Epoch 15: Train Loss 0.0004746309349764617, Test Loss 0.37287619660511734, Test Accuracy 91.40288875230486, Dropout Probability 0.1
Epoch 14: Train Loss 0.000775027956781486, Test Loss 0.3624646656338833, Test Accuracy 91.5181315304241, Dropout Probability 0.8
Epoch 16: Train Loss 0.0003725564171970322, Test Loss 0.3859127175976472, Test Accuracy 91.36447449293178, Dropout Probability 0.3
Epoch 16: Train Loss 0.0003870899117320328, Test Loss 0.3761640957842301, Test Accuracy 91.5219729563614, Dropout Probability 0.1
Epoch 15: Train Loss 0.0007214399610157518, Test Loss 0.41254529794741057, Test Accuracy 91.00722188076215, Dropout Probability 0.8
Epoch 17: Train Loss 0.0003315441663069928, Test Loss 0.4090655185579887, Test Accuracy 90.91886908420406, Dropout Probability 0.3
Epoch 17: Train Loss 0.00034185553671261024, Test Loss 0.3744270773701823, Test Accuracy 91.4259373079287, Dropout Probability 0.1
Epoch 16: Train Loss 0.0006613358790792149, Test Loss 0.3800036747468785, Test Accuracy 92.14428395820529, Dropout Probability 0.8
Epoch 18: Train Loss 0.00029391140601976794, Test Loss 0.4188684980489758, Test Accuracy 91.59880147510756, Dropout Probability 0.3
Epoch 18: Train Loss 0.00034175359393980205, Test Loss 0.3929477045707492, Test Accuracy 91.69867854947756, Dropout Probability 0.1
Epoch 17: Train Loss 0.0005730956598626313, Test Loss 0.35518468635244904, Test Accuracy 92.01751690227412, Dropout Probability 0.8
Epoch 19: Train Loss 0.000293391989286594, Test Loss 0.40356775493656993, Test Accuracy 91.7140442532268, Dropout Probability 0.3
Epoch 19: Train Loss 0.0002876366965487522, Test Loss 0.4199989825285646, Test Accuracy 91.52965580823601, Dropout Probability 0.1
Epoch 18: Train Loss 0.0004916776118601644, Test Loss 0.3878145880250749, Test Accuracy 91.93684695759066, Dropout Probability 0.8
Epoch 20: Train Loss 0.0002554128006503367, Test Loss 0.418865147000379, Test Accuracy 91.84849416103258, Dropout Probability 0.3
Epoch 20: Train Loss 0.00026785039012714254, Test Loss 0.4301977192762078, Test Accuracy 91.62185003073141, Dropout Probability 0.1
Epoch 19: Train Loss 0.000461185204813643, Test Loss 0.4469978746345018, Test Accuracy 90.8881376767056, Dropout Probability 0.8
Epoch 20: Train Loss 0.00041147331498341677, Test Loss 0.4463480091856972, Test Accuracy 91.76014136447449, Dropout Probability 0.8
Epoch 21: Train Loss 0.0002342614748260533, Test Loss 0.44253364954539876, Test Accuracy 91.43746158574062, Dropout Probability 0.3
Epoch 21: Train Loss 0.00024864428003646744, Test Loss 0.4160434849509888, Test Accuracy 91.31069452980947, Dropout Probability 0.1
Epoch 22: Train Loss 0.0002154077527568629, Test Loss 0.40460917022086096, Test Accuracy 91.84465273509527, Dropout Probability 0.3
Epoch 22: Train Loss 0.0002428928774188574, Test Loss 0.4747806020360383, Test Accuracy 91.379840196681, Dropout Probability 0.1
Epoch 21: Train Loss 0.00037349043626178107, Test Loss 0.408500629769708, Test Accuracy 92.09050399508297, Dropout Probability 0.8
Epoch 23: Train Loss 0.00018672796882925616, Test Loss 0.4747389211344001, Test Accuracy 91.50276582667486, Dropout Probability 0.3
Epoch 23: Train Loss 0.00020623236756524356, Test Loss 0.473600575142868, Test Accuracy 91.1762446220037, Dropout Probability 0.1
Epoch 22: Train Loss 0.0003417308714367361, Test Loss 0.442374045378457, Test Accuracy 92.10971112476952, Dropout Probability 0.8
Epoch 24: Train Loss 0.00019253471200882054, Test Loss 0.44206011419876556, Test Accuracy 91.78703134603565, Dropout Probability 0.3
Epoch 24: Train Loss 0.00019011343174212545, Test Loss 0.4641463661311079, Test Accuracy 91.4758758451137, Dropout Probability 0.1
Epoch 23: Train Loss 0.0003355970703882491, Test Loss 0.4724807446180272, Test Accuracy 91.09941610325752, Dropout Probability 0.8
Epoch 25: Train Loss 0.00016380303482083932, Test Loss 0.44811616005454974, Test Accuracy 91.30301167793485, Dropout Probability 0.3
Epoch 25: Train Loss 0.00018707223696745948, Test Loss 0.4835156679299981, Test Accuracy 91.60264290104487, Dropout Probability 0.1
Epoch 24: Train Loss 0.00031590456038036916, Test Loss 0.4864668497368098, Test Accuracy 91.38368162261831, Dropout Probability 0.8
Epoch 26: Train Loss 0.0001739228485086977, Test Loss 0.47448436570592506, Test Accuracy 91.77550706822373, Dropout Probability 0.3
Epoch 26: Train Loss 0.00016763890003292095, Test Loss 0.44524372583821864, Test Accuracy 91.79855562384758, Dropout Probability 0.1
Epoch 25: Train Loss 0.0002769704600518768, Test Loss 0.47152532414563536, Test Accuracy 91.86770129071911, Dropout Probability 0.8
Epoch 27: Train Loss 0.0001515226237028683, Test Loss 0.4533793526188171, Test Accuracy 91.5219729563614, Dropout Probability 0.3
Epoch 27: Train Loss 0.0001771800506699121, Test Loss 0.46217483820619215, Test Accuracy 91.57575291948372, Dropout Probability 0.1
Epoch 26: Train Loss 0.0002599438052789836, Test Loss 0.45132079180135415, Test Accuracy 92.14044253226798, Dropout Probability 0.8
Epoch 28: Train Loss 0.000140786538142014, Test Loss 0.4481266938475062, Test Accuracy 91.9099569760295, Dropout Probability 0.3
Epoch 28: Train Loss 0.00015103384675950134, Test Loss 0.43694279160174254, Test Accuracy 91.98678549477566, Dropout Probability 0.1
Epoch 27: Train Loss 0.00024803245397152056, Test Loss 0.45796394582606564, Test Accuracy 91.67947141979103, Dropout Probability 0.8
Epoch 29: Train Loss 0.0001419247378270888, Test Loss 0.456122711383278, Test Accuracy 91.87922556853104, Dropout Probability 0.3
Epoch 29: Train Loss 0.00013662494773254553, Test Loss 0.4668098114426325, Test Accuracy 91.75245851259987, Dropout Probability 0.1
Epoch 28: Train Loss 0.00022037637277456343, Test Loss 0.49770474683014837, Test Accuracy 91.99062692071297, Dropout Probability 0.8
