Running exercise04
Files already downloaded and verified
Train Epoch: 1 [0/50000 (0%)]	Loss: 2.301833
Train Epoch: 1 [1280/50000 (3%)]	Loss: 2.350270
Train Epoch: 1 [2560/50000 (5%)]	Loss: 2.305112
Train Epoch: 1 [3840/50000 (8%)]	Loss: 2.306800
Train Epoch: 1 [5120/50000 (10%)]	Loss: 2.306797
Train Epoch: 1 [6400/50000 (13%)]	Loss: 2.305630
Train Epoch: 1 [7680/50000 (15%)]	Loss: 2.301769
Train Epoch: 1 [8960/50000 (18%)]	Loss: 2.300724
Train Epoch: 1 [10240/50000 (20%)]	Loss: 2.305478
Train Epoch: 1 [11520/50000 (23%)]	Loss: 2.310788
Train Epoch: 1 [12800/50000 (26%)]	Loss: 2.302309
Train Epoch: 1 [14080/50000 (28%)]	Loss: 2.305170
Train Epoch: 1 [15360/50000 (31%)]	Loss: 2.300052
Train Epoch: 1 [16640/50000 (33%)]	Loss: 2.304718
Train Epoch: 1 [17920/50000 (36%)]	Loss: 2.302570
Train Epoch: 1 [19200/50000 (38%)]	Loss: 2.301715
Train Epoch: 1 [20480/50000 (41%)]	Loss: 2.294645
Train Epoch: 1 [21760/50000 (43%)]	Loss: 2.301146
Train Epoch: 1 [23040/50000 (46%)]	Loss: 2.304120
Train Epoch: 1 [24320/50000 (49%)]	Loss: 2.298808
Train Epoch: 1 [25600/50000 (51%)]	Loss: 2.301177
Train Epoch: 1 [26880/50000 (54%)]	Loss: 2.305959
Train Epoch: 1 [28160/50000 (56%)]	Loss: 2.303130
Train Epoch: 1 [29440/50000 (59%)]	Loss: 2.304402
Train Epoch: 1 [30720/50000 (61%)]	Loss: 2.302386
Train Epoch: 1 [32000/50000 (64%)]	Loss: 2.303907
Train Epoch: 1 [33280/50000 (66%)]	Loss: 2.307934
Train Epoch: 1 [34560/50000 (69%)]	Loss: 2.305979
Train Epoch: 1 [35840/50000 (72%)]	Loss: 2.302048
Train Epoch: 1 [37120/50000 (74%)]	Loss: 2.300849
Train Epoch: 1 [38400/50000 (77%)]	Loss: 2.304001
Train Epoch: 1 [39680/50000 (79%)]	Loss: 2.300830
Train Epoch: 1 [40960/50000 (82%)]	Loss: 2.308216
Train Epoch: 1 [42240/50000 (84%)]	Loss: 2.305738
Train Epoch: 1 [43520/50000 (87%)]	Loss: 2.306093
Train Epoch: 1 [44800/50000 (90%)]	Loss: 2.308169
Train Epoch: 1 [46080/50000 (92%)]	Loss: 2.301979
Train Epoch: 1 [47360/50000 (95%)]	Loss: 2.308727
Train Epoch: 1 [48640/50000 (97%)]	Loss: 2.291906
Train Epoch: 1 [31200/50000 (100%)]	Loss: 2.298257
Test Epoch: 1, Average loss: 2.3039, Accuracy: 1000/10000 (10.0000%)
Train Epoch: 2 [0/50000 (0%)]	Loss: 2.309995
Train Epoch: 2 [1280/50000 (3%)]	Loss: 2.301430
Train Epoch: 2 [2560/50000 (5%)]	Loss: 2.309637
Train Epoch: 2 [3840/50000 (8%)]	Loss: 2.299635
Train Epoch: 2 [5120/50000 (10%)]	Loss: 2.305076
Train Epoch: 2 [6400/50000 (13%)]	Loss: 2.301929
Train Epoch: 2 [7680/50000 (15%)]	Loss: 2.303563
Train Epoch: 2 [8960/50000 (18%)]	Loss: 2.317206
Train Epoch: 2 [10240/50000 (20%)]	Loss: 2.310506
Train Epoch: 2 [11520/50000 (23%)]	Loss: 2.300887
Train Epoch: 2 [12800/50000 (26%)]	Loss: 2.321672
Train Epoch: 2 [14080/50000 (28%)]	Loss: 2.295964
Train Epoch: 2 [15360/50000 (31%)]	Loss: 2.304085
Train Epoch: 2 [16640/50000 (33%)]	Loss: 2.306367
Train Epoch: 2 [17920/50000 (36%)]	Loss: 2.305731
Train Epoch: 2 [19200/50000 (38%)]	Loss: 2.308547
Train Epoch: 2 [20480/50000 (41%)]	Loss: 2.305588
Train Epoch: 2 [21760/50000 (43%)]	Loss: 2.303955
Train Epoch: 2 [23040/50000 (46%)]	Loss: 2.305162
Train Epoch: 2 [24320/50000 (49%)]	Loss: 2.308947
Train Epoch: 2 [25600/50000 (51%)]	Loss: 2.305033
Train Epoch: 2 [26880/50000 (54%)]	Loss: 2.300526
Train Epoch: 2 [28160/50000 (56%)]	Loss: 2.301619
Train Epoch: 2 [29440/50000 (59%)]	Loss: 2.304107
Train Epoch: 2 [30720/50000 (61%)]	Loss: 2.308156
Train Epoch: 2 [32000/50000 (64%)]	Loss: 2.301007
Train Epoch: 2 [33280/50000 (66%)]	Loss: 2.304373
Train Epoch: 2 [34560/50000 (69%)]	Loss: 2.302249
Train Epoch: 2 [35840/50000 (72%)]	Loss: 2.301820
Train Epoch: 2 [37120/50000 (74%)]	Loss: 2.301277
Train Epoch: 2 [38400/50000 (77%)]	Loss: 2.301099
Train Epoch: 2 [39680/50000 (79%)]	Loss: 2.300949
Train Epoch: 2 [40960/50000 (82%)]	Loss: 2.299997
Train Epoch: 2 [42240/50000 (84%)]	Loss: 2.303337
Train Epoch: 2 [43520/50000 (87%)]	Loss: 2.304519
Train Epoch: 2 [44800/50000 (90%)]	Loss: 2.306176
Train Epoch: 2 [46080/50000 (92%)]	Loss: 2.304891
Train Epoch: 2 [47360/50000 (95%)]	Loss: 2.304359
Train Epoch: 2 [48640/50000 (97%)]	Loss: 2.303230
Train Epoch: 2 [31200/50000 (100%)]	Loss: 2.307323
Test Epoch: 2, Average loss: 2.3041, Accuracy: 1000/10000 (10.0000%)
Train Epoch: 3 [0/50000 (0%)]	Loss: 2.300872
Train Epoch: 3 [1280/50000 (3%)]	Loss: 2.305346
Train Epoch: 3 [2560/50000 (5%)]	Loss: 2.301003
Train Epoch: 3 [3840/50000 (8%)]	Loss: 2.304328
Train Epoch: 3 [5120/50000 (10%)]	Loss: 2.307925
Train Epoch: 3 [6400/50000 (13%)]	Loss: 2.303860
Train Epoch: 3 [7680/50000 (15%)]	Loss: 2.300796
Train Epoch: 3 [8960/50000 (18%)]	Loss: 2.302120
Train Epoch: 3 [10240/50000 (20%)]	Loss: 2.302865
Train Epoch: 3 [11520/50000 (23%)]	Loss: 2.304302
Train Epoch: 3 [12800/50000 (26%)]	Loss: 2.303801
Train Epoch: 3 [14080/50000 (28%)]	Loss: 2.303303
Train Epoch: 3 [15360/50000 (31%)]	Loss: 2.307522
Train Epoch: 3 [16640/50000 (33%)]	Loss: 2.300497
Train Epoch: 3 [17920/50000 (36%)]	Loss: 2.300707
Train Epoch: 3 [19200/50000 (38%)]	Loss: 2.300353
Train Epoch: 3 [20480/50000 (41%)]	Loss: 2.299977
Train Epoch: 3 [21760/50000 (43%)]	Loss: 2.306946
Train Epoch: 3 [23040/50000 (46%)]	Loss: 2.300329
Train Epoch: 3 [24320/50000 (49%)]	Loss: 2.301721
Train Epoch: 3 [25600/50000 (51%)]	Loss: 2.307486
Train Epoch: 3 [26880/50000 (54%)]	Loss: 2.302458
Train Epoch: 3 [28160/50000 (56%)]	Loss: 2.295474
Train Epoch: 3 [29440/50000 (59%)]	Loss: 2.302358
Train Epoch: 3 [30720/50000 (61%)]	Loss: 2.299308
Train Epoch: 3 [32000/50000 (64%)]	Loss: 2.303469
Train Epoch: 3 [33280/50000 (66%)]	Loss: 2.300019
Train Epoch: 3 [34560/50000 (69%)]	Loss: 2.302393
Train Epoch: 3 [35840/50000 (72%)]	Loss: 2.302070
Train Epoch: 3 [37120/50000 (74%)]	Loss: 2.304536
Train Epoch: 3 [38400/50000 (77%)]	Loss: 2.303030
Train Epoch: 3 [39680/50000 (79%)]	Loss: 2.302863
Train Epoch: 3 [40960/50000 (82%)]	Loss: 2.299031
Train Epoch: 3 [42240/50000 (84%)]	Loss: 2.301811
Train Epoch: 3 [43520/50000 (87%)]	Loss: 2.304315
Train Epoch: 3 [44800/50000 (90%)]	Loss: 2.303275
Train Epoch: 3 [46080/50000 (92%)]	Loss: 2.298308
Train Epoch: 3 [47360/50000 (95%)]	Loss: 2.305228
Train Epoch: 3 [48640/50000 (97%)]	Loss: 2.303565
Train Epoch: 3 [31200/50000 (100%)]	Loss: 2.302792
Test Epoch: 3, Average loss: 2.3044, Accuracy: 1000/10000 (10.0000%)
Train Epoch: 4 [0/50000 (0%)]	Loss: 2.301522
Train Epoch: 4 [1280/50000 (3%)]	Loss: 2.310557
Train Epoch: 4 [2560/50000 (5%)]	Loss: 2.305288
Train Epoch: 4 [3840/50000 (8%)]	Loss: 2.300789
Train Epoch: 4 [5120/50000 (10%)]	Loss: 2.312624
Train Epoch: 4 [6400/50000 (13%)]	Loss: 2.302947
Train Epoch: 4 [7680/50000 (15%)]	Loss: 2.303846
Train Epoch: 4 [8960/50000 (18%)]	Loss: 2.300680
Train Epoch: 4 [10240/50000 (20%)]	Loss: 2.296398
Train Epoch: 4 [11520/50000 (23%)]	Loss: 2.303254
Train Epoch: 4 [12800/50000 (26%)]	Loss: 2.301171
Train Epoch: 4 [14080/50000 (28%)]	Loss: 2.305501
Train Epoch: 4 [15360/50000 (31%)]	Loss: 2.305805
Train Epoch: 4 [16640/50000 (33%)]	Loss: 2.310849
Train Epoch: 4 [17920/50000 (36%)]	Loss: 2.294585
Train Epoch: 4 [19200/50000 (38%)]	Loss: 2.301236
Train Epoch: 4 [20480/50000 (41%)]	Loss: 2.302438
Train Epoch: 4 [21760/50000 (43%)]	Loss: 2.299935
Train Epoch: 4 [23040/50000 (46%)]	Loss: 2.311747
Train Epoch: 4 [24320/50000 (49%)]	Loss: 2.301919
Train Epoch: 4 [25600/50000 (51%)]	Loss: 2.310699
Train Epoch: 4 [26880/50000 (54%)]	Loss: 2.301097
Train Epoch: 4 [28160/50000 (56%)]	Loss: 2.302561
Train Epoch: 4 [29440/50000 (59%)]	Loss: 2.301112
Train Epoch: 4 [30720/50000 (61%)]	Loss: 2.303543
Train Epoch: 4 [32000/50000 (64%)]	Loss: 2.306780
Train Epoch: 4 [33280/50000 (66%)]	Loss: 2.302430
Train Epoch: 4 [34560/50000 (69%)]	Loss: 2.303793
Train Epoch: 4 [35840/50000 (72%)]	Loss: 2.301296
Train Epoch: 4 [37120/50000 (74%)]	Loss: 2.299580
Train Epoch: 4 [38400/50000 (77%)]	Loss: 2.299745
Train Epoch: 4 [39680/50000 (79%)]	Loss: 2.302230
Train Epoch: 4 [40960/50000 (82%)]	Loss: 2.304359
Train Epoch: 4 [42240/50000 (84%)]	Loss: 2.301576
Train Epoch: 4 [43520/50000 (87%)]	Loss: 2.305604
Train Epoch: 4 [44800/50000 (90%)]	Loss: 2.298730
Train Epoch: 4 [46080/50000 (92%)]	Loss: 2.302386
Train Epoch: 4 [47360/50000 (95%)]	Loss: 2.304633
Train Epoch: 4 [48640/50000 (97%)]	Loss: 2.303632
Train Epoch: 4 [31200/50000 (100%)]	Loss: 2.299332
Test Epoch: 4, Average loss: 2.3036, Accuracy: 1000/10000 (10.0000%)
Train Epoch: 5 [0/50000 (0%)]	Loss: 2.307302
Train Epoch: 5 [1280/50000 (3%)]	Loss: 2.300951
Train Epoch: 5 [2560/50000 (5%)]	Loss: 2.306440
Train Epoch: 5 [3840/50000 (8%)]	Loss: 2.299272
Train Epoch: 5 [5120/50000 (10%)]	Loss: 2.302822
Train Epoch: 5 [6400/50000 (13%)]	Loss: 2.307606
Train Epoch: 5 [7680/50000 (15%)]	Loss: 2.300659
Train Epoch: 5 [8960/50000 (18%)]	Loss: 2.299909
Train Epoch: 5 [10240/50000 (20%)]	Loss: 2.301884
Train Epoch: 5 [11520/50000 (23%)]	Loss: 2.303886
Train Epoch: 5 [12800/50000 (26%)]	Loss: 2.318203
Train Epoch: 5 [14080/50000 (28%)]	Loss: 2.302056
Train Epoch: 5 [15360/50000 (31%)]	Loss: 2.311698
Train Epoch: 5 [16640/50000 (33%)]	Loss: 2.305832
Train Epoch: 5 [17920/50000 (36%)]	Loss: 2.314410
Train Epoch: 5 [19200/50000 (38%)]	Loss: 2.308737
Train Epoch: 5 [20480/50000 (41%)]	Loss: 2.301485
Train Epoch: 5 [21760/50000 (43%)]	Loss: 2.334318
Train Epoch: 5 [23040/50000 (46%)]	Loss: 2.339899
Train Epoch: 5 [24320/50000 (49%)]	Loss: 2.304534
Train Epoch: 5 [25600/50000 (51%)]	Loss: 2.342073
Train Epoch: 5 [26880/50000 (54%)]	Loss: 2.304371
Train Epoch: 5 [28160/50000 (56%)]	Loss: 2.313807
Train Epoch: 5 [29440/50000 (59%)]	Loss: 2.304524
Train Epoch: 5 [30720/50000 (61%)]	Loss: 2.303586
Train Epoch: 5 [32000/50000 (64%)]	Loss: 2.305079
Train Epoch: 5 [33280/50000 (66%)]	Loss: 2.297153
Train Epoch: 5 [34560/50000 (69%)]	Loss: 2.298153
Train Epoch: 5 [35840/50000 (72%)]	Loss: 2.303834
Train Epoch: 5 [37120/50000 (74%)]	Loss: 2.303885
Train Epoch: 5 [38400/50000 (77%)]	Loss: 2.308333
Train Epoch: 5 [39680/50000 (79%)]	Loss: 2.299633
Train Epoch: 5 [40960/50000 (82%)]	Loss: 2.305322
Train Epoch: 5 [42240/50000 (84%)]	Loss: 2.320231
Train Epoch: 5 [43520/50000 (87%)]	Loss: 2.304522
Train Epoch: 5 [44800/50000 (90%)]	Loss: 2.303323
Train Epoch: 5 [46080/50000 (92%)]	Loss: 2.315782
Train Epoch: 5 [47360/50000 (95%)]	Loss: 2.299804
Train Epoch: 5 [48640/50000 (97%)]	Loss: 2.323233
Train Epoch: 5 [31200/50000 (100%)]	Loss: 2.304970
Test Epoch: 5, Average loss: 2.3039, Accuracy: 1000/10000 (10.0000%)
Train Epoch: 6 [0/50000 (0%)]	Loss: 2.303201
Train Epoch: 6 [1280/50000 (3%)]	Loss: 2.304943
Train Epoch: 6 [2560/50000 (5%)]	Loss: 2.298449
Train Epoch: 6 [3840/50000 (8%)]	Loss: 2.306525
Train Epoch: 6 [5120/50000 (10%)]	Loss: 2.307777
Train Epoch: 6 [6400/50000 (13%)]	Loss: 2.316583
Train Epoch: 6 [7680/50000 (15%)]	Loss: 2.298324
Train Epoch: 6 [8960/50000 (18%)]	Loss: 2.296956
Train Epoch: 6 [10240/50000 (20%)]	Loss: 2.307123
Train Epoch: 6 [11520/50000 (23%)]	Loss: 2.293917
Train Epoch: 6 [12800/50000 (26%)]	Loss: 2.301007
Train Epoch: 6 [14080/50000 (28%)]	Loss: 2.299224
Train Epoch: 6 [15360/50000 (31%)]	Loss: 2.305038
Train Epoch: 6 [16640/50000 (33%)]	Loss: 2.300860
Train Epoch: 6 [17920/50000 (36%)]	Loss: 2.302983
Train Epoch: 6 [19200/50000 (38%)]	Loss: 2.297218
Train Epoch: 6 [20480/50000 (41%)]	Loss: 2.293876
Train Epoch: 6 [21760/50000 (43%)]	Loss: 2.306109
Train Epoch: 6 [23040/50000 (46%)]	Loss: 2.315532
Train Epoch: 6 [24320/50000 (49%)]	Loss: 2.308886
Train Epoch: 6 [25600/50000 (51%)]	Loss: 2.300287
Train Epoch: 6 [26880/50000 (54%)]	Loss: 2.332244
Train Epoch: 6 [28160/50000 (56%)]	Loss: 2.308127
Train Epoch: 6 [29440/50000 (59%)]	Loss: 2.303946
Train Epoch: 6 [30720/50000 (61%)]	Loss: 2.300854
Train Epoch: 6 [32000/50000 (64%)]	Loss: 2.295276
Train Epoch: 6 [33280/50000 (66%)]	Loss: 2.305123
Train Epoch: 6 [34560/50000 (69%)]	Loss: 2.305822
Train Epoch: 6 [35840/50000 (72%)]	Loss: 2.300136
Train Epoch: 6 [37120/50000 (74%)]	Loss: 2.299765
Train Epoch: 6 [38400/50000 (77%)]	Loss: 2.302818
Train Epoch: 6 [39680/50000 (79%)]	Loss: 2.304187
Train Epoch: 6 [40960/50000 (82%)]	Loss: 2.303602
Train Epoch: 6 [42240/50000 (84%)]	Loss: 2.304075
Train Epoch: 6 [43520/50000 (87%)]	Loss: 2.304804
Train Epoch: 6 [44800/50000 (90%)]	Loss: 2.304209
Train Epoch: 6 [46080/50000 (92%)]	Loss: 2.307519
Train Epoch: 6 [47360/50000 (95%)]	Loss: 2.304201
Train Epoch: 6 [48640/50000 (97%)]	Loss: 2.298549
Train Epoch: 6 [31200/50000 (100%)]	Loss: 2.305693
Test Epoch: 6, Average loss: 2.3033, Accuracy: 1000/10000 (10.0000%)
Train Epoch: 7 [0/50000 (0%)]	Loss: 2.298172
Train Epoch: 7 [1280/50000 (3%)]	Loss: 2.305283
Train Epoch: 7 [2560/50000 (5%)]	Loss: 2.305774
Train Epoch: 7 [3840/50000 (8%)]	Loss: 2.295500
Train Epoch: 7 [5120/50000 (10%)]	Loss: 2.302918
Train Epoch: 7 [6400/50000 (13%)]	Loss: 2.300865
Train Epoch: 7 [7680/50000 (15%)]	Loss: 2.304294
Train Epoch: 7 [8960/50000 (18%)]	Loss: 2.307213
Train Epoch: 7 [10240/50000 (20%)]	Loss: 2.300412
Train Epoch: 7 [11520/50000 (23%)]	Loss: 2.298947
Train Epoch: 7 [12800/50000 (26%)]	Loss: 2.302903
Train Epoch: 7 [14080/50000 (28%)]	Loss: 2.304359
Train Epoch: 7 [15360/50000 (31%)]	Loss: 2.303203
Train Epoch: 7 [16640/50000 (33%)]	Loss: 2.301643
Train Epoch: 7 [17920/50000 (36%)]	Loss: 2.304190
Train Epoch: 7 [19200/50000 (38%)]	Loss: 2.300780
Train Epoch: 7 [20480/50000 (41%)]	Loss: 2.307358
Train Epoch: 7 [21760/50000 (43%)]	Loss: 2.303365
Train Epoch: 7 [23040/50000 (46%)]	Loss: 2.313947
Train Epoch: 7 [24320/50000 (49%)]	Loss: 2.305918
Train Epoch: 7 [25600/50000 (51%)]	Loss: 2.305863
Train Epoch: 7 [26880/50000 (54%)]	Loss: 2.303779
Train Epoch: 7 [28160/50000 (56%)]	Loss: 2.298737
Train Epoch: 7 [29440/50000 (59%)]	Loss: 2.304245
Train Epoch: 7 [30720/50000 (61%)]	Loss: 2.318172
Train Epoch: 7 [32000/50000 (64%)]	Loss: 2.306032
Train Epoch: 7 [33280/50000 (66%)]	Loss: 2.302806
Train Epoch: 7 [34560/50000 (69%)]	Loss: 2.300708
Train Epoch: 7 [35840/50000 (72%)]	Loss: 2.311496
Train Epoch: 7 [37120/50000 (74%)]	Loss: 2.304751
Train Epoch: 7 [38400/50000 (77%)]	Loss: 2.306892
Train Epoch: 7 [39680/50000 (79%)]	Loss: 2.303900
Train Epoch: 7 [40960/50000 (82%)]	Loss: 2.303171
Train Epoch: 7 [42240/50000 (84%)]	Loss: 2.302794
Train Epoch: 7 [43520/50000 (87%)]	Loss: 2.299613
Train Epoch: 7 [44800/50000 (90%)]	Loss: 2.306600
Train Epoch: 7 [46080/50000 (92%)]	Loss: 2.305828
Train Epoch: 7 [47360/50000 (95%)]	Loss: 2.300186
Train Epoch: 7 [48640/50000 (97%)]	Loss: 2.307329
Train Epoch: 7 [31200/50000 (100%)]	Loss: 2.303430
Test Epoch: 7, Average loss: 2.3072, Accuracy: 1000/10000 (10.0000%)
Train Epoch: 8 [0/50000 (0%)]	Loss: 2.311286
Train Epoch: 8 [1280/50000 (3%)]	Loss: 2.306852
Train Epoch: 8 [2560/50000 (5%)]	Loss: 2.302659
Train Epoch: 8 [3840/50000 (8%)]	Loss: 2.305859
Train Epoch: 8 [5120/50000 (10%)]	Loss: 2.304578
Train Epoch: 8 [6400/50000 (13%)]	Loss: 2.302934
Train Epoch: 8 [7680/50000 (15%)]	Loss: 2.300570
Train Epoch: 8 [8960/50000 (18%)]	Loss: 2.306608
Train Epoch: 8 [10240/50000 (20%)]	Loss: 2.304343
Train Epoch: 8 [11520/50000 (23%)]	Loss: 2.308167
Train Epoch: 8 [12800/50000 (26%)]	Loss: 2.307618
Train Epoch: 8 [14080/50000 (28%)]	Loss: 2.301632
Train Epoch: 8 [15360/50000 (31%)]	Loss: 2.303776
Train Epoch: 8 [16640/50000 (33%)]	Loss: 2.303797
Train Epoch: 8 [17920/50000 (36%)]	Loss: 2.298930
Train Epoch: 8 [19200/50000 (38%)]	Loss: 2.305540
Train Epoch: 8 [20480/50000 (41%)]	Loss: 2.312126
Train Epoch: 8 [21760/50000 (43%)]	Loss: 2.307041
Train Epoch: 8 [23040/50000 (46%)]	Loss: 2.302922
Train Epoch: 8 [24320/50000 (49%)]	Loss: 2.299818
Train Epoch: 8 [25600/50000 (51%)]	Loss: 2.301898
Train Epoch: 8 [26880/50000 (54%)]	Loss: 2.302677
Train Epoch: 8 [28160/50000 (56%)]	Loss: 2.306815
Train Epoch: 8 [29440/50000 (59%)]	Loss: 2.299710
Train Epoch: 8 [30720/50000 (61%)]	Loss: 2.301191
Train Epoch: 8 [32000/50000 (64%)]	Loss: 2.301090
Train Epoch: 8 [33280/50000 (66%)]	Loss: 2.305965
Train Epoch: 8 [34560/50000 (69%)]	Loss: 2.297995
Train Epoch: 8 [35840/50000 (72%)]	Loss: 2.304379
Train Epoch: 8 [37120/50000 (74%)]	Loss: 2.299924
Train Epoch: 8 [38400/50000 (77%)]	Loss: 2.298990
Train Epoch: 8 [39680/50000 (79%)]	Loss: 2.304705
Train Epoch: 8 [40960/50000 (82%)]	Loss: 2.300910
Train Epoch: 8 [42240/50000 (84%)]	Loss: 2.302709
Train Epoch: 8 [43520/50000 (87%)]	Loss: 2.296898
Train Epoch: 8 [44800/50000 (90%)]	Loss: 2.305082
Train Epoch: 8 [46080/50000 (92%)]	Loss: 2.303169
Train Epoch: 8 [47360/50000 (95%)]	Loss: 2.298891
Train Epoch: 8 [48640/50000 (97%)]	Loss: 2.305275
Train Epoch: 8 [31200/50000 (100%)]	Loss: 2.312191
Test Epoch: 8, Average loss: 2.3036, Accuracy: 1000/10000 (10.0000%)
Train Epoch: 9 [0/50000 (0%)]	Loss: 2.307304
Train Epoch: 9 [1280/50000 (3%)]	Loss: 2.304072
Train Epoch: 9 [2560/50000 (5%)]	Loss: 2.301239
Train Epoch: 9 [3840/50000 (8%)]	Loss: 2.300600
Train Epoch: 9 [5120/50000 (10%)]	Loss: 2.305186
Train Epoch: 9 [6400/50000 (13%)]	Loss: 2.302861
Train Epoch: 9 [7680/50000 (15%)]	Loss: 2.304686
Train Epoch: 9 [8960/50000 (18%)]	Loss: 2.303618
Train Epoch: 9 [10240/50000 (20%)]	Loss: 2.296762
Train Epoch: 9 [11520/50000 (23%)]	Loss: 2.318802
Train Epoch: 9 [12800/50000 (26%)]	Loss: 2.301237
Train Epoch: 9 [14080/50000 (28%)]	Loss: 2.301864
Train Epoch: 9 [15360/50000 (31%)]	Loss: 2.305236
Train Epoch: 9 [16640/50000 (33%)]	Loss: 2.304541
Train Epoch: 9 [17920/50000 (36%)]	Loss: 2.308854
Train Epoch: 9 [19200/50000 (38%)]	Loss: 2.300787
Train Epoch: 9 [20480/50000 (41%)]	Loss: 2.304888
Train Epoch: 9 [21760/50000 (43%)]	Loss: 2.308317
Train Epoch: 9 [23040/50000 (46%)]	Loss: 2.303860
Train Epoch: 9 [24320/50000 (49%)]	Loss: 2.322124
Train Epoch: 9 [25600/50000 (51%)]	Loss: 2.320160
Train Epoch: 9 [26880/50000 (54%)]	Loss: 2.294911
Train Epoch: 9 [28160/50000 (56%)]	Loss: 2.305949
Train Epoch: 9 [29440/50000 (59%)]	Loss: 2.295310
Train Epoch: 9 [30720/50000 (61%)]	Loss: 2.308383
Train Epoch: 9 [32000/50000 (64%)]	Loss: 2.305103
Train Epoch: 9 [33280/50000 (66%)]	Loss: 2.316142
Train Epoch: 9 [34560/50000 (69%)]	Loss: 2.296539
Train Epoch: 9 [35840/50000 (72%)]	Loss: 2.299280
Train Epoch: 9 [37120/50000 (74%)]	Loss: 2.306502
Train Epoch: 9 [38400/50000 (77%)]	Loss: 2.302030
Train Epoch: 9 [39680/50000 (79%)]	Loss: 2.304538
Train Epoch: 9 [40960/50000 (82%)]	Loss: 2.306705
Train Epoch: 9 [42240/50000 (84%)]	Loss: 2.305219
Train Epoch: 9 [43520/50000 (87%)]	Loss: 2.300778
Train Epoch: 9 [44800/50000 (90%)]	Loss: 2.302234
Train Epoch: 9 [46080/50000 (92%)]	Loss: 2.302640
Train Epoch: 9 [47360/50000 (95%)]	Loss: 2.305842
Train Epoch: 9 [48640/50000 (97%)]	Loss: 2.305419
Train Epoch: 9 [31200/50000 (100%)]	Loss: 2.303537
Test Epoch: 9, Average loss: 2.3038, Accuracy: 1000/10000 (10.0000%)
Train Epoch: 10 [0/50000 (0%)]	Loss: 2.307468
Train Epoch: 10 [1280/50000 (3%)]	Loss: 2.296750
Train Epoch: 10 [2560/50000 (5%)]	Loss: 2.295594
Train Epoch: 10 [3840/50000 (8%)]	Loss: 2.307550
Train Epoch: 10 [5120/50000 (10%)]	Loss: 2.305238
Train Epoch: 10 [6400/50000 (13%)]	Loss: 2.308675
Train Epoch: 10 [7680/50000 (15%)]	Loss: 2.300747
Train Epoch: 10 [8960/50000 (18%)]	Loss: 2.303982
Train Epoch: 10 [10240/50000 (20%)]	Loss: 2.300422
Train Epoch: 10 [11520/50000 (23%)]	Loss: 2.305871
Train Epoch: 10 [12800/50000 (26%)]	Loss: 2.301013
Train Epoch: 10 [14080/50000 (28%)]	Loss: 2.305776
Train Epoch: 10 [15360/50000 (31%)]	Loss: 2.305190
Train Epoch: 10 [16640/50000 (33%)]	Loss: 2.300795
Train Epoch: 10 [17920/50000 (36%)]	Loss: 2.302536
Train Epoch: 10 [19200/50000 (38%)]	Loss: 2.301596
Train Epoch: 10 [20480/50000 (41%)]	Loss: 2.301455
Train Epoch: 10 [21760/50000 (43%)]	Loss: 2.305345
Train Epoch: 10 [23040/50000 (46%)]	Loss: 2.302396
Train Epoch: 10 [24320/50000 (49%)]	Loss: 2.311058
Train Epoch: 10 [25600/50000 (51%)]	Loss: 2.306941
Train Epoch: 10 [26880/50000 (54%)]	Loss: 2.303443
Train Epoch: 10 [28160/50000 (56%)]	Loss: 2.301706
Train Epoch: 10 [29440/50000 (59%)]	Loss: 2.302032
Train Epoch: 10 [30720/50000 (61%)]	Loss: 2.310874
Train Epoch: 10 [32000/50000 (64%)]	Loss: 2.309242
Train Epoch: 10 [33280/50000 (66%)]	Loss: 2.306189
Train Epoch: 10 [34560/50000 (69%)]	Loss: 2.304203
Train Epoch: 10 [35840/50000 (72%)]	Loss: 2.304660
Train Epoch: 10 [37120/50000 (74%)]	Loss: 2.301728
Train Epoch: 10 [38400/50000 (77%)]	Loss: 2.313751
Train Epoch: 10 [39680/50000 (79%)]	Loss: 2.298586
Train Epoch: 10 [40960/50000 (82%)]	Loss: 2.302303
Train Epoch: 10 [42240/50000 (84%)]	Loss: 2.298048
Train Epoch: 10 [43520/50000 (87%)]	Loss: 2.308165
Train Epoch: 10 [44800/50000 (90%)]	Loss: 2.310302
Train Epoch: 10 [46080/50000 (92%)]	Loss: 2.310236
Train Epoch: 10 [47360/50000 (95%)]	Loss: 2.319633
Train Epoch: 10 [48640/50000 (97%)]	Loss: 2.301722
Train Epoch: 10 [31200/50000 (100%)]	Loss: 2.304630
Test Epoch: 10, Average loss: 2.3032, Accuracy: 1000/10000 (10.0000%)
Train Epoch: 11 [0/50000 (0%)]	Loss: 2.307753
Train Epoch: 11 [1280/50000 (3%)]	Loss: 2.311328
Train Epoch: 11 [2560/50000 (5%)]	Loss: 2.297606
Train Epoch: 11 [3840/50000 (8%)]	Loss: 2.298524
Train Epoch: 11 [5120/50000 (10%)]	Loss: 2.309206
Train Epoch: 11 [6400/50000 (13%)]	Loss: 2.307019
Train Epoch: 11 [7680/50000 (15%)]	Loss: 2.312240
Train Epoch: 11 [8960/50000 (18%)]	Loss: 2.298411
Train Epoch: 11 [10240/50000 (20%)]	Loss: 2.301381
Train Epoch: 11 [11520/50000 (23%)]	Loss: 2.308248
Train Epoch: 11 [12800/50000 (26%)]	Loss: 2.300602
Train Epoch: 11 [14080/50000 (28%)]	Loss: 2.298270
Train Epoch: 11 [15360/50000 (31%)]	Loss: 2.304592
Train Epoch: 11 [16640/50000 (33%)]	Loss: 2.301737
Train Epoch: 11 [17920/50000 (36%)]	Loss: 2.300737
Train Epoch: 11 [19200/50000 (38%)]	Loss: 2.306927
Train Epoch: 11 [20480/50000 (41%)]	Loss: 2.310615
Train Epoch: 11 [21760/50000 (43%)]	Loss: 2.304054
Train Epoch: 11 [23040/50000 (46%)]	Loss: 2.291261
Train Epoch: 11 [24320/50000 (49%)]	Loss: 2.307850
Train Epoch: 11 [25600/50000 (51%)]	Loss: 2.317396
Train Epoch: 11 [26880/50000 (54%)]	Loss: 2.304240
Train Epoch: 11 [28160/50000 (56%)]	Loss: 2.302526
Train Epoch: 11 [29440/50000 (59%)]	Loss: 2.305862
Train Epoch: 11 [30720/50000 (61%)]	Loss: 2.303241
Train Epoch: 11 [32000/50000 (64%)]	Loss: 2.300767
Train Epoch: 11 [33280/50000 (66%)]	Loss: 2.307907
Train Epoch: 11 [34560/50000 (69%)]	Loss: 2.311714
Train Epoch: 11 [35840/50000 (72%)]	Loss: 2.304120
Train Epoch: 11 [37120/50000 (74%)]	Loss: 2.305995
Train Epoch: 11 [38400/50000 (77%)]	Loss: 2.338305
Train Epoch: 11 [39680/50000 (79%)]	Loss: 2.302008
Train Epoch: 11 [40960/50000 (82%)]	Loss: 2.307211
Train Epoch: 11 [42240/50000 (84%)]	Loss: 2.304988
Train Epoch: 11 [43520/50000 (87%)]	Loss: 2.303413
Train Epoch: 11 [44800/50000 (90%)]	Loss: 2.294509
Train Epoch: 11 [46080/50000 (92%)]	Loss: 2.302557
Train Epoch: 11 [47360/50000 (95%)]	Loss: 2.300460
Train Epoch: 11 [48640/50000 (97%)]	Loss: 2.293179
Train Epoch: 11 [31200/50000 (100%)]	Loss: 2.300457
Test Epoch: 11, Average loss: 2.3032, Accuracy: 1000/10000 (10.0000%)
Train Epoch: 12 [0/50000 (0%)]	Loss: 2.306619
Train Epoch: 12 [1280/50000 (3%)]	Loss: 2.305636
Train Epoch: 12 [2560/50000 (5%)]	Loss: 2.304855
Train Epoch: 12 [3840/50000 (8%)]	Loss: 2.305100
Train Epoch: 12 [5120/50000 (10%)]	Loss: 2.305856
Train Epoch: 12 [6400/50000 (13%)]	Loss: 2.297998
Train Epoch: 12 [7680/50000 (15%)]	Loss: 2.300324
Train Epoch: 12 [8960/50000 (18%)]	Loss: 2.304593
Train Epoch: 12 [10240/50000 (20%)]	Loss: 2.311914
Train Epoch: 12 [11520/50000 (23%)]	Loss: 2.317154
Train Epoch: 12 [12800/50000 (26%)]	Loss: 2.302433
Train Epoch: 12 [14080/50000 (28%)]	Loss: 2.302210
Train Epoch: 12 [15360/50000 (31%)]	Loss: 2.296931
Train Epoch: 12 [16640/50000 (33%)]	Loss: 2.306933
Train Epoch: 12 [17920/50000 (36%)]	Loss: 2.299570
Train Epoch: 12 [19200/50000 (38%)]	Loss: 2.299838
Train Epoch: 12 [20480/50000 (41%)]	Loss: 2.299772
Train Epoch: 12 [21760/50000 (43%)]	Loss: 2.301189
Train Epoch: 12 [23040/50000 (46%)]	Loss: 2.301849
Train Epoch: 12 [24320/50000 (49%)]	Loss: 2.303759
Train Epoch: 12 [25600/50000 (51%)]	Loss: 2.301887
Train Epoch: 12 [26880/50000 (54%)]	Loss: 2.319335
Train Epoch: 12 [28160/50000 (56%)]	Loss: 2.303813
Train Epoch: 12 [29440/50000 (59%)]	Loss: 2.301356
Train Epoch: 12 [30720/50000 (61%)]	Loss: 2.299980
Train Epoch: 12 [32000/50000 (64%)]	Loss: 2.301643
Train Epoch: 12 [33280/50000 (66%)]	Loss: 2.300362
Train Epoch: 12 [34560/50000 (69%)]	Loss: 2.305864
Train Epoch: 12 [35840/50000 (72%)]	Loss: 2.303214
Train Epoch: 12 [37120/50000 (74%)]	Loss: 2.304811
Train Epoch: 12 [38400/50000 (77%)]	Loss: 2.304773
Train Epoch: 12 [39680/50000 (79%)]	Loss: 2.306975
Train Epoch: 12 [40960/50000 (82%)]	Loss: 2.296241
Train Epoch: 12 [42240/50000 (84%)]	Loss: 2.305655
Train Epoch: 12 [43520/50000 (87%)]	Loss: 2.314264
Train Epoch: 12 [44800/50000 (90%)]	Loss: 2.302885
Train Epoch: 12 [46080/50000 (92%)]	Loss: 2.301339
Train Epoch: 12 [47360/50000 (95%)]	Loss: 2.304741
Train Epoch: 12 [48640/50000 (97%)]	Loss: 2.307567
Train Epoch: 12 [31200/50000 (100%)]	Loss: 2.301826
Test Epoch: 12, Average loss: 2.3028, Accuracy: 1000/10000 (10.0000%)
Train Epoch: 13 [0/50000 (0%)]	Loss: 2.301882
Train Epoch: 13 [1280/50000 (3%)]	Loss: 2.306236
Train Epoch: 13 [2560/50000 (5%)]	Loss: 2.304074
Train Epoch: 13 [3840/50000 (8%)]	Loss: 2.306401
Train Epoch: 13 [5120/50000 (10%)]	Loss: 2.313459
Train Epoch: 13 [6400/50000 (13%)]	Loss: 2.299874
Train Epoch: 13 [7680/50000 (15%)]	Loss: 2.304323
Train Epoch: 13 [8960/50000 (18%)]	Loss: 2.306311
Train Epoch: 13 [10240/50000 (20%)]	Loss: 2.303560
Train Epoch: 13 [11520/50000 (23%)]	Loss: 2.306849
Train Epoch: 13 [12800/50000 (26%)]	Loss: 2.302440
Train Epoch: 13 [14080/50000 (28%)]	Loss: 2.300215
Train Epoch: 13 [15360/50000 (31%)]	Loss: 2.301853
Train Epoch: 13 [16640/50000 (33%)]	Loss: 2.303321
Train Epoch: 13 [17920/50000 (36%)]	Loss: 2.301921
Train Epoch: 13 [19200/50000 (38%)]	Loss: 2.303973
Train Epoch: 13 [20480/50000 (41%)]	Loss: 2.308802
Train Epoch: 13 [21760/50000 (43%)]	Loss: 2.302525
Train Epoch: 13 [23040/50000 (46%)]	Loss: 2.309194
Train Epoch: 13 [24320/50000 (49%)]	Loss: 2.316562
Train Epoch: 13 [25600/50000 (51%)]	Loss: 2.301927
Train Epoch: 13 [26880/50000 (54%)]	Loss: 2.306556
Train Epoch: 13 [28160/50000 (56%)]	Loss: 2.301855
Train Epoch: 13 [29440/50000 (59%)]	Loss: 2.305143
Train Epoch: 13 [30720/50000 (61%)]	Loss: 2.303239
Train Epoch: 13 [32000/50000 (64%)]	Loss: 2.298840
Train Epoch: 13 [33280/50000 (66%)]	Loss: 2.293098
Train Epoch: 13 [34560/50000 (69%)]	Loss: 2.303514
Train Epoch: 13 [35840/50000 (72%)]	Loss: 2.297949
Train Epoch: 13 [37120/50000 (74%)]	Loss: 2.301393
Train Epoch: 13 [38400/50000 (77%)]	Loss: 2.305978
Train Epoch: 13 [39680/50000 (79%)]	Loss: 2.305289
Train Epoch: 13 [40960/50000 (82%)]	Loss: 2.303564
Train Epoch: 13 [42240/50000 (84%)]	Loss: 2.304499
Train Epoch: 13 [43520/50000 (87%)]	Loss: 2.315152
Train Epoch: 13 [44800/50000 (90%)]	Loss: 2.304269
Train Epoch: 13 [46080/50000 (92%)]	Loss: 2.306786
Train Epoch: 13 [47360/50000 (95%)]	Loss: 2.304115
Train Epoch: 13 [48640/50000 (97%)]	Loss: 2.303107
Train Epoch: 13 [31200/50000 (100%)]	Loss: 2.304334
Test Epoch: 13, Average loss: 2.3031, Accuracy: 1000/10000 (10.0000%)
Train Epoch: 14 [0/50000 (0%)]	Loss: 2.301567
Train Epoch: 14 [1280/50000 (3%)]	Loss: 2.305358
Train Epoch: 14 [2560/50000 (5%)]	Loss: 2.308854
Train Epoch: 14 [3840/50000 (8%)]	Loss: 2.298127
Train Epoch: 14 [5120/50000 (10%)]	Loss: 2.304691
Train Epoch: 14 [6400/50000 (13%)]	Loss: 2.299674
Train Epoch: 14 [7680/50000 (15%)]	Loss: 2.305899
Train Epoch: 14 [8960/50000 (18%)]	Loss: 2.308547
Train Epoch: 14 [10240/50000 (20%)]	Loss: 2.295693
Train Epoch: 14 [11520/50000 (23%)]	Loss: 2.289613
Train Epoch: 14 [12800/50000 (26%)]	Loss: 2.304542
Train Epoch: 14 [14080/50000 (28%)]	Loss: 2.430471
Train Epoch: 14 [15360/50000 (31%)]	Loss: 2.299001
Train Epoch: 14 [16640/50000 (33%)]	Loss: 2.301935
Train Epoch: 14 [17920/50000 (36%)]	Loss: 2.304076
Train Epoch: 14 [19200/50000 (38%)]	Loss: 2.310303
Train Epoch: 14 [20480/50000 (41%)]	Loss: 2.298784
Train Epoch: 14 [21760/50000 (43%)]	Loss: 2.301870
Train Epoch: 14 [23040/50000 (46%)]	Loss: 2.297567
Train Epoch: 14 [24320/50000 (49%)]	Loss: 2.304230
Train Epoch: 14 [25600/50000 (51%)]	Loss: 2.298065
Train Epoch: 14 [26880/50000 (54%)]	Loss: 2.287323
Train Epoch: 14 [28160/50000 (56%)]	Loss: 2.298623
Train Epoch: 14 [29440/50000 (59%)]	Loss: 2.307432
Train Epoch: 14 [30720/50000 (61%)]	Loss: 2.304261
Train Epoch: 14 [32000/50000 (64%)]	Loss: 2.299947
Train Epoch: 14 [33280/50000 (66%)]	Loss: 2.304447
Train Epoch: 14 [34560/50000 (69%)]	Loss: 2.310111
Train Epoch: 14 [35840/50000 (72%)]	Loss: 2.302002
Train Epoch: 14 [37120/50000 (74%)]	Loss: 2.298099
Train Epoch: 14 [38400/50000 (77%)]	Loss: 2.298090
Train Epoch: 14 [39680/50000 (79%)]	Loss: 2.301938
Train Epoch: 14 [40960/50000 (82%)]	Loss: 2.300741
Train Epoch: 14 [42240/50000 (84%)]	Loss: 2.296549
Train Epoch: 14 [43520/50000 (87%)]	Loss: 2.304096
Train Epoch: 14 [44800/50000 (90%)]	Loss: 2.296065
Train Epoch: 14 [46080/50000 (92%)]	Loss: 2.293938
Train Epoch: 14 [47360/50000 (95%)]	Loss: 2.308393
Train Epoch: 14 [48640/50000 (97%)]	Loss: 2.301086
Train Epoch: 14 [31200/50000 (100%)]	Loss: 2.314981
Test Epoch: 14, Average loss: 2.3041, Accuracy: 1000/10000 (10.0000%)
Train Epoch: 15 [0/50000 (0%)]	Loss: 2.302925
Train Epoch: 15 [1280/50000 (3%)]	Loss: 2.299415
Train Epoch: 15 [2560/50000 (5%)]	Loss: 2.303985
Train Epoch: 15 [3840/50000 (8%)]	Loss: 2.306405
Train Epoch: 15 [5120/50000 (10%)]	Loss: 2.303360
Train Epoch: 15 [6400/50000 (13%)]	Loss: 2.301879
Train Epoch: 15 [7680/50000 (15%)]	Loss: 2.303476
Train Epoch: 15 [8960/50000 (18%)]	Loss: 2.304219
Train Epoch: 15 [10240/50000 (20%)]	Loss: 2.301639
Train Epoch: 15 [11520/50000 (23%)]	Loss: 2.298975
Train Epoch: 15 [12800/50000 (26%)]	Loss: 2.297725
Train Epoch: 15 [14080/50000 (28%)]	Loss: 2.302723
Train Epoch: 15 [15360/50000 (31%)]	Loss: 2.304483
Train Epoch: 15 [16640/50000 (33%)]	Loss: 2.308587
Train Epoch: 15 [17920/50000 (36%)]	Loss: 2.306149
Train Epoch: 15 [19200/50000 (38%)]	Loss: 2.332707
Train Epoch: 15 [20480/50000 (41%)]	Loss: 2.306710
Train Epoch: 15 [21760/50000 (43%)]	Loss: 2.306798
Train Epoch: 15 [23040/50000 (46%)]	Loss: 2.310151
Train Epoch: 15 [24320/50000 (49%)]	Loss: 2.301056
Train Epoch: 15 [25600/50000 (51%)]	Loss: 2.301252
Train Epoch: 15 [26880/50000 (54%)]	Loss: 2.299077
Train Epoch: 15 [28160/50000 (56%)]	Loss: 2.302024
Train Epoch: 15 [29440/50000 (59%)]	Loss: 2.304840
Train Epoch: 15 [30720/50000 (61%)]	Loss: 2.301203
Train Epoch: 15 [32000/50000 (64%)]	Loss: 2.299499
Train Epoch: 15 [33280/50000 (66%)]	Loss: 2.299052
Train Epoch: 15 [34560/50000 (69%)]	Loss: 2.301857
Train Epoch: 15 [35840/50000 (72%)]	Loss: 2.303846
Train Epoch: 15 [37120/50000 (74%)]	Loss: 2.302466
Train Epoch: 15 [38400/50000 (77%)]	Loss: 2.304193
Train Epoch: 15 [39680/50000 (79%)]	Loss: 2.305937
Train Epoch: 15 [40960/50000 (82%)]	Loss: 2.294518
Train Epoch: 15 [42240/50000 (84%)]	Loss: 2.306366
Train Epoch: 15 [43520/50000 (87%)]	Loss: 2.312760
Train Epoch: 15 [44800/50000 (90%)]	Loss: 2.306193
Train Epoch: 15 [46080/50000 (92%)]	Loss: 2.302478
Train Epoch: 15 [47360/50000 (95%)]	Loss: 2.308965
Train Epoch: 15 [48640/50000 (97%)]	Loss: 2.298819
Train Epoch: 15 [31200/50000 (100%)]	Loss: 2.306966
Test Epoch: 15, Average loss: 2.3032, Accuracy: 1000/10000 (10.0000%)
Train Epoch: 16 [0/50000 (0%)]	Loss: 2.301109
Train Epoch: 16 [1280/50000 (3%)]	Loss: 2.305141
Train Epoch: 16 [2560/50000 (5%)]	Loss: 2.308019
Train Epoch: 16 [3840/50000 (8%)]	Loss: 2.304418
Train Epoch: 16 [5120/50000 (10%)]	Loss: 2.312432
Train Epoch: 16 [6400/50000 (13%)]	Loss: 2.306066
Train Epoch: 16 [7680/50000 (15%)]	Loss: 2.305275
Train Epoch: 16 [8960/50000 (18%)]	Loss: 2.326692
Train Epoch: 16 [10240/50000 (20%)]	Loss: 2.309208
Train Epoch: 16 [11520/50000 (23%)]	Loss: 2.305197
Train Epoch: 16 [12800/50000 (26%)]	Loss: 2.301490
Train Epoch: 16 [14080/50000 (28%)]	Loss: 2.302322
Train Epoch: 16 [15360/50000 (31%)]	Loss: 2.301973
Train Epoch: 16 [16640/50000 (33%)]	Loss: 2.307455
Train Epoch: 16 [17920/50000 (36%)]	Loss: 2.306309
Train Epoch: 16 [19200/50000 (38%)]	Loss: 2.304434
Train Epoch: 16 [20480/50000 (41%)]	Loss: 2.295388
Train Epoch: 16 [21760/50000 (43%)]	Loss: 2.317688
Train Epoch: 16 [23040/50000 (46%)]	Loss: 2.301774
Train Epoch: 16 [24320/50000 (49%)]	Loss: 2.298494
Train Epoch: 16 [25600/50000 (51%)]	Loss: 2.301400
Train Epoch: 16 [26880/50000 (54%)]	Loss: 2.314307
Train Epoch: 16 [28160/50000 (56%)]	Loss: 2.298897
Train Epoch: 16 [29440/50000 (59%)]	Loss: 2.305309
Train Epoch: 16 [30720/50000 (61%)]	Loss: 2.297939
Train Epoch: 16 [32000/50000 (64%)]	Loss: 2.300590
Train Epoch: 16 [33280/50000 (66%)]	Loss: 2.313112
Train Epoch: 16 [34560/50000 (69%)]	Loss: 2.302239
Train Epoch: 16 [35840/50000 (72%)]	Loss: 2.309028
Train Epoch: 16 [37120/50000 (74%)]	Loss: 2.302202
Train Epoch: 16 [38400/50000 (77%)]	Loss: 2.306113
Train Epoch: 16 [39680/50000 (79%)]	Loss: 2.317147
Train Epoch: 16 [40960/50000 (82%)]	Loss: 2.302168
Train Epoch: 16 [42240/50000 (84%)]	Loss: 2.300704
Train Epoch: 16 [43520/50000 (87%)]	Loss: 2.299841
Train Epoch: 16 [44800/50000 (90%)]	Loss: 2.295683
Train Epoch: 16 [46080/50000 (92%)]	Loss: 2.305934
Train Epoch: 16 [47360/50000 (95%)]	Loss: 2.302641
Train Epoch: 16 [48640/50000 (97%)]	Loss: 2.297922
Train Epoch: 16 [31200/50000 (100%)]	Loss: 2.306144
Test Epoch: 16, Average loss: 2.3033, Accuracy: 1000/10000 (10.0000%)
Train Epoch: 17 [0/50000 (0%)]	Loss: 2.302189
Train Epoch: 17 [1280/50000 (3%)]	Loss: 2.313415
Train Epoch: 17 [2560/50000 (5%)]	Loss: 2.301927
Train Epoch: 17 [3840/50000 (8%)]	Loss: 2.316645
Train Epoch: 17 [5120/50000 (10%)]	Loss: 2.300628
Train Epoch: 17 [6400/50000 (13%)]	Loss: 2.303879
Train Epoch: 17 [7680/50000 (15%)]	Loss: 2.304104
Train Epoch: 17 [8960/50000 (18%)]	Loss: 2.305094
Train Epoch: 17 [10240/50000 (20%)]	Loss: 2.308263
Train Epoch: 17 [11520/50000 (23%)]	Loss: 2.294725
Train Epoch: 17 [12800/50000 (26%)]	Loss: 2.302130
Train Epoch: 17 [14080/50000 (28%)]	Loss: 2.300824
Train Epoch: 17 [15360/50000 (31%)]	Loss: 2.301578
Train Epoch: 17 [16640/50000 (33%)]	Loss: 2.297852
Train Epoch: 17 [17920/50000 (36%)]	Loss: 2.301372
Train Epoch: 17 [19200/50000 (38%)]	Loss: 2.305434
Train Epoch: 17 [20480/50000 (41%)]	Loss: 2.304049
Train Epoch: 17 [21760/50000 (43%)]	Loss: 2.303751
Train Epoch: 17 [23040/50000 (46%)]	Loss: 2.301683
Train Epoch: 17 [24320/50000 (49%)]	Loss: 2.299080
Train Epoch: 17 [25600/50000 (51%)]	Loss: 2.307118
Train Epoch: 17 [26880/50000 (54%)]	Loss: 2.303096
Train Epoch: 17 [28160/50000 (56%)]	Loss: 2.302596
Train Epoch: 17 [29440/50000 (59%)]	Loss: 2.302293
Train Epoch: 17 [30720/50000 (61%)]	Loss: 2.301836
Train Epoch: 17 [32000/50000 (64%)]	Loss: 2.302028
Train Epoch: 17 [33280/50000 (66%)]	Loss: 2.311578
Train Epoch: 17 [34560/50000 (69%)]	Loss: 2.302804
Train Epoch: 17 [35840/50000 (72%)]	Loss: 2.303414
Train Epoch: 17 [37120/50000 (74%)]	Loss: 2.303274
Train Epoch: 17 [38400/50000 (77%)]	Loss: 2.304599
Train Epoch: 17 [39680/50000 (79%)]	Loss: 2.299381
Train Epoch: 17 [40960/50000 (82%)]	Loss: 2.303735
Train Epoch: 17 [42240/50000 (84%)]	Loss: 2.302278
Train Epoch: 17 [43520/50000 (87%)]	Loss: 2.304034
Train Epoch: 17 [44800/50000 (90%)]	Loss: 2.303550
Train Epoch: 17 [46080/50000 (92%)]	Loss: 2.312233
Train Epoch: 17 [47360/50000 (95%)]	Loss: 2.302018
Train Epoch: 17 [48640/50000 (97%)]	Loss: 2.315038
Train Epoch: 17 [31200/50000 (100%)]	Loss: 2.341848
Test Epoch: 17, Average loss: 2.3063, Accuracy: 1000/10000 (10.0000%)
Train Epoch: 18 [0/50000 (0%)]	Loss: 2.295910
Train Epoch: 18 [1280/50000 (3%)]	Loss: 2.298807
Train Epoch: 18 [2560/50000 (5%)]	Loss: 2.310983
Train Epoch: 18 [3840/50000 (8%)]	Loss: 2.307898
Train Epoch: 18 [5120/50000 (10%)]	Loss: 2.302408
Train Epoch: 18 [6400/50000 (13%)]	Loss: 2.298217
Train Epoch: 18 [7680/50000 (15%)]	Loss: 2.297165
Train Epoch: 18 [8960/50000 (18%)]	Loss: 2.296052
Train Epoch: 18 [10240/50000 (20%)]	Loss: 2.298845
Train Epoch: 18 [11520/50000 (23%)]	Loss: 2.303807
Train Epoch: 18 [12800/50000 (26%)]	Loss: 2.296984
Train Epoch: 18 [14080/50000 (28%)]	Loss: 2.311855
Train Epoch: 18 [15360/50000 (31%)]	Loss: 2.316954
Train Epoch: 18 [16640/50000 (33%)]	Loss: 2.305522
Train Epoch: 18 [17920/50000 (36%)]	Loss: 2.303015
Train Epoch: 18 [19200/50000 (38%)]	Loss: 2.298712
Train Epoch: 18 [20480/50000 (41%)]	Loss: 2.303946
Train Epoch: 18 [21760/50000 (43%)]	Loss: 2.302408
Train Epoch: 18 [23040/50000 (46%)]	Loss: 2.303540
Train Epoch: 18 [24320/50000 (49%)]	Loss: 2.299667
Train Epoch: 18 [25600/50000 (51%)]	Loss: 2.315433
Train Epoch: 18 [26880/50000 (54%)]	Loss: 2.303244
Train Epoch: 18 [28160/50000 (56%)]	Loss: 2.303647
Train Epoch: 18 [29440/50000 (59%)]	Loss: 2.299827
Train Epoch: 18 [30720/50000 (61%)]	Loss: 2.308303
Train Epoch: 18 [32000/50000 (64%)]	Loss: 2.301740
Train Epoch: 18 [33280/50000 (66%)]	Loss: 2.303066
Train Epoch: 18 [34560/50000 (69%)]	Loss: 2.303616
Train Epoch: 18 [35840/50000 (72%)]	Loss: 2.303932
Train Epoch: 18 [37120/50000 (74%)]	Loss: 2.312987
Train Epoch: 18 [38400/50000 (77%)]	Loss: 2.306350
Train Epoch: 18 [39680/50000 (79%)]	Loss: 2.303700
Train Epoch: 18 [40960/50000 (82%)]	Loss: 2.298880
Train Epoch: 18 [42240/50000 (84%)]	Loss: 2.307831
Train Epoch: 18 [43520/50000 (87%)]	Loss: 2.301486
Train Epoch: 18 [44800/50000 (90%)]	Loss: 2.297441
Train Epoch: 18 [46080/50000 (92%)]	Loss: 2.301701
Train Epoch: 18 [47360/50000 (95%)]	Loss: 2.315094
Train Epoch: 18 [48640/50000 (97%)]	Loss: 2.308210
Train Epoch: 18 [31200/50000 (100%)]	Loss: 2.301689
Test Epoch: 18, Average loss: 2.3095, Accuracy: 1000/10000 (10.0000%)
Train Epoch: 19 [0/50000 (0%)]	Loss: 2.307301
Train Epoch: 19 [1280/50000 (3%)]	Loss: 2.300535
Train Epoch: 19 [2560/50000 (5%)]	Loss: 2.305700
Train Epoch: 19 [3840/50000 (8%)]	Loss: 2.304950
Train Epoch: 19 [5120/50000 (10%)]	Loss: 2.305738
Train Epoch: 19 [6400/50000 (13%)]	Loss: 2.308142
Train Epoch: 19 [7680/50000 (15%)]	Loss: 2.302567
Train Epoch: 19 [8960/50000 (18%)]	Loss: 2.315457
Train Epoch: 19 [10240/50000 (20%)]	Loss: 2.302897
Train Epoch: 19 [11520/50000 (23%)]	Loss: 2.310721
Train Epoch: 19 [12800/50000 (26%)]	Loss: 2.308820
Train Epoch: 19 [14080/50000 (28%)]	Loss: 2.303561
Train Epoch: 19 [15360/50000 (31%)]	Loss: 2.304033
Train Epoch: 19 [16640/50000 (33%)]	Loss: 2.300801
Train Epoch: 19 [17920/50000 (36%)]	Loss: 2.308627
Train Epoch: 19 [19200/50000 (38%)]	Loss: 2.302790
Train Epoch: 19 [20480/50000 (41%)]	Loss: 2.304116
Train Epoch: 19 [21760/50000 (43%)]	Loss: 2.301444
Train Epoch: 19 [23040/50000 (46%)]	Loss: 2.310179
Train Epoch: 19 [24320/50000 (49%)]	Loss: 2.309261
Train Epoch: 19 [25600/50000 (51%)]	Loss: 2.302803
Train Epoch: 19 [26880/50000 (54%)]	Loss: 2.304895
Train Epoch: 19 [28160/50000 (56%)]	Loss: 2.306457
Train Epoch: 19 [29440/50000 (59%)]	Loss: 2.303023
Train Epoch: 19 [30720/50000 (61%)]	Loss: 2.305408
Train Epoch: 19 [32000/50000 (64%)]	Loss: 2.305027
Train Epoch: 19 [33280/50000 (66%)]	Loss: 2.301146
Train Epoch: 19 [34560/50000 (69%)]	Loss: 2.303847
Train Epoch: 19 [35840/50000 (72%)]	Loss: 2.302603
Train Epoch: 19 [37120/50000 (74%)]	Loss: 2.307390
Train Epoch: 19 [38400/50000 (77%)]	Loss: 2.302394
Train Epoch: 19 [39680/50000 (79%)]	Loss: 2.301862
Train Epoch: 19 [40960/50000 (82%)]	Loss: 2.299120
Train Epoch: 19 [42240/50000 (84%)]	Loss: 2.303384
Train Epoch: 19 [43520/50000 (87%)]	Loss: 2.302098
Train Epoch: 19 [44800/50000 (90%)]	Loss: 2.304595
Train Epoch: 19 [46080/50000 (92%)]	Loss: 2.302327
Train Epoch: 19 [47360/50000 (95%)]	Loss: 2.301041
Train Epoch: 19 [48640/50000 (97%)]	Loss: 2.302903
Train Epoch: 19 [31200/50000 (100%)]	Loss: 2.306579
Test Epoch: 19, Average loss: 2.3030, Accuracy: 1000/10000 (10.0000%)
Train Epoch: 20 [0/50000 (0%)]	Loss: 2.298447
Train Epoch: 20 [1280/50000 (3%)]	Loss: 2.303741
Train Epoch: 20 [2560/50000 (5%)]	Loss: 2.304481
Train Epoch: 20 [3840/50000 (8%)]	Loss: 2.303590
Train Epoch: 20 [5120/50000 (10%)]	Loss: 2.306045
Train Epoch: 20 [6400/50000 (13%)]	Loss: 2.305177
Train Epoch: 20 [7680/50000 (15%)]	Loss: 2.306941
Train Epoch: 20 [8960/50000 (18%)]	Loss: 2.306271
Train Epoch: 20 [10240/50000 (20%)]	Loss: 2.295704
Train Epoch: 20 [11520/50000 (23%)]	Loss: 2.312513
Train Epoch: 20 [12800/50000 (26%)]	Loss: 2.313219
Train Epoch: 20 [14080/50000 (28%)]	Loss: 2.313419
Train Epoch: 20 [15360/50000 (31%)]	Loss: 2.302314
Train Epoch: 20 [16640/50000 (33%)]	Loss: 2.299679
Train Epoch: 20 [17920/50000 (36%)]	Loss: 2.301468
Train Epoch: 20 [19200/50000 (38%)]	Loss: 2.307521
Train Epoch: 20 [20480/50000 (41%)]	Loss: 2.299657
Train Epoch: 20 [21760/50000 (43%)]	Loss: 2.305224
Train Epoch: 20 [23040/50000 (46%)]	Loss: 2.303937
Train Epoch: 20 [24320/50000 (49%)]	Loss: 2.301823
Train Epoch: 20 [25600/50000 (51%)]	Loss: 2.305169
Train Epoch: 20 [26880/50000 (54%)]	Loss: 2.308816
Train Epoch: 20 [28160/50000 (56%)]	Loss: 2.308554
Train Epoch: 20 [29440/50000 (59%)]	Loss: 2.300771
Train Epoch: 20 [30720/50000 (61%)]	Loss: 2.302792
Train Epoch: 20 [32000/50000 (64%)]	Loss: 2.303952
Train Epoch: 20 [33280/50000 (66%)]	Loss: 2.306278
Train Epoch: 20 [34560/50000 (69%)]	Loss: 2.301053
Train Epoch: 20 [35840/50000 (72%)]	Loss: 2.304490
Train Epoch: 20 [37120/50000 (74%)]	Loss: 2.302442
Train Epoch: 20 [38400/50000 (77%)]	Loss: 2.308174
Train Epoch: 20 [39680/50000 (79%)]	Loss: 2.299872
Train Epoch: 20 [40960/50000 (82%)]	Loss: 2.304410
Train Epoch: 20 [42240/50000 (84%)]	Loss: 2.304192
Train Epoch: 20 [43520/50000 (87%)]	Loss: 2.303578
Train Epoch: 20 [44800/50000 (90%)]	Loss: 2.304245
Train Epoch: 20 [46080/50000 (92%)]	Loss: 2.304699
Train Epoch: 20 [47360/50000 (95%)]	Loss: 2.303111
Train Epoch: 20 [48640/50000 (97%)]	Loss: 2.304034
Train Epoch: 20 [31200/50000 (100%)]	Loss: 2.302137
Test Epoch: 20, Average loss: 2.3028, Accuracy: 1000/10000 (10.0000%)
Train Epoch: 21 [0/50000 (0%)]	Loss: 2.301347
Train Epoch: 21 [1280/50000 (3%)]	Loss: 2.303138
Train Epoch: 21 [2560/50000 (5%)]	Loss: 2.303457
Train Epoch: 21 [3840/50000 (8%)]	Loss: 2.303424
Train Epoch: 21 [5120/50000 (10%)]	Loss: 2.300471
Train Epoch: 21 [6400/50000 (13%)]	Loss: 2.302005
Train Epoch: 21 [7680/50000 (15%)]	Loss: 2.315919
Train Epoch: 21 [8960/50000 (18%)]	Loss: 2.300936
Train Epoch: 21 [10240/50000 (20%)]	Loss: 2.304133
Train Epoch: 21 [11520/50000 (23%)]	Loss: 2.304672
Train Epoch: 21 [12800/50000 (26%)]	Loss: 2.299403
Train Epoch: 21 [14080/50000 (28%)]	Loss: 2.301430
Train Epoch: 21 [15360/50000 (31%)]	Loss: 2.316460
Train Epoch: 21 [16640/50000 (33%)]	Loss: 2.304769
Train Epoch: 21 [17920/50000 (36%)]	Loss: 2.305843
Train Epoch: 21 [19200/50000 (38%)]	Loss: 2.316554
Train Epoch: 21 [20480/50000 (41%)]	Loss: 2.308697
Train Epoch: 21 [21760/50000 (43%)]	Loss: 2.303123
Train Epoch: 21 [23040/50000 (46%)]	Loss: 2.303941
Train Epoch: 21 [24320/50000 (49%)]	Loss: 2.304103
Train Epoch: 21 [25600/50000 (51%)]	Loss: 2.302820
Train Epoch: 21 [26880/50000 (54%)]	Loss: 2.297744
Train Epoch: 21 [28160/50000 (56%)]	Loss: 2.300715
Train Epoch: 21 [29440/50000 (59%)]	Loss: 2.299349
Train Epoch: 21 [30720/50000 (61%)]	Loss: 2.304657
Train Epoch: 21 [32000/50000 (64%)]	Loss: 2.301532
Train Epoch: 21 [33280/50000 (66%)]	Loss: 2.310621
Train Epoch: 21 [34560/50000 (69%)]	Loss: 2.308682
Train Epoch: 21 [35840/50000 (72%)]	Loss: 2.309666
Train Epoch: 21 [37120/50000 (74%)]	Loss: 2.302831
Train Epoch: 21 [38400/50000 (77%)]	Loss: 2.302886
Train Epoch: 21 [39680/50000 (79%)]	Loss: 2.300351
Train Epoch: 21 [40960/50000 (82%)]	Loss: 2.304178
Train Epoch: 21 [42240/50000 (84%)]	Loss: 2.302304
Train Epoch: 21 [43520/50000 (87%)]	Loss: 2.304169
Train Epoch: 21 [44800/50000 (90%)]	Loss: 2.302772
Train Epoch: 21 [46080/50000 (92%)]	Loss: 2.299907
Train Epoch: 21 [47360/50000 (95%)]	Loss: 2.301404
Train Epoch: 21 [48640/50000 (97%)]	Loss: 2.302560
Train Epoch: 21 [31200/50000 (100%)]	Loss: 2.302763
Test Epoch: 21, Average loss: 2.3030, Accuracy: 1000/10000 (10.0000%)
Train Epoch: 22 [0/50000 (0%)]	Loss: 2.302582
Train Epoch: 22 [1280/50000 (3%)]	Loss: 2.304052
Train Epoch: 22 [2560/50000 (5%)]	Loss: 2.302358
Train Epoch: 22 [3840/50000 (8%)]	Loss: 2.306229
Train Epoch: 22 [5120/50000 (10%)]	Loss: 2.300915
Train Epoch: 22 [6400/50000 (13%)]	Loss: 2.305020
Train Epoch: 22 [7680/50000 (15%)]	Loss: 2.302676
Train Epoch: 22 [8960/50000 (18%)]	Loss: 2.305597
Train Epoch: 22 [10240/50000 (20%)]	Loss: 2.302360
Train Epoch: 22 [11520/50000 (23%)]	Loss: 2.307330
Train Epoch: 22 [12800/50000 (26%)]	Loss: 2.307263
Train Epoch: 22 [14080/50000 (28%)]	Loss: 2.303437
Train Epoch: 22 [15360/50000 (31%)]	Loss: 2.301616
Train Epoch: 22 [16640/50000 (33%)]	Loss: 2.302759
Train Epoch: 22 [17920/50000 (36%)]	Loss: 2.303960
Train Epoch: 22 [19200/50000 (38%)]	Loss: 2.304731
Train Epoch: 22 [20480/50000 (41%)]	Loss: 2.300283
Train Epoch: 22 [21760/50000 (43%)]	Loss: 2.302715
Train Epoch: 22 [23040/50000 (46%)]	Loss: 2.312245
Train Epoch: 22 [24320/50000 (49%)]	Loss: 2.310189
Train Epoch: 22 [25600/50000 (51%)]	Loss: 2.300337
Train Epoch: 22 [26880/50000 (54%)]	Loss: 2.306708
Train Epoch: 22 [28160/50000 (56%)]	Loss: 2.298322
Train Epoch: 22 [29440/50000 (59%)]	Loss: 2.303546
Train Epoch: 22 [30720/50000 (61%)]	Loss: 2.319897
Train Epoch: 22 [32000/50000 (64%)]	Loss: 2.314485
Train Epoch: 22 [33280/50000 (66%)]	Loss: 2.296059
Train Epoch: 22 [34560/50000 (69%)]	Loss: 2.304717
Train Epoch: 22 [35840/50000 (72%)]	Loss: 2.301431
Train Epoch: 22 [37120/50000 (74%)]	Loss: 2.302819
Train Epoch: 22 [38400/50000 (77%)]	Loss: 2.297217
Train Epoch: 22 [39680/50000 (79%)]	Loss: 2.306815
Train Epoch: 22 [40960/50000 (82%)]	Loss: 2.291006
Train Epoch: 22 [42240/50000 (84%)]	Loss: 2.308980
Train Epoch: 22 [43520/50000 (87%)]	Loss: 2.305654
Train Epoch: 22 [44800/50000 (90%)]	Loss: 2.313907
Train Epoch: 22 [46080/50000 (92%)]	Loss: 2.402606
Train Epoch: 22 [47360/50000 (95%)]	Loss: 26.676977
Train Epoch: 22 [48640/50000 (97%)]	Loss: 2.368668
Train Epoch: 22 [31200/50000 (100%)]	Loss: 2.409011
Test Epoch: 22, Average loss: 2.3442, Accuracy: 1000/10000 (10.0000%)
Train Epoch: 23 [0/50000 (0%)]	Loss: 2.303329
Train Epoch: 23 [1280/50000 (3%)]	Loss: 2.318300
Train Epoch: 23 [2560/50000 (5%)]	Loss: 2.306147
Train Epoch: 23 [3840/50000 (8%)]	Loss: 2.315663
Train Epoch: 23 [5120/50000 (10%)]	Loss: 2.422853
Train Epoch: 23 [6400/50000 (13%)]	Loss: 2.302204
Train Epoch: 23 [7680/50000 (15%)]	Loss: 2.296613
Train Epoch: 23 [8960/50000 (18%)]	Loss: 2.306766
Train Epoch: 23 [10240/50000 (20%)]	Loss: 2.310153
Train Epoch: 23 [11520/50000 (23%)]	Loss: 2.302432
Train Epoch: 23 [12800/50000 (26%)]	Loss: 2.304128
Train Epoch: 23 [14080/50000 (28%)]	Loss: 2.301179
Train Epoch: 23 [15360/50000 (31%)]	Loss: 2.294674
Train Epoch: 23 [16640/50000 (33%)]	Loss: 2.309455
Train Epoch: 23 [17920/50000 (36%)]	Loss: 2.302045
Train Epoch: 23 [19200/50000 (38%)]	Loss: 2.302670
Train Epoch: 23 [20480/50000 (41%)]	Loss: 2.301979
Train Epoch: 23 [21760/50000 (43%)]	Loss: 2.303071
Train Epoch: 23 [23040/50000 (46%)]	Loss: 2.304733
Train Epoch: 23 [24320/50000 (49%)]	Loss: 2.299925
Train Epoch: 23 [25600/50000 (51%)]	Loss: 2.304005
Train Epoch: 23 [26880/50000 (54%)]	Loss: 2.303603
Train Epoch: 23 [28160/50000 (56%)]	Loss: 2.305885
Train Epoch: 23 [29440/50000 (59%)]	Loss: 2.304157
Train Epoch: 23 [30720/50000 (61%)]	Loss: 2.303657
Train Epoch: 23 [32000/50000 (64%)]	Loss: 2.304337
Train Epoch: 23 [33280/50000 (66%)]	Loss: 2.296727
Train Epoch: 23 [34560/50000 (69%)]	Loss: 2.298103
Train Epoch: 23 [35840/50000 (72%)]	Loss: 2.301111
Train Epoch: 23 [37120/50000 (74%)]	Loss: 2.305783
Train Epoch: 23 [38400/50000 (77%)]	Loss: 2.304390
Train Epoch: 23 [39680/50000 (79%)]	Loss: 2.300503
Train Epoch: 23 [40960/50000 (82%)]	Loss: 2.302848
Train Epoch: 23 [42240/50000 (84%)]	Loss: 2.313997
Train Epoch: 23 [43520/50000 (87%)]	Loss: 2.356275
Train Epoch: 23 [44800/50000 (90%)]	Loss: 2.301519
Train Epoch: 23 [46080/50000 (92%)]	Loss: 2.314912
Train Epoch: 23 [47360/50000 (95%)]	Loss: 2.306657
Train Epoch: 23 [48640/50000 (97%)]	Loss: 2.294449
Train Epoch: 23 [31200/50000 (100%)]	Loss: 2.300745
Test Epoch: 23, Average loss: 2.3101, Accuracy: 1000/10000 (10.0000%)
Train Epoch: 24 [0/50000 (0%)]	Loss: 2.296477
Train Epoch: 24 [1280/50000 (3%)]	Loss: 2.305645
Train Epoch: 24 [2560/50000 (5%)]	Loss: 2.287407
Train Epoch: 24 [3840/50000 (8%)]	Loss: 2.301968
Train Epoch: 24 [5120/50000 (10%)]	Loss: 2.297719
Train Epoch: 24 [6400/50000 (13%)]	Loss: 2.301975
Train Epoch: 24 [7680/50000 (15%)]	Loss: 2.303618
Train Epoch: 24 [8960/50000 (18%)]	Loss: 2.301840
Train Epoch: 24 [10240/50000 (20%)]	Loss: 2.303055
Train Epoch: 24 [11520/50000 (23%)]	Loss: 2.303036
Train Epoch: 24 [12800/50000 (26%)]	Loss: 2.301420
Train Epoch: 24 [14080/50000 (28%)]	Loss: 2.307779
Train Epoch: 24 [15360/50000 (31%)]	Loss: 2.304340
Train Epoch: 24 [16640/50000 (33%)]	Loss: 2.304458
Train Epoch: 24 [17920/50000 (36%)]	Loss: 2.303891
Train Epoch: 24 [19200/50000 (38%)]	Loss: 2.303281
Train Epoch: 24 [20480/50000 (41%)]	Loss: 2.306629
Train Epoch: 24 [21760/50000 (43%)]	Loss: 2.302121
Train Epoch: 24 [23040/50000 (46%)]	Loss: 2.302062
Train Epoch: 24 [24320/50000 (49%)]	Loss: 2.312323
Train Epoch: 24 [25600/50000 (51%)]	Loss: 2.301902
Train Epoch: 24 [26880/50000 (54%)]	Loss: 2.306659
Train Epoch: 24 [28160/50000 (56%)]	Loss: 2.306098
Train Epoch: 24 [29440/50000 (59%)]	Loss: 2.301108
Train Epoch: 24 [30720/50000 (61%)]	Loss: 2.306412
Train Epoch: 24 [32000/50000 (64%)]	Loss: 2.302397
Train Epoch: 24 [33280/50000 (66%)]	Loss: 2.300740
Train Epoch: 24 [34560/50000 (69%)]	Loss: 2.296465
Train Epoch: 24 [35840/50000 (72%)]	Loss: 2.303671
Train Epoch: 24 [37120/50000 (74%)]	Loss: 2.306489
Train Epoch: 24 [38400/50000 (77%)]	Loss: 2.302339
Train Epoch: 24 [39680/50000 (79%)]	Loss: 2.307574
Train Epoch: 24 [40960/50000 (82%)]	Loss: 2.293636
Train Epoch: 24 [42240/50000 (84%)]	Loss: 2.311424
Train Epoch: 24 [43520/50000 (87%)]	Loss: 2.301283
Train Epoch: 24 [44800/50000 (90%)]	Loss: 2.308419
Train Epoch: 24 [46080/50000 (92%)]	Loss: 2.306901
Train Epoch: 24 [47360/50000 (95%)]	Loss: 2.302998
Train Epoch: 24 [48640/50000 (97%)]	Loss: 2.312026
Train Epoch: 24 [31200/50000 (100%)]	Loss: 2.303017
Test Epoch: 24, Average loss: 2.3028, Accuracy: 1000/10000 (10.0000%)
Train Epoch: 25 [0/50000 (0%)]	Loss: 2.305292
Train Epoch: 25 [1280/50000 (3%)]	Loss: 2.300931
Train Epoch: 25 [2560/50000 (5%)]	Loss: 2.302998
Train Epoch: 25 [3840/50000 (8%)]	Loss: 2.301649
Train Epoch: 25 [5120/50000 (10%)]	Loss: 2.311313
Train Epoch: 25 [6400/50000 (13%)]	Loss: 2.303623
Train Epoch: 25 [7680/50000 (15%)]	Loss: 2.304285
Train Epoch: 25 [8960/50000 (18%)]	Loss: 2.302042
Train Epoch: 25 [10240/50000 (20%)]	Loss: 2.301437
Train Epoch: 25 [11520/50000 (23%)]	Loss: 2.320452
Train Epoch: 25 [12800/50000 (26%)]	Loss: 2.304282
Train Epoch: 25 [14080/50000 (28%)]	Loss: 2.303107
Train Epoch: 25 [15360/50000 (31%)]	Loss: 2.297624
Train Epoch: 25 [16640/50000 (33%)]	Loss: 2.305711
Train Epoch: 25 [17920/50000 (36%)]	Loss: 2.307041
Train Epoch: 25 [19200/50000 (38%)]	Loss: 2.304185
Train Epoch: 25 [20480/50000 (41%)]	Loss: 2.300763
Train Epoch: 25 [21760/50000 (43%)]	Loss: 2.306820
Train Epoch: 25 [23040/50000 (46%)]	Loss: 2.300325
Train Epoch: 25 [24320/50000 (49%)]	Loss: 2.305827
Train Epoch: 25 [25600/50000 (51%)]	Loss: 2.302712
Train Epoch: 25 [26880/50000 (54%)]	Loss: 2.304334
Train Epoch: 25 [28160/50000 (56%)]	Loss: 2.314214
Train Epoch: 25 [29440/50000 (59%)]	Loss: 2.303093
Train Epoch: 25 [30720/50000 (61%)]	Loss: 2.345776
Train Epoch: 25 [32000/50000 (64%)]	Loss: 2.308282
Train Epoch: 25 [33280/50000 (66%)]	Loss: 2.305753
Train Epoch: 25 [34560/50000 (69%)]	Loss: 2.312478
Train Epoch: 25 [35840/50000 (72%)]	Loss: 2.299398
Train Epoch: 25 [37120/50000 (74%)]	Loss: 74.394424
Train Epoch: 25 [38400/50000 (77%)]	Loss: 4.511533
Train Epoch: 25 [39680/50000 (79%)]	Loss: 9.254551
Train Epoch: 25 [40960/50000 (82%)]	Loss: 4.472970
Train Epoch: 25 [42240/50000 (84%)]	Loss: 2.382498
Train Epoch: 25 [43520/50000 (87%)]	Loss: 2.437995
Train Epoch: 25 [44800/50000 (90%)]	Loss: 2.415392
Train Epoch: 25 [46080/50000 (92%)]	Loss: 2.304088
Train Epoch: 25 [47360/50000 (95%)]	Loss: 2.385703
Train Epoch: 25 [48640/50000 (97%)]	Loss: 2.284749
Train Epoch: 25 [31200/50000 (100%)]	Loss: 2.316142
Test Epoch: 25, Average loss: 2.3061, Accuracy: 1000/10000 (10.0000%)
Train Epoch: 26 [0/50000 (0%)]	Loss: 2.305474
Train Epoch: 26 [1280/50000 (3%)]	Loss: 2.321298
Train Epoch: 26 [2560/50000 (5%)]	Loss: 2.294937
Train Epoch: 26 [3840/50000 (8%)]	Loss: 2.303733
Train Epoch: 26 [5120/50000 (10%)]	Loss: 2.301005
Train Epoch: 26 [6400/50000 (13%)]	Loss: 2.316530
Train Epoch: 26 [7680/50000 (15%)]	Loss: 2.339270
Train Epoch: 26 [8960/50000 (18%)]	Loss: 2.454325
Train Epoch: 26 [10240/50000 (20%)]	Loss: 2.425153
Train Epoch: 26 [11520/50000 (23%)]	Loss: 2.715959
Train Epoch: 26 [12800/50000 (26%)]	Loss: 2.343590
Train Epoch: 26 [14080/50000 (28%)]	Loss: 2.304405
Train Epoch: 26 [15360/50000 (31%)]	Loss: 2.310364
Train Epoch: 26 [16640/50000 (33%)]	Loss: 2.304738
Train Epoch: 26 [17920/50000 (36%)]	Loss: 2.481916
Train Epoch: 26 [19200/50000 (38%)]	Loss: 2.321079
Train Epoch: 26 [20480/50000 (41%)]	Loss: 2.295455
Train Epoch: 26 [21760/50000 (43%)]	Loss: 2.305713
Train Epoch: 26 [23040/50000 (46%)]	Loss: 2.315381
Train Epoch: 26 [24320/50000 (49%)]	Loss: 2.298129
Train Epoch: 26 [25600/50000 (51%)]	Loss: 2.337672
Train Epoch: 26 [26880/50000 (54%)]	Loss: 2.300623
Train Epoch: 26 [28160/50000 (56%)]	Loss: 2.305641
Train Epoch: 26 [29440/50000 (59%)]	Loss: 2.309309
Train Epoch: 26 [30720/50000 (61%)]	Loss: 2.316814
Train Epoch: 26 [32000/50000 (64%)]	Loss: 2.341697
Train Epoch: 26 [33280/50000 (66%)]	Loss: 2.482006
Train Epoch: 26 [34560/50000 (69%)]	Loss: 2.419361
Train Epoch: 26 [35840/50000 (72%)]	Loss: 2.350458
Train Epoch: 26 [37120/50000 (74%)]	Loss: 2.299508
Train Epoch: 26 [38400/50000 (77%)]	Loss: 2.374007
Train Epoch: 26 [39680/50000 (79%)]	Loss: 3.008911
Train Epoch: 26 [40960/50000 (82%)]	Loss: 2.321175
Train Epoch: 26 [42240/50000 (84%)]	Loss: 2.315609
Train Epoch: 26 [43520/50000 (87%)]	Loss: 2.360297
Train Epoch: 26 [44800/50000 (90%)]	Loss: 2.302077
Train Epoch: 26 [46080/50000 (92%)]	Loss: 4.300977
Train Epoch: 26 [47360/50000 (95%)]	Loss: 2.301583
Train Epoch: 26 [48640/50000 (97%)]	Loss: 2.310389
Train Epoch: 26 [31200/50000 (100%)]	Loss: 2.331419
Test Epoch: 26, Average loss: 2.3074, Accuracy: 1000/10000 (10.0000%)
Train Epoch: 27 [0/50000 (0%)]	Loss: 2.299390
Train Epoch: 27 [1280/50000 (3%)]	Loss: 2.299608
Train Epoch: 27 [2560/50000 (5%)]	Loss: 2.311618
Train Epoch: 27 [3840/50000 (8%)]	Loss: 2.307031
Train Epoch: 27 [5120/50000 (10%)]	Loss: 2.354157
Train Epoch: 27 [6400/50000 (13%)]	Loss: 68.962715
Train Epoch: 27 [7680/50000 (15%)]	Loss: 3.441593
Train Epoch: 27 [8960/50000 (18%)]	Loss: 9.920861
Train Epoch: 27 [10240/50000 (20%)]	Loss: 2.980176
Train Epoch: 27 [11520/50000 (23%)]	Loss: 2.304708
Train Epoch: 27 [12800/50000 (26%)]	Loss: 3.720805
Train Epoch: 27 [14080/50000 (28%)]	Loss: 3.304407
Train Epoch: 27 [15360/50000 (31%)]	Loss: 2.361165
Train Epoch: 27 [16640/50000 (33%)]	Loss: 2.555800
Train Epoch: 27 [17920/50000 (36%)]	Loss: 2.297047
Train Epoch: 27 [19200/50000 (38%)]	Loss: 2.298808
Train Epoch: 27 [20480/50000 (41%)]	Loss: 2.314007
Train Epoch: 27 [21760/50000 (43%)]	Loss: 2.296198
Train Epoch: 27 [23040/50000 (46%)]	Loss: 2.305442
Train Epoch: 27 [24320/50000 (49%)]	Loss: 5.791258
Train Epoch: 27 [25600/50000 (51%)]	Loss: 3.672898
Train Epoch: 27 [26880/50000 (54%)]	Loss: 10.134480
Train Epoch: 27 [28160/50000 (56%)]	Loss: 2.323133
Train Epoch: 27 [29440/50000 (59%)]	Loss: 2.299983
Train Epoch: 27 [30720/50000 (61%)]	Loss: 2.360848
Train Epoch: 27 [32000/50000 (64%)]	Loss: 3.243416
Train Epoch: 27 [33280/50000 (66%)]	Loss: 3.337229
Train Epoch: 27 [34560/50000 (69%)]	Loss: 2.316531
Train Epoch: 27 [35840/50000 (72%)]	Loss: 4.693892
Train Epoch: 27 [37120/50000 (74%)]	Loss: 2.309981
Train Epoch: 27 [38400/50000 (77%)]	Loss: 2.310125
Train Epoch: 27 [39680/50000 (79%)]	Loss: 2.299687
Train Epoch: 27 [40960/50000 (82%)]	Loss: 2.304150
Train Epoch: 27 [42240/50000 (84%)]	Loss: 2.298235
Train Epoch: 27 [43520/50000 (87%)]	Loss: 2.306749
Train Epoch: 27 [44800/50000 (90%)]	Loss: 2.302766
Train Epoch: 27 [46080/50000 (92%)]	Loss: 2.305336
Train Epoch: 27 [47360/50000 (95%)]	Loss: 2.303865
Train Epoch: 27 [48640/50000 (97%)]	Loss: 2.302264
Train Epoch: 27 [31200/50000 (100%)]	Loss: 2.301491
Test Epoch: 27, Average loss: 2.3029, Accuracy: 1000/10000 (10.0000%)
Train Epoch: 28 [0/50000 (0%)]	Loss: 2.304340
Train Epoch: 28 [1280/50000 (3%)]	Loss: 2.302615
Train Epoch: 28 [2560/50000 (5%)]	Loss: 2.302380
Train Epoch: 28 [3840/50000 (8%)]	Loss: 2.300946
Train Epoch: 28 [5120/50000 (10%)]	Loss: 2.318834
Train Epoch: 28 [6400/50000 (13%)]	Loss: 2.302929
Train Epoch: 28 [7680/50000 (15%)]	Loss: 2.305672
Train Epoch: 28 [8960/50000 (18%)]	Loss: 2.304059
Train Epoch: 28 [10240/50000 (20%)]	Loss: 2.302706
Train Epoch: 28 [11520/50000 (23%)]	Loss: 2.303490
Train Epoch: 28 [12800/50000 (26%)]	Loss: 2.340591
Train Epoch: 28 [14080/50000 (28%)]	Loss: 2.305579
Train Epoch: 28 [15360/50000 (31%)]	Loss: 2.286265
Train Epoch: 28 [16640/50000 (33%)]	Loss: 2.305215
Train Epoch: 28 [17920/50000 (36%)]	Loss: 2.330791
Train Epoch: 28 [19200/50000 (38%)]	Loss: 2.293374
Train Epoch: 28 [20480/50000 (41%)]	Loss: 2.306397
Train Epoch: 28 [21760/50000 (43%)]	Loss: 2.317291
Train Epoch: 28 [23040/50000 (46%)]	Loss: 2.312450
Train Epoch: 28 [24320/50000 (49%)]	Loss: 2.303943
Train Epoch: 28 [25600/50000 (51%)]	Loss: 2.302939
Train Epoch: 28 [26880/50000 (54%)]	Loss: 2.308002
Train Epoch: 28 [28160/50000 (56%)]	Loss: 2.304741
Train Epoch: 28 [29440/50000 (59%)]	Loss: 2.302963
Train Epoch: 28 [30720/50000 (61%)]	Loss: 2.305125
Train Epoch: 28 [32000/50000 (64%)]	Loss: 2.303299
Train Epoch: 28 [33280/50000 (66%)]	Loss: 2.305590
Train Epoch: 28 [34560/50000 (69%)]	Loss: 2.310845
Train Epoch: 28 [35840/50000 (72%)]	Loss: 2.302300
Train Epoch: 28 [37120/50000 (74%)]	Loss: 2.307550
Train Epoch: 28 [38400/50000 (77%)]	Loss: 2.307204
Train Epoch: 28 [39680/50000 (79%)]	Loss: 2.305228
Train Epoch: 28 [40960/50000 (82%)]	Loss: 2.299786
Train Epoch: 28 [42240/50000 (84%)]	Loss: 2.308221
Train Epoch: 28 [43520/50000 (87%)]	Loss: 2.300628
Train Epoch: 28 [44800/50000 (90%)]	Loss: 2.302412
Train Epoch: 28 [46080/50000 (92%)]	Loss: 2.302797
Train Epoch: 28 [47360/50000 (95%)]	Loss: 2.320210
Train Epoch: 28 [48640/50000 (97%)]	Loss: 2.329270
Train Epoch: 28 [31200/50000 (100%)]	Loss: 2.298021
Test Epoch: 28, Average loss: 2.3062, Accuracy: 1000/10000 (10.0000%)
Train Epoch: 29 [0/50000 (0%)]	Loss: 2.299697
Train Epoch: 29 [1280/50000 (3%)]	Loss: 2.332144
Train Epoch: 29 [2560/50000 (5%)]	Loss: 2.301183
Train Epoch: 29 [3840/50000 (8%)]	Loss: 2.320298
Train Epoch: 29 [5120/50000 (10%)]	Loss: 2.301742
Train Epoch: 29 [6400/50000 (13%)]	Loss: 2.308218
Train Epoch: 29 [7680/50000 (15%)]	Loss: 2.300004
Train Epoch: 29 [8960/50000 (18%)]	Loss: 2.305124
Train Epoch: 29 [10240/50000 (20%)]	Loss: 2.301306
Train Epoch: 29 [11520/50000 (23%)]	Loss: 2.297539
Train Epoch: 29 [12800/50000 (26%)]	Loss: 2.294829
Train Epoch: 29 [14080/50000 (28%)]	Loss: 2.305196
Train Epoch: 29 [15360/50000 (31%)]	Loss: 2.302685
Train Epoch: 29 [16640/50000 (33%)]	Loss: 2.314787
Train Epoch: 29 [17920/50000 (36%)]	Loss: 2.301594
Train Epoch: 29 [19200/50000 (38%)]	Loss: 2.308917
Train Epoch: 29 [20480/50000 (41%)]	Loss: 2.307059
Train Epoch: 29 [21760/50000 (43%)]	Loss: 2.301686
Train Epoch: 29 [23040/50000 (46%)]	Loss: 2.304408
Train Epoch: 29 [24320/50000 (49%)]	Loss: 2.299553
Train Epoch: 29 [25600/50000 (51%)]	Loss: 2.302166
Train Epoch: 29 [26880/50000 (54%)]	Loss: 2.304546
Train Epoch: 29 [28160/50000 (56%)]	Loss: 2.296313
Train Epoch: 29 [29440/50000 (59%)]	Loss: 2.302428
Train Epoch: 29 [30720/50000 (61%)]	Loss: 2.310324
Train Epoch: 29 [32000/50000 (64%)]	Loss: 2.311502
Train Epoch: 29 [33280/50000 (66%)]	Loss: 2.301907
Train Epoch: 29 [34560/50000 (69%)]	Loss: 2.304140
Train Epoch: 29 [35840/50000 (72%)]	Loss: 2.299196
Train Epoch: 29 [37120/50000 (74%)]	Loss: 2.325711
Train Epoch: 29 [38400/50000 (77%)]	Loss: 2.346345
Train Epoch: 29 [39680/50000 (79%)]	Loss: 2.318193
Train Epoch: 29 [40960/50000 (82%)]	Loss: 2.302299
Train Epoch: 29 [42240/50000 (84%)]	Loss: 2.287393
Train Epoch: 29 [43520/50000 (87%)]	Loss: 2.326385
Train Epoch: 29 [44800/50000 (90%)]	Loss: 2.298995
Train Epoch: 29 [46080/50000 (92%)]	Loss: 2.302837
Train Epoch: 29 [47360/50000 (95%)]	Loss: 2.305569
Train Epoch: 29 [48640/50000 (97%)]	Loss: 2.300561
Train Epoch: 29 [31200/50000 (100%)]	Loss: 2.299204
Test Epoch: 29, Average loss: 2.3743, Accuracy: 1000/10000 (10.0000%)
Train Epoch: 30 [0/50000 (0%)]	Loss: 2.306618
Train Epoch: 30 [1280/50000 (3%)]	Loss: 2.320133
Train Epoch: 30 [2560/50000 (5%)]	Loss: 2.314807
Train Epoch: 30 [3840/50000 (8%)]	Loss: 5.077186
Train Epoch: 30 [5120/50000 (10%)]	Loss: 8.848482
Train Epoch: 30 [6400/50000 (13%)]	Loss: 4.472213
Train Epoch: 30 [7680/50000 (15%)]	Loss: 2.349517
Train Epoch: 30 [8960/50000 (18%)]	Loss: 3.360349
Train Epoch: 30 [10240/50000 (20%)]	Loss: 2.327147
Train Epoch: 30 [11520/50000 (23%)]	Loss: 2.328345
Train Epoch: 30 [12800/50000 (26%)]	Loss: 2.295895
Train Epoch: 30 [14080/50000 (28%)]	Loss: 2.275676
Train Epoch: 30 [15360/50000 (31%)]	Loss: 2.283648
Train Epoch: 30 [16640/50000 (33%)]	Loss: 2.332737
Train Epoch: 30 [17920/50000 (36%)]	Loss: 2.304698
Train Epoch: 30 [19200/50000 (38%)]	Loss: 2.308277
Train Epoch: 30 [20480/50000 (41%)]	Loss: 2.306037
Train Epoch: 30 [21760/50000 (43%)]	Loss: 2.301220
Train Epoch: 30 [23040/50000 (46%)]	Loss: 2.301358
Train Epoch: 30 [24320/50000 (49%)]	Loss: 2.313763
Train Epoch: 30 [25600/50000 (51%)]	Loss: 2.304904
Train Epoch: 30 [26880/50000 (54%)]	Loss: 2.313581
Train Epoch: 30 [28160/50000 (56%)]	Loss: 2.306566
Train Epoch: 30 [29440/50000 (59%)]	Loss: 2.315063
Train Epoch: 30 [30720/50000 (61%)]	Loss: 2.287431
Train Epoch: 30 [32000/50000 (64%)]	Loss: 2.310015
Train Epoch: 30 [33280/50000 (66%)]	Loss: 2.303030
Train Epoch: 30 [34560/50000 (69%)]	Loss: 2.323430
Train Epoch: 30 [35840/50000 (72%)]	Loss: 2.678732
Train Epoch: 30 [37120/50000 (74%)]	Loss: 2.448594
Train Epoch: 30 [38400/50000 (77%)]	Loss: 2.311509
Train Epoch: 30 [39680/50000 (79%)]	Loss: 2.303189
Train Epoch: 30 [40960/50000 (82%)]	Loss: 2.336608
Train Epoch: 30 [42240/50000 (84%)]	Loss: 2.295026
Train Epoch: 30 [43520/50000 (87%)]	Loss: 2.311131
Train Epoch: 30 [44800/50000 (90%)]	Loss: 2.298335
Train Epoch: 30 [46080/50000 (92%)]	Loss: 2.305240
Train Epoch: 30 [47360/50000 (95%)]	Loss: 2.324569
Train Epoch: 30 [48640/50000 (97%)]	Loss: 2.305017
Train Epoch: 30 [31200/50000 (100%)]	Loss: 2.308360
Test Epoch: 30, Average loss: 2.3034, Accuracy: 1000/10000 (10.0000%)
Running plot04
